# JRE version: OpenJDK Runtime Environment (17.0.6) (build 17.0.6+0-b2043.56-10027231)
# Java VM: OpenJDK 64-Bit Server VM (17.0.6+0-b2043.56-10027231, mixed mode, tiered, compressed oops, compressed class ptrs, g1 gc, windows-amd64)
GC Precious Log:
 CPUs: 12 total, 12 available
 Memory: 16016M
 Large Page Support: Disabled
 NUMA Support: Disabled
 Compressed Oops: Enabled (32-bit)
 Heap Region Size: 1M
 Heap Min Capacity: 8M
 Heap Initial Capacity: 252M
 Heap Max Capacity: 2G
 Pre-touch: Disabled
 Parallel Workers: 10
 Concurrent Workers: 3
 Concurrent Refinement Workers: 10
 Periodic GC: Disabled
Heap:
 garbage-first heap   total 149504K, used 102971K [0x0000000080000000, 0x0000000100000000)
  region size 1024K, 5 young (5120K), 5 survivors (5120K)
 Metaspace       used 96597K, committed 97280K, reserved 1138688K
  class space    used 13183K, committed 13504K, reserved 1048576K
GC Heap History (20 events):
Event: 13.440 GC heap after
{Heap after GC invocations=29 (full 0):
 garbage-first heap   total 122880K, used 60006K [0x0000000080000000, 0x0000000100000000)
  region size 1024K, 6 young (6144K), 6 survivors (6144K)
 Metaspace       used 81110K, committed 81664K, reserved 1122304K
  class space    used 11086K, committed 11328K, reserved 1048576K
}
Event: 20.339 GC heap before
{Heap before GC invocations=29 (full 0):
 garbage-first heap   total 122880K, used 95846K [0x0000000080000000, 0x0000000100000000)
  region size 1024K, 41 young (41984K), 6 survivors (6144K)
 Metaspace       used 82696K, committed 83328K, reserved 1122304K
  class space    used 11329K, committed 11648K, reserved 1048576K
}
Event: 20.348 GC heap after
{Heap after GC invocations=30 (full 0):
 garbage-first heap   total 122880K, used 62718K [0x0000000080000000, 0x0000000100000000)
  region size 1024K, 3 young (3072K), 3 survivors (3072K)
 Metaspace       used 82696K, committed 83328K, reserved 1122304K
  class space    used 11329K, committed 11648K, reserved 1048576K
}
Event: 21.165 GC heap before
{Heap before GC invocations=31 (full 0):
 garbage-first heap   total 122880K, used 96510K [0x0000000080000000, 0x0000000100000000)
  region size 1024K, 37 young (37888K), 3 survivors (3072K)
 Metaspace       used 84249K, committed 84864K, reserved 1122304K
  class space    used 11527K, committed 11840K, reserved 1048576K
}
Event: 21.178 GC heap after
{Heap after GC invocations=32 (full 0):
 garbage-first heap   total 122880K, used 65661K [0x0000000080000000, 0x0000000100000000)
  region size 1024K, 5 young (5120K), 5 survivors (5120K)
 Metaspace       used 84249K, committed 84864K, reserved 1122304K
  class space    used 11527K, committed 11840K, reserved 1048576K
}
Event: 21.199 GC heap before
{Heap before GC invocations=32 (full 0):
 garbage-first heap   total 122880K, used 66685K [0x0000000080000000, 0x0000000100000000)
  region size 1024K, 6 young (6144K), 5 survivors (5120K)
 Metaspace       used 84283K, committed 84928K, reserved 1122304K
  class space    used 11532K, committed 11840K, reserved 1048576K
}
Event: 21.207 GC heap after
{Heap after GC invocations=33 (full 0):
 garbage-first heap   total 147456K, used 66477K [0x0000000080000000, 0x0000000100000000)
  region size 1024K, 1 young (1024K), 1 survivors (1024K)
 Metaspace       used 84283K, committed 84928K, reserved 1122304K
  class space    used 11532K, committed 11840K, reserved 1048576K
}
Event: 22.460 GC heap before
{Heap before GC invocations=33 (full 0):
 garbage-first heap   total 147456K, used 116653K [0x0000000080000000, 0x0000000100000000)
  region size 1024K, 50 young (51200K), 1 survivors (1024K)
 Metaspace       used 89770K, committed 90432K, reserved 1130496K
  class space    used 12329K, committed 12672K, reserved 1048576K
}
Event: 22.466 GC heap after
{Heap after GC invocations=34 (full 0):
 garbage-first heap   total 147456K, used 69757K [0x0000000080000000, 0x0000000100000000)
  region size 1024K, 4 young (4096K), 4 survivors (4096K)
 Metaspace       used 89770K, committed 90432K, reserved 1130496K
  class space    used 12329K, committed 12672K, reserved 1048576K
}
Event: 23.162 GC heap before
{Heap before GC invocations=35 (full 0):
 garbage-first heap   total 147456K, used 116861K [0x0000000080000000, 0x0000000100000000)
  region size 1024K, 50 young (51200K), 4 survivors (4096K)
 Metaspace       used 91883K, committed 92544K, reserved 1130496K
  class space    used 12504K, committed 12800K, reserved 1048576K
}
Event: 23.173 GC heap after
{Heap after GC invocations=36 (full 0):
 garbage-first heap   total 147456K, used 76116K [0x0000000080000000, 0x0000000100000000)
  region size 1024K, 7 young (7168K), 7 survivors (7168K)
 Metaspace       used 91883K, committed 92544K, reserved 1130496K
  class space    used 12504K, committed 12800K, reserved 1048576K
}
Event: 23.231 GC heap before
{Heap before GC invocations=36 (full 0):
 garbage-first heap   total 147456K, used 77140K [0x0000000080000000, 0x0000000100000000)
  region size 1024K, 8 young (8192K), 7 survivors (7168K)
 Metaspace       used 92082K, committed 92736K, reserved 1130496K
  class space    used 12531K, committed 12864K, reserved 1048576K
}
Event: 23.240 GC heap after
{Heap after GC invocations=37 (full 0):
 garbage-first heap   total 147456K, used 75530K [0x0000000080000000, 0x0000000100000000)
  region size 1024K, 1 young (1024K), 1 survivors (1024K)
 Metaspace       used 92082K, committed 92736K, reserved 1130496K
  class space    used 12531K, committed 12864K, reserved 1048576K
}
Event: 24.109 GC heap before
{Heap before GC invocations=37 (full 0):
 garbage-first heap   total 147456K, used 116490K [0x0000000080000000, 0x0000000100000000)
  region size 1024K, 42 young (43008K), 1 survivors (1024K)
 Metaspace       used 93330K, committed 94080K, reserved 1130496K
  class space    used 12814K, committed 13184K, reserved 1048576K
}
Event: 24.115 GC heap after
{Heap after GC invocations=38 (full 0):
 garbage-first heap   total 147456K, used 78358K [0x0000000080000000, 0x0000000100000000)
  region size 1024K, 4 young (4096K), 4 survivors (4096K)
 Metaspace       used 93330K, committed 94080K, reserved 1130496K
  class space    used 12814K, committed 13184K, reserved 1048576K
}
Event: 25.071 GC heap before
{Heap before GC invocations=39 (full 0):
 garbage-first heap   total 147456K, used 118294K [0x0000000080000000, 0x0000000100000000)
  region size 1024K, 44 young (45056K), 4 survivors (4096K)
 Metaspace       used 96400K, committed 97088K, reserved 1138688K
  class space    used 13182K, committed 13504K, reserved 1048576K
}
Event: 25.079 GC heap after
{Heap after GC invocations=40 (full 0):
 garbage-first heap   total 147456K, used 82030K [0x0000000080000000, 0x0000000100000000)
  region size 1024K, 4 young (4096K), 4 survivors (4096K)
 Metaspace       used 96400K, committed 97088K, reserved 1138688K
  class space    used 13182K, committed 13504K, reserved 1048576K
}
Event: 25.179 GC heap before
{Heap before GC invocations=40 (full 0):
 garbage-first heap   total 147456K, used 84078K [0x0000000080000000, 0x0000000100000000)
  region size 1024K, 7 young (7168K), 4 survivors (4096K)
 Metaspace       used 96441K, committed 97152K, reserved 1138688K
  class space    used 13183K, committed 13504K, reserved 1048576K
}
Event: 25.189 GC heap after
{Heap after GC invocations=41 (full 0):
 garbage-first heap   total 147456K, used 81581K [0x0000000080000000, 0x0000000100000000)
  region size 1024K, 1 young (1024K), 1 survivors (1024K)
 Metaspace       used 96441K, committed 97152K, reserved 1138688K
  class space    used 13183K, committed 13504K, reserved 1048576K
}
Event: 26.011 GC heap before
{Heap before GC invocations=41 (full 0):
 garbage-first heap   total 147456K, used 127661K [0x0000000080000000, 0x0000000100000000)
  region size 1024K, 38 young (38912K), 1 survivors (1024K)
 Metaspace       used 96597K, committed 97280K, reserved 1138688K
  class space    used 13183K, committed 13504K, reserved 1048576K
}

