# JRE version: OpenJDK Runtime Environment (17.0.6) (build 17.0.6+0-b2043.56-10027231)
# Java VM: OpenJDK 64-Bit Server VM (17.0.6+0-b2043.56-10027231, mixed mode, tiered, compressed oops, compressed class ptrs, g1 gc, windows-amd64)
GC Precious Log:
 CPUs: 12 total, 12 available
 Memory: 16016M
 Large Page Support: Disabled
 NUMA Support: Disabled
 Compressed Oops: Enabled (32-bit)
 Heap Region Size: 1M
 Heap Min Capacity: 8M
 Heap Initial Capacity: 252M
 Heap Max Capacity: 2G
 Pre-touch: Disabled
 Parallel Workers: 10
 Concurrent Workers: 3
 Concurrent Refinement Workers: 10
 Periodic GC: Disabled
Heap:
 garbage-first heap   total 258048K, used 128740K [0x0000000080000000, 0x0000000100000000)
  region size 1024K, 2 young (2048K), 2 survivors (2048K)
 Metaspace       used 93032K, committed 93824K, reserved 1130496K
  class space    used 12744K, committed 13120K, reserved 1048576K
GC Heap History (20 events):
Event: 16.272 GC heap after
{Heap after GC invocations=34 (full 0):
 garbage-first heap   total 169984K, used 82678K [0x0000000080000000, 0x0000000100000000)
  region size 1024K, 4 young (4096K), 4 survivors (4096K)
 Metaspace       used 63238K, committed 63872K, reserved 1105920K
  class space    used 8471K, committed 8768K, reserved 1048576K
}
Event: 18.016 GC heap before
{Heap before GC invocations=35 (full 0):
 garbage-first heap   total 169984K, used 121590K [0x0000000080000000, 0x0000000100000000)
  region size 1024K, 41 young (41984K), 4 survivors (4096K)
 Metaspace       used 68675K, committed 69312K, reserved 1114112K
  class space    used 9145K, committed 9472K, reserved 1048576K
}
Event: 18.019 GC heap after
{Heap after GC invocations=36 (full 0):
 garbage-first heap   total 169984K, used 84538K [0x0000000080000000, 0x0000000100000000)
  region size 1024K, 5 young (5120K), 5 survivors (5120K)
 Metaspace       used 68675K, committed 69312K, reserved 1114112K
  class space    used 9145K, committed 9472K, reserved 1048576K
}
Event: 18.324 GC heap before
{Heap before GC invocations=36 (full 0):
 garbage-first heap   total 169984K, used 108090K [0x0000000080000000, 0x0000000100000000)
  region size 1024K, 29 young (29696K), 5 survivors (5120K)
 Metaspace       used 72018K, committed 72768K, reserved 1114112K
  class space    used 9620K, committed 9984K, reserved 1048576K
}
Event: 18.328 GC heap after
{Heap after GC invocations=37 (full 0):
 garbage-first heap   total 169984K, used 87228K [0x0000000080000000, 0x0000000100000000)
  region size 1024K, 5 young (5120K), 5 survivors (5120K)
 Metaspace       used 72018K, committed 72768K, reserved 1114112K
  class space    used 9620K, committed 9984K, reserved 1048576K
}
Event: 18.592 GC heap before
{Heap before GC invocations=38 (full 0):
 garbage-first heap   total 171008K, used 133308K [0x0000000080000000, 0x0000000100000000)
  region size 1024K, 44 young (45056K), 5 survivors (5120K)
 Metaspace       used 74624K, committed 75328K, reserved 1114112K
  class space    used 9969K, committed 10304K, reserved 1048576K
}
Event: 18.596 GC heap after
{Heap after GC invocations=39 (full 0):
 garbage-first heap   total 171008K, used 90779K [0x0000000080000000, 0x0000000100000000)
  region size 1024K, 6 young (6144K), 6 survivors (6144K)
 Metaspace       used 74624K, committed 75328K, reserved 1114112K
  class space    used 9969K, committed 10304K, reserved 1048576K
}
Event: 18.993 GC heap before
{Heap before GC invocations=39 (full 0):
 garbage-first heap   total 171008K, used 129691K [0x0000000080000000, 0x0000000100000000)
  region size 1024K, 44 young (45056K), 6 survivors (6144K)
 Metaspace       used 79682K, committed 80384K, reserved 1122304K
  class space    used 10658K, committed 11008K, reserved 1048576K
}
Event: 18.999 GC heap after
{Heap after GC invocations=40 (full 0):
 garbage-first heap   total 171008K, used 92734K [0x0000000080000000, 0x0000000100000000)
  region size 1024K, 3 young (3072K), 3 survivors (3072K)
 Metaspace       used 79682K, committed 80384K, reserved 1122304K
  class space    used 10658K, committed 11008K, reserved 1048576K
}
Event: 19.387 GC heap before
{Heap before GC invocations=41 (full 0):
 garbage-first heap   total 171008K, used 123454K [0x0000000080000000, 0x0000000100000000)
  region size 1024K, 34 young (34816K), 3 survivors (3072K)
 Metaspace       used 82195K, committed 82944K, reserved 1122304K
  class space    used 10998K, committed 11328K, reserved 1048576K
}
Event: 19.391 GC heap after
{Heap after GC invocations=42 (full 0):
 garbage-first heap   total 171008K, used 94831K [0x0000000080000000, 0x0000000100000000)
  region size 1024K, 5 young (5120K), 5 survivors (5120K)
 Metaspace       used 82195K, committed 82944K, reserved 1122304K
  class space    used 10998K, committed 11328K, reserved 1048576K
}
Event: 19.810 GC heap before
{Heap before GC invocations=43 (full 0):
 garbage-first heap   total 171008K, used 135791K [0x0000000080000000, 0x0000000100000000)
  region size 1024K, 44 young (45056K), 5 survivors (5120K)
 Metaspace       used 87001K, committed 87680K, reserved 1130496K
  class space    used 11849K, committed 12160K, reserved 1048576K
}
Event: 19.814 GC heap after
{Heap after GC invocations=44 (full 0):
 garbage-first heap   total 171008K, used 96743K [0x0000000080000000, 0x0000000100000000)
  region size 1024K, 5 young (5120K), 5 survivors (5120K)
 Metaspace       used 87001K, committed 87680K, reserved 1130496K
  class space    used 11849K, committed 12160K, reserved 1048576K
}
Event: 20.052 GC heap before
{Heap before GC invocations=44 (full 0):
 garbage-first heap   total 171008K, used 111079K [0x0000000080000000, 0x0000000100000000)
  region size 1024K, 20 young (20480K), 5 survivors (5120K)
 Metaspace       used 88812K, committed 89536K, reserved 1130496K
  class space    used 12107K, committed 12416K, reserved 1048576K
}
Event: 20.057 GC heap after
{Heap after GC invocations=45 (full 0):
 garbage-first heap   total 171008K, used 98217K [0x0000000080000000, 0x0000000100000000)
  region size 1024K, 4 young (4096K), 4 survivors (4096K)
 Metaspace       used 88812K, committed 89536K, reserved 1130496K
  class space    used 12107K, committed 12416K, reserved 1048576K
}
Event: 20.688 GC heap before
{Heap before GC invocations=46 (full 0):
 garbage-first heap   total 178176K, used 156585K [0x0000000080000000, 0x0000000100000000)
  region size 1024K, 40 young (40960K), 4 survivors (4096K)
 Metaspace       used 91889K, committed 92608K, reserved 1130496K
  class space    used 12577K, committed 12928K, reserved 1048576K
}
Event: 20.694 GC heap after
{Heap after GC invocations=47 (full 0):
 garbage-first heap   total 178176K, used 126661K [0x0000000080000000, 0x0000000100000000)
  region size 1024K, 5 young (5120K), 5 survivors (5120K)
 Metaspace       used 91889K, committed 92608K, reserved 1130496K
  class space    used 12577K, committed 12928K, reserved 1048576K
}
Event: 20.704 GC heap before
{Heap before GC invocations=47 (full 0):
 garbage-first heap   total 178176K, used 129733K [0x0000000080000000, 0x0000000100000000)
  region size 1024K, 8 young (8192K), 5 survivors (5120K)
 Metaspace       used 91925K, committed 92672K, reserved 1130496K
  class space    used 12581K, committed 12928K, reserved 1048576K
}
Event: 20.708 GC heap after
{Heap after GC invocations=48 (full 0):
 garbage-first heap   total 178176K, used 127410K [0x0000000080000000, 0x0000000100000000)
  region size 1024K, 1 young (1024K), 1 survivors (1024K)
 Metaspace       used 91925K, committed 92672K, reserved 1130496K
  class space    used 12581K, committed 12928K, reserved 1048576K
}
Event: 20.922 GC heap before
{Heap before GC invocations=48 (full 0):
 garbage-first heap   total 178176K, used 145842K [0x0000000080000000, 0x0000000100000000)
  region size 1024K, 21 young (21504K), 1 survivors (1024K)
 Metaspace       used 93032K, committed 93824K, reserved 1130496K
  class space    used 12744K, committed 13120K, reserved 1048576K
}

