# JRE version: OpenJDK Runtime Environment (17.0.6) (build 17.0.6+0-b2043.56-10027231)
# Java VM: OpenJDK 64-Bit Server VM (17.0.6+0-b2043.56-10027231, mixed mode, tiered, compressed oops, compressed class ptrs, g1 gc, windows-amd64)
GC Precious Log:
 CPUs: 12 total, 12 available
 Memory: 16016M
 Large Page Support: Disabled
 NUMA Support: Disabled
 Compressed Oops: Enabled (32-bit)
 Heap Region Size: 1M
 Heap Min Capacity: 8M
 Heap Initial Capacity: 252M
 Heap Max Capacity: 2G
 Pre-touch: Disabled
 Parallel Workers: 10
 Concurrent Workers: 3
 Concurrent Refinement Workers: 10
 Periodic GC: Disabled
Heap:
 garbage-first heap   total 215040K, used 130668K [0x0000000080000000, 0x0000000100000000)
  region size 1024K, 26 young (26624K), 1 survivors (1024K)
 Metaspace       used 126666K, committed 127424K, reserved 1163264K
  class space    used 17425K, committed 17792K, reserved 1048576K
GC Heap History (20 events):
Event: 15.696 GC heap before
{Heap before GC invocations=41 (full 0):
 garbage-first heap   total 187392K, used 140549K [0x0000000080000000, 0x0000000100000000)
  region size 1024K, 45 young (46080K), 3 survivors (3072K)
 Metaspace       used 103382K, committed 104128K, reserved 1146880K
  class space    used 14106K, committed 14464K, reserved 1048576K
}
Event: 15.699 GC heap after
{Heap after GC invocations=42 (full 0):
 garbage-first heap   total 187392K, used 100700K [0x0000000080000000, 0x0000000100000000)
  region size 1024K, 5 young (5120K), 5 survivors (5120K)
 Metaspace       used 103382K, committed 104128K, reserved 1146880K
  class space    used 14106K, committed 14464K, reserved 1048576K
}
Event: 15.779 GC heap before
{Heap before GC invocations=42 (full 0):
 garbage-first heap   total 187392K, used 103772K [0x0000000080000000, 0x0000000100000000)
  region size 1024K, 9 young (9216K), 5 survivors (5120K)
 Metaspace       used 104128K, committed 104896K, reserved 1146880K
  class space    used 14214K, committed 14592K, reserved 1048576K
}
Event: 15.781 GC heap after
{Heap after GC invocations=43 (full 0):
 garbage-first heap   total 187392K, used 99620K [0x0000000080000000, 0x0000000100000000)
  region size 1024K, 1 young (1024K), 1 survivors (1024K)
 Metaspace       used 104128K, committed 104896K, reserved 1146880K
  class space    used 14214K, committed 14592K, reserved 1048576K
}
Event: 16.554 GC heap before
{Heap before GC invocations=43 (full 0):
 garbage-first heap   total 187392K, used 143652K [0x0000000080000000, 0x0000000100000000)
  region size 1024K, 45 young (46080K), 1 survivors (1024K)
 Metaspace       used 115200K, committed 115968K, reserved 1155072K
  class space    used 15871K, committed 16256K, reserved 1048576K
}
Event: 16.558 GC heap after
{Heap after GC invocations=44 (full 0):
 garbage-first heap   total 187392K, used 101025K [0x0000000080000000, 0x0000000100000000)
  region size 1024K, 3 young (3072K), 3 survivors (3072K)
 Metaspace       used 115200K, committed 115968K, reserved 1155072K
  class space    used 15871K, committed 16256K, reserved 1048576K
}
Event: 17.494 GC heap before
{Heap before GC invocations=44 (full 0):
 garbage-first heap   total 187392K, used 164513K [0x0000000080000000, 0x0000000100000000)
  region size 1024K, 47 young (48128K), 3 survivors (3072K)
 Metaspace       used 120004K, committed 120832K, reserved 1155072K
  class space    used 16641K, committed 17024K, reserved 1048576K
}
Event: 17.499 GC heap after
{Heap after GC invocations=45 (full 0):
 garbage-first heap   total 187392K, used 125062K [0x0000000080000000, 0x0000000100000000)
  region size 1024K, 6 young (6144K), 6 survivors (6144K)
 Metaspace       used 120004K, committed 120832K, reserved 1155072K
  class space    used 16641K, committed 17024K, reserved 1048576K
}
Event: 582.228 GC heap before
{Heap before GC invocations=46 (full 0):
 garbage-first heap   total 215040K, used 157830K [0x0000000080000000, 0x0000000100000000)
  region size 1024K, 37 young (37888K), 6 survivors (6144K)
 Metaspace       used 120871K, committed 121600K, reserved 1155072K
  class space    used 16766K, committed 17088K, reserved 1048576K
}
Event: 582.253 GC heap after
{Heap after GC invocations=47 (full 0):
 garbage-first heap   total 215040K, used 103952K [0x0000000080000000, 0x0000000100000000)
  region size 1024K, 1 young (1024K), 1 survivors (1024K)
 Metaspace       used 120871K, committed 121600K, reserved 1155072K
  class space    used 16766K, committed 17088K, reserved 1048576K
}
Event: 832.227 GC heap before
{Heap before GC invocations=47 (full 0):
 garbage-first heap   total 215040K, used 112144K [0x0000000080000000, 0x0000000100000000)
  region size 1024K, 10 young (10240K), 1 survivors (1024K)
 Metaspace       used 120925K, committed 121600K, reserved 1155072K
  class space    used 16767K, committed 17088K, reserved 1048576K
}
Event: 832.229 GC heap after
{Heap after GC invocations=48 (full 0):
 garbage-first heap   total 215040K, used 101456K [0x0000000080000000, 0x0000000100000000)
  region size 1024K, 1 young (1024K), 1 survivors (1024K)
 Metaspace       used 120925K, committed 121600K, reserved 1155072K
  class space    used 16767K, committed 17088K, reserved 1048576K
}
Event: 2692.327 GC heap before
{Heap before GC invocations=48 (full 0):
 garbage-first heap   total 215040K, used 169040K [0x0000000080000000, 0x0000000100000000)
  region size 1024K, 67 young (68608K), 1 survivors (1024K)
 Metaspace       used 121043K, committed 121792K, reserved 1155072K
  class space    used 16767K, committed 17088K, reserved 1048576K
}
Event: 2692.330 GC heap after
{Heap after GC invocations=49 (full 0):
 garbage-first heap   total 215040K, used 101330K [0x0000000080000000, 0x0000000100000000)
  region size 1024K, 1 young (1024K), 1 survivors (1024K)
 Metaspace       used 121043K, committed 121792K, reserved 1155072K
  class space    used 16767K, committed 17088K, reserved 1048576K
}
Event: 3925.404 GC heap before
{Heap before GC invocations=49 (full 0):
 garbage-first heap   total 215040K, used 178130K [0x0000000080000000, 0x0000000100000000)
  region size 1024K, 76 young (77824K), 1 survivors (1024K)
 Metaspace       used 123649K, committed 124480K, reserved 1163264K
  class space    used 17084K, committed 17472K, reserved 1048576K
}
Event: 3925.407 GC heap after
{Heap after GC invocations=50 (full 0):
 garbage-first heap   total 215040K, used 105154K [0x0000000080000000, 0x0000000100000000)
  region size 1024K, 5 young (5120K), 5 survivors (5120K)
 Metaspace       used 123649K, committed 124480K, reserved 1163264K
  class space    used 17084K, committed 17472K, reserved 1048576K
}
Event: 3926.968 GC heap before
{Heap before GC invocations=51 (full 0):
 garbage-first heap   total 215040K, used 175810K [0x0000000080000000, 0x0000000100000000)
  region size 1024K, 76 young (77824K), 5 survivors (5120K)
 Metaspace       used 126565K, committed 127232K, reserved 1163264K
  class space    used 17422K, committed 17728K, reserved 1048576K
}
Event: 3926.978 GC heap after
{Heap after GC invocations=52 (full 0):
 garbage-first heap   total 215040K, used 113773K [0x0000000080000000, 0x0000000100000000)
  region size 1024K, 10 young (10240K), 10 survivors (10240K)
 Metaspace       used 126565K, committed 127232K, reserved 1163264K
  class space    used 17422K, committed 17728K, reserved 1048576K
}
Event: 3926.982 GC heap before
{Heap before GC invocations=52 (full 0):
 garbage-first heap   total 215040K, used 114797K [0x0000000080000000, 0x0000000100000000)
  region size 1024K, 11 young (11264K), 10 survivors (10240K)
 Metaspace       used 126565K, committed 127232K, reserved 1163264K
  class space    used 17422K, committed 17728K, reserved 1048576K
}
Event: 3926.993 GC heap after
{Heap after GC invocations=53 (full 0):
 garbage-first heap   total 215040K, used 106092K [0x0000000080000000, 0x0000000100000000)
  region size 1024K, 1 young (1024K), 1 survivors (1024K)
 Metaspace       used 126565K, committed 127232K, reserved 1163264K
  class space    used 17422K, committed 17728K, reserved 1048576K
}

