# JRE version: OpenJDK Runtime Environment (17.0.6) (build 17.0.6+0-b2043.56-10027231)
# Java VM: OpenJDK 64-Bit Server VM (17.0.6+0-b2043.56-10027231, mixed mode, tiered, compressed oops, compressed class ptrs, g1 gc, windows-amd64)
GC Precious Log:
 CPUs: 12 total, 12 available
 Memory: 16016M
 Large Page Support: Disabled
 NUMA Support: Disabled
 Compressed Oops: Enabled (32-bit)
 Heap Region Size: 1M
 Heap Min Capacity: 8M
 Heap Initial Capacity: 252M
 Heap Max Capacity: 2G
 Pre-touch: Disabled
 Parallel Workers: 10
 Concurrent Workers: 3
 Concurrent Refinement Workers: 10
 Periodic GC: Disabled
Heap:
 garbage-first heap   total 258048K, used 95666K [0x0000000080000000, 0x0000000100000000)
  region size 1024K, 2 young (2048K), 2 survivors (2048K)
 Metaspace       used 107389K, committed 108160K, reserved 1146880K
  class space    used 15416K, committed 15808K, reserved 1048576K
GC Heap History (20 events):
Event: 19.058 GC heap after
{Heap after GC invocations=36 (full 0):
 garbage-first heap   total 147456K, used 72810K [0x0000000080000000, 0x0000000100000000)
  region size 1024K, 4 young (4096K), 4 survivors (4096K)
 Metaspace       used 89281K, committed 89920K, reserved 1130496K
  class space    used 12271K, committed 12608K, reserved 1048576K
}
Event: 19.846 GC heap before
{Heap before GC invocations=36 (full 0):
 garbage-first heap   total 147456K, used 114794K [0x0000000080000000, 0x0000000100000000)
  region size 1024K, 46 young (47104K), 4 survivors (4096K)
 Metaspace       used 90175K, committed 90880K, reserved 1130496K
  class space    used 12472K, committed 12800K, reserved 1048576K
}
Event: 19.854 GC heap after
{Heap after GC invocations=37 (full 0):
 garbage-first heap   total 147456K, used 75957K [0x0000000080000000, 0x0000000100000000)
  region size 1024K, 4 young (4096K), 4 survivors (4096K)
 Metaspace       used 90175K, committed 90880K, reserved 1130496K
  class space    used 12472K, committed 12800K, reserved 1048576K
}
Event: 20.607 GC heap before
{Heap before GC invocations=38 (full 0):
 garbage-first heap   total 147456K, used 114869K [0x0000000080000000, 0x0000000100000000)
  region size 1024K, 43 young (44032K), 4 survivors (4096K)
 Metaspace       used 90693K, committed 91392K, reserved 1130496K
  class space    used 12523K, committed 12864K, reserved 1048576K
}
Event: 20.614 GC heap after
{Heap after GC invocations=39 (full 0):
 garbage-first heap   total 147456K, used 79261K [0x0000000080000000, 0x0000000100000000)
  region size 1024K, 6 young (6144K), 6 survivors (6144K)
 Metaspace       used 90693K, committed 91392K, reserved 1130496K
  class space    used 12523K, committed 12864K, reserved 1048576K
}
Event: 20.620 GC heap before
{Heap before GC invocations=39 (full 0):
 garbage-first heap   total 147456K, used 80285K [0x0000000080000000, 0x0000000100000000)
  region size 1024K, 7 young (7168K), 6 survivors (6144K)
 Metaspace       used 90693K, committed 91392K, reserved 1130496K
  class space    used 12523K, committed 12864K, reserved 1048576K
}
Event: 20.626 GC heap after
{Heap after GC invocations=40 (full 0):
 garbage-first heap   total 147456K, used 80214K [0x0000000080000000, 0x0000000100000000)
  region size 1024K, 1 young (1024K), 1 survivors (1024K)
 Metaspace       used 90693K, committed 91392K, reserved 1130496K
  class space    used 12523K, committed 12864K, reserved 1048576K
}
Event: 21.361 GC heap before
{Heap before GC invocations=40 (full 0):
 garbage-first heap   total 147456K, used 118102K [0x0000000080000000, 0x0000000100000000)
  region size 1024K, 39 young (39936K), 1 survivors (1024K)
 Metaspace       used 91126K, committed 91776K, reserved 1130496K
  class space    used 12558K, committed 12864K, reserved 1048576K
}
Event: 21.366 GC heap after
{Heap after GC invocations=41 (full 0):
 garbage-first heap   total 147456K, used 81925K [0x0000000080000000, 0x0000000100000000)
  region size 1024K, 3 young (3072K), 3 survivors (3072K)
 Metaspace       used 91126K, committed 91776K, reserved 1130496K
  class space    used 12558K, committed 12864K, reserved 1048576K
}
Event: 22.395 GC heap before
{Heap before GC invocations=42 (full 0):
 garbage-first heap   total 147456K, used 122885K [0x0000000080000000, 0x0000000100000000)
  region size 1024K, 41 young (41984K), 3 survivors (3072K)
 Metaspace       used 93043K, committed 93696K, reserved 1130496K
  class space    used 12760K, committed 13056K, reserved 1048576K
}
Event: 22.402 GC heap after
{Heap after GC invocations=43 (full 0):
 garbage-first heap   total 147456K, used 84028K [0x0000000080000000, 0x0000000100000000)
  region size 1024K, 5 young (5120K), 5 survivors (5120K)
 Metaspace       used 93043K, committed 93696K, reserved 1130496K
  class space    used 12760K, committed 13056K, reserved 1048576K
}
Event: 22.434 GC heap before
{Heap before GC invocations=43 (full 0):
 garbage-first heap   total 147456K, used 86076K [0x0000000080000000, 0x0000000100000000)
  region size 1024K, 7 young (7168K), 5 survivors (5120K)
 Metaspace       used 93140K, committed 93824K, reserved 1130496K
  class space    used 12785K, committed 13120K, reserved 1048576K
}
Event: 22.442 GC heap after
{Heap after GC invocations=44 (full 0):
 garbage-first heap   total 147456K, used 83949K [0x0000000080000000, 0x0000000100000000)
  region size 1024K, 1 young (1024K), 1 survivors (1024K)
 Metaspace       used 93140K, committed 93824K, reserved 1130496K
  class space    used 12785K, committed 13120K, reserved 1048576K
}
Event: 23.400 GC heap before
{Heap before GC invocations=44 (full 0):
 garbage-first heap   total 147456K, used 120813K [0x0000000080000000, 0x0000000100000000)
  region size 1024K, 38 young (38912K), 1 survivors (1024K)
 Metaspace       used 97875K, committed 98560K, reserved 1138688K
  class space    used 13537K, committed 13824K, reserved 1048576K
}
Event: 23.408 GC heap after
{Heap after GC invocations=45 (full 0):
 garbage-first heap   total 147456K, used 90562K [0x0000000080000000, 0x0000000100000000)
  region size 1024K, 5 young (5120K), 5 survivors (5120K)
 Metaspace       used 97875K, committed 98560K, reserved 1138688K
  class space    used 13537K, committed 13824K, reserved 1048576K
}
Event: 24.163 GC heap before
{Heap before GC invocations=46 (full 0):
 garbage-first heap   total 160768K, used 118210K [0x0000000080000000, 0x0000000100000000)
  region size 1024K, 33 young (33792K), 5 survivors (5120K)
 Metaspace       used 102097K, committed 102848K, reserved 1138688K
  class space    used 14391K, committed 14720K, reserved 1048576K
}
Event: 24.173 GC heap after
{Heap after GC invocations=47 (full 0):
 garbage-first heap   total 160768K, used 94233K [0x0000000080000000, 0x0000000100000000)
  region size 1024K, 4 young (4096K), 4 survivors (4096K)
 Metaspace       used 102097K, committed 102848K, reserved 1138688K
  class space    used 14391K, committed 14720K, reserved 1048576K
}
Event: 24.235 GC heap before
{Heap before GC invocations=47 (full 0):
 garbage-first heap   total 160768K, used 97305K [0x0000000080000000, 0x0000000100000000)
  region size 1024K, 7 young (7168K), 4 survivors (4096K)
 Metaspace       used 102600K, committed 103296K, reserved 1138688K
  class space    used 14467K, committed 14784K, reserved 1048576K
}
Event: 24.240 GC heap after
{Heap after GC invocations=48 (full 0):
 garbage-first heap   total 160768K, used 94218K [0x0000000080000000, 0x0000000100000000)
  region size 1024K, 1 young (1024K), 1 survivors (1024K)
 Metaspace       used 102600K, committed 103296K, reserved 1138688K
  class space    used 14467K, committed 14784K, reserved 1048576K
}
Event: 25.129 GC heap before
{Heap before GC invocations=48 (full 0):
 garbage-first heap   total 160768K, used 128010K [0x0000000080000000, 0x0000000100000000)
  region size 1024K, 35 young (35840K), 1 survivors (1024K)
 Metaspace       used 107389K, committed 108160K, reserved 1146880K
  class space    used 15416K, committed 15808K, reserved 1048576K
}

