# JRE version: OpenJDK Runtime Environment (17.0.6) (build 17.0.6+0-b2043.56-10027231)
# Java VM: OpenJDK 64-Bit Server VM (17.0.6+0-b2043.56-10027231, mixed mode, tiered, compressed oops, compressed class ptrs, g1 gc, windows-amd64)
GC Precious Log:
 CPUs: 12 total, 12 available
 Memory: 16016M
 Large Page Support: Disabled
 NUMA Support: Disabled
 Compressed Oops: Enabled (32-bit)
 Heap Region Size: 1M
 Heap Min Capacity: 8M
 Heap Initial Capacity: 252M
 Heap Max Capacity: 2G
 Pre-touch: Disabled
 Parallel Workers: 10
 Concurrent Workers: 3
 Concurrent Refinement Workers: 10
 Periodic GC: Disabled
Heap:
 garbage-first heap   total 146432K, used 78995K [0x0000000080000000, 0x0000000100000000)
  region size 1024K, 14 young (14336K), 5 survivors (5120K)
 Metaspace       used 88252K, committed 88896K, reserved 1130496K
  class space    used 12096K, committed 12416K, reserved 1048576K
GC Heap History (20 events):
Event: 7.082 GC heap before
{Heap before GC invocations=22 (full 0):
 garbage-first heap   total 101376K, used 59763K [0x0000000080000000, 0x0000000100000000)
  region size 1024K, 10 young (10240K), 1 survivors (1024K)
 Metaspace       used 63780K, committed 64320K, reserved 1105920K
  class space    used 8479K, committed 8704K, reserved 1048576K
}
Event: 7.084 GC heap after
{Heap after GC invocations=23 (full 0):
 garbage-first heap   total 101376K, used 53216K [0x0000000080000000, 0x0000000100000000)
  region size 1024K, 3 young (3072K), 3 survivors (3072K)
 Metaspace       used 63780K, committed 64320K, reserved 1105920K
  class space    used 8479K, committed 8704K, reserved 1048576K
}
Event: 7.277 GC heap before
{Heap before GC invocations=24 (full 0):
 garbage-first heap   total 101376K, used 73696K [0x0000000080000000, 0x0000000100000000)
  region size 1024K, 21 young (21504K), 3 survivors (3072K)
 Metaspace       used 65535K, committed 66176K, reserved 1114112K
  class space    used 8712K, committed 9024K, reserved 1048576K
}
Event: 7.279 GC heap after
{Heap after GC invocations=25 (full 0):
 garbage-first heap   total 101376K, used 50590K [0x0000000080000000, 0x0000000100000000)
  region size 1024K, 2 young (2048K), 2 survivors (2048K)
 Metaspace       used 65535K, committed 66176K, reserved 1114112K
  class space    used 8712K, committed 9024K, reserved 1048576K
}
Event: 7.457 GC heap before
{Heap before GC invocations=25 (full 0):
 garbage-first heap   total 101376K, used 72094K [0x0000000080000000, 0x0000000100000000)
  region size 1024K, 23 young (23552K), 2 survivors (2048K)
 Metaspace       used 67536K, committed 68160K, reserved 1114112K
  class space    used 8961K, committed 9280K, reserved 1048576K
}
Event: 7.460 GC heap after
{Heap after GC invocations=26 (full 0):
 garbage-first heap   total 101376K, used 51856K [0x0000000080000000, 0x0000000100000000)
  region size 1024K, 2 young (2048K), 2 survivors (2048K)
 Metaspace       used 67536K, committed 68160K, reserved 1114112K
  class space    used 8961K, committed 9280K, reserved 1048576K
}
Event: 7.698 GC heap before
{Heap before GC invocations=27 (full 0):
 garbage-first heap   total 101376K, used 73360K [0x0000000080000000, 0x0000000100000000)
  region size 1024K, 23 young (23552K), 2 survivors (2048K)
 Metaspace       used 70473K, committed 71040K, reserved 1114112K
  class space    used 9371K, committed 9664K, reserved 1048576K
}
Event: 7.701 GC heap after
{Heap after GC invocations=28 (full 0):
 garbage-first heap   total 101376K, used 53185K [0x0000000080000000, 0x0000000100000000)
  region size 1024K, 3 young (3072K), 3 survivors (3072K)
 Metaspace       used 70473K, committed 71040K, reserved 1114112K
  class space    used 9371K, committed 9664K, reserved 1048576K
}
Event: 7.904 GC heap before
{Heap before GC invocations=28 (full 0):
 garbage-first heap   total 101376K, used 74689K [0x0000000080000000, 0x0000000100000000)
  region size 1024K, 25 young (25600K), 3 survivors (3072K)
 Metaspace       used 72338K, committed 72960K, reserved 1114112K
  class space    used 9614K, committed 9920K, reserved 1048576K
}
Event: 7.908 GC heap after
{Heap after GC invocations=29 (full 0):
 garbage-first heap   total 121856K, used 54595K [0x0000000080000000, 0x0000000100000000)
  region size 1024K, 3 young (3072K), 3 survivors (3072K)
 Metaspace       used 72338K, committed 72960K, reserved 1114112K
  class space    used 9614K, committed 9920K, reserved 1048576K
}
Event: 8.276 GC heap before
{Heap before GC invocations=30 (full 0):
 garbage-first heap   total 121856K, used 90435K [0x0000000080000000, 0x0000000100000000)
  region size 1024K, 38 young (38912K), 3 survivors (3072K)
 Metaspace       used 76590K, committed 77120K, reserved 1122304K
  class space    used 10365K, committed 10624K, reserved 1048576K
}
Event: 8.279 GC heap after
{Heap after GC invocations=31 (full 0):
 garbage-first heap   total 121856K, used 56170K [0x0000000080000000, 0x0000000100000000)
  region size 1024K, 3 young (3072K), 3 survivors (3072K)
 Metaspace       used 76590K, committed 77120K, reserved 1122304K
  class space    used 10365K, committed 10624K, reserved 1048576K
}
Event: 8.753 GC heap before
{Heap before GC invocations=31 (full 0):
 garbage-first heap   total 121856K, used 93034K [0x0000000080000000, 0x0000000100000000)
  region size 1024K, 39 young (39936K), 3 survivors (3072K)
 Metaspace       used 80705K, committed 81344K, reserved 1122304K
  class space    used 10995K, committed 11264K, reserved 1048576K
}
Event: 8.756 GC heap after
{Heap after GC invocations=32 (full 0):
 garbage-first heap   total 121856K, used 58983K [0x0000000080000000, 0x0000000100000000)
  region size 1024K, 5 young (5120K), 5 survivors (5120K)
 Metaspace       used 80705K, committed 81344K, reserved 1122304K
  class space    used 10995K, committed 11264K, reserved 1048576K
}
Event: 9.110 GC heap before
{Heap before GC invocations=32 (full 0):
 garbage-first heap   total 121856K, used 93799K [0x0000000080000000, 0x0000000100000000)
  region size 1024K, 39 young (39936K), 5 survivors (5120K)
 Metaspace       used 84398K, committed 84992K, reserved 1122304K
  class space    used 11579K, committed 11840K, reserved 1048576K
}
Event: 9.115 GC heap after
{Heap after GC invocations=33 (full 0):
 garbage-first heap   total 121856K, used 61649K [0x0000000080000000, 0x0000000100000000)
  region size 1024K, 3 young (3072K), 3 survivors (3072K)
 Metaspace       used 84398K, committed 84992K, reserved 1122304K
  class space    used 11579K, committed 11840K, reserved 1048576K
}
Event: 9.432 GC heap before
{Heap before GC invocations=34 (full 0):
 garbage-first heap   total 121856K, used 96465K [0x0000000080000000, 0x0000000100000000)
  region size 1024K, 37 young (37888K), 3 survivors (3072K)
 Metaspace       used 87612K, committed 88256K, reserved 1130496K
  class space    used 11993K, committed 12288K, reserved 1048576K
}
Event: 9.436 GC heap after
{Heap after GC invocations=35 (full 0):
 garbage-first heap   total 121856K, used 65046K [0x0000000080000000, 0x0000000100000000)
  region size 1024K, 5 young (5120K), 5 survivors (5120K)
 Metaspace       used 87612K, committed 88256K, reserved 1130496K
  class space    used 11993K, committed 12288K, reserved 1048576K
}
Event: 9.617 GC heap before
{Heap before GC invocations=35 (full 0):
 garbage-first heap   total 121856K, used 97814K [0x0000000080000000, 0x0000000100000000)
  region size 1024K, 37 young (37888K), 5 survivors (5120K)
 Metaspace       used 87766K, committed 88384K, reserved 1130496K
  class space    used 12004K, committed 12288K, reserved 1048576K
}
Event: 9.744 GC heap after
{Heap after GC invocations=36 (full 0):
 garbage-first heap   total 146432K, used 70803K [0x0000000080000000, 0x0000000100000000)
  region size 1024K, 5 young (5120K), 5 survivors (5120K)
 Metaspace       used 87766K, committed 88384K, reserved 1130496K
  class space    used 12004K, committed 12288K, reserved 1048576K
}

