# JRE version: OpenJDK Runtime Environment (17.0.6) (build 17.0.6+0-b2043.56-10027231)
# Java VM: OpenJDK 64-Bit Server VM (17.0.6+0-b2043.56-10027231, mixed mode, tiered, compressed oops, compressed class ptrs, g1 gc, windows-amd64)
GC Precious Log:
 CPUs: 12 total, 12 available
 Memory: 16016M
 Large Page Support: Disabled
 NUMA Support: Disabled
 Compressed Oops: Enabled (32-bit)
 Heap Region Size: 1M
 Heap Min Capacity: 8M
 Heap Initial Capacity: 252M
 Heap Max Capacity: 2G
 Pre-touch: Disabled
 Parallel Workers: 10
 Concurrent Workers: 3
 Concurrent Refinement Workers: 10
 Periodic GC: Disabled
Heap:
 garbage-first heap   total 258048K, used 69182K [0x0000000080000000, 0x0000000100000000)
  region size 1024K, 1 young (1024K), 1 survivors (1024K)
 Metaspace       used 87809K, committed 88512K, reserved 1130496K
  class space    used 11998K, committed 12352K, reserved 1048576K
GC Heap History (20 events):
Event: 8.329 GC heap after
{Heap after GC invocations=23 (full 0):
 garbage-first heap   total 82944K, used 47872K [0x0000000080000000, 0x0000000100000000)
  region size 1024K, 3 young (3072K), 3 survivors (3072K)
 Metaspace       used 62807K, committed 63424K, reserved 1105920K
  class space    used 8358K, committed 8640K, reserved 1048576K
}
Event: 8.392 GC heap before
{Heap before GC invocations=24 (full 0):
 garbage-first heap   total 83968K, used 49920K [0x0000000080000000, 0x0000000100000000)
  region size 1024K, 7 young (7168K), 3 survivors (3072K)
 Metaspace       used 63814K, committed 64320K, reserved 1105920K
  class space    used 8479K, committed 8704K, reserved 1048576K
}
Event: 8.395 GC heap after
{Heap after GC invocations=25 (full 0):
 garbage-first heap   total 83968K, used 48286K [0x0000000080000000, 0x0000000100000000)
  region size 1024K, 2 young (2048K), 2 survivors (2048K)
 Metaspace       used 63814K, committed 64320K, reserved 1105920K
  class space    used 8479K, committed 8704K, reserved 1048576K
}
Event: 8.420 GC heap before
{Heap before GC invocations=26 (full 0):
 garbage-first heap   total 102400K, used 59550K [0x0000000080000000, 0x0000000100000000)
  region size 1024K, 11 young (11264K), 2 survivors (2048K)
 Metaspace       used 63819K, committed 64320K, reserved 1105920K
  class space    used 8479K, committed 8704K, reserved 1048576K
}
Event: 8.423 GC heap after
{Heap after GC invocations=27 (full 0):
 garbage-first heap   total 125952K, used 54242K [0x0000000080000000, 0x0000000100000000)
  region size 1024K, 3 young (3072K), 3 survivors (3072K)
 Metaspace       used 63819K, committed 64320K, reserved 1105920K
  class space    used 8479K, committed 8704K, reserved 1048576K
}
Event: 8.774 GC heap before
{Heap before GC invocations=27 (full 0):
 garbage-first heap   total 125952K, used 88034K [0x0000000080000000, 0x0000000100000000)
  region size 1024K, 34 young (34816K), 3 survivors (3072K)
 Metaspace       used 66624K, committed 67200K, reserved 1114112K
  class space    used 8848K, committed 9088K, reserved 1048576K
}
Event: 8.777 GC heap after
{Heap after GC invocations=28 (full 0):
 garbage-first heap   total 125952K, used 53859K [0x0000000080000000, 0x0000000100000000)
  region size 1024K, 3 young (3072K), 3 survivors (3072K)
 Metaspace       used 66624K, committed 67200K, reserved 1114112K
  class space    used 8848K, committed 9088K, reserved 1048576K
}
Event: 9.157 GC heap before
{Heap before GC invocations=28 (full 0):
 garbage-first heap   total 125952K, used 87651K [0x0000000080000000, 0x0000000100000000)
  region size 1024K, 36 young (36864K), 3 survivors (3072K)
 Metaspace       used 71140K, committed 71680K, reserved 1114112K
  class space    used 9459K, committed 9728K, reserved 1048576K
}
Event: 9.160 GC heap after
{Heap after GC invocations=29 (full 0):
 garbage-first heap   total 125952K, used 55649K [0x0000000080000000, 0x0000000100000000)
  region size 1024K, 5 young (5120K), 5 survivors (5120K)
 Metaspace       used 71140K, committed 71680K, reserved 1114112K
  class space    used 9459K, committed 9728K, reserved 1048576K
}
Event: 9.567 GC heap before
{Heap before GC invocations=29 (full 0):
 garbage-first heap   total 125952K, used 90465K [0x0000000080000000, 0x0000000100000000)
  region size 1024K, 39 young (39936K), 5 survivors (5120K)
 Metaspace       used 74216K, committed 74752K, reserved 1114112K
  class space    used 9868K, committed 10112K, reserved 1048576K
}
Event: 9.571 GC heap after
{Heap after GC invocations=30 (full 0):
 garbage-first heap   total 125952K, used 58350K [0x0000000080000000, 0x0000000100000000)
  region size 1024K, 5 young (5120K), 5 survivors (5120K)
 Metaspace       used 74216K, committed 74752K, reserved 1114112K
  class space    used 9868K, committed 10112K, reserved 1048576K
}
Event: 10.098 GC heap before
{Heap before GC invocations=30 (full 0):
 garbage-first heap   total 125952K, used 93166K [0x0000000080000000, 0x0000000100000000)
  region size 1024K, 39 young (39936K), 5 survivors (5120K)
 Metaspace       used 78486K, committed 79040K, reserved 1122304K
  class space    used 10642K, committed 10880K, reserved 1048576K
}
Event: 10.102 GC heap after
{Heap after GC invocations=31 (full 0):
 garbage-first heap   total 125952K, used 59993K [0x0000000080000000, 0x0000000100000000)
  region size 1024K, 5 young (5120K), 5 survivors (5120K)
 Metaspace       used 78486K, committed 79040K, reserved 1122304K
  class space    used 10642K, committed 10880K, reserved 1048576K
}
Event: 10.702 GC heap before
{Heap before GC invocations=31 (full 0):
 garbage-first heap   total 125952K, used 95833K [0x0000000080000000, 0x0000000100000000)
  region size 1024K, 40 young (40960K), 5 survivors (5120K)
 Metaspace       used 81786K, committed 82368K, reserved 1122304K
  class space    used 11143K, committed 11392K, reserved 1048576K
}
Event: 10.706 GC heap after
{Heap after GC invocations=32 (full 0):
 garbage-first heap   total 125952K, used 62804K [0x0000000080000000, 0x0000000100000000)
  region size 1024K, 5 young (5120K), 5 survivors (5120K)
 Metaspace       used 81786K, committed 82368K, reserved 1122304K
  class space    used 11143K, committed 11392K, reserved 1048576K
}
Event: 11.210 GC heap before
{Heap before GC invocations=32 (full 0):
 garbage-first heap   total 125952K, used 98644K [0x0000000080000000, 0x0000000100000000)
  region size 1024K, 40 young (40960K), 5 survivors (5120K)
 Metaspace       used 86651K, committed 87296K, reserved 1130496K
  class space    used 11842K, committed 12160K, reserved 1048576K
}
Event: 11.216 GC heap after
{Heap after GC invocations=33 (full 0):
 garbage-first heap   total 125952K, used 65703K [0x0000000080000000, 0x0000000100000000)
  region size 1024K, 4 young (4096K), 4 survivors (4096K)
 Metaspace       used 86651K, committed 87296K, reserved 1130496K
  class space    used 11842K, committed 12160K, reserved 1048576K
}
Event: 11.618 GC heap before
{Heap before GC invocations=34 (full 0):
 garbage-first heap   total 125952K, used 98471K [0x0000000080000000, 0x0000000100000000)
  region size 1024K, 37 young (37888K), 4 survivors (4096K)
 Metaspace       used 87809K, committed 88512K, reserved 1130496K
  class space    used 11998K, committed 12352K, reserved 1048576K
}
Event: 11.624 GC heap after
{Heap after GC invocations=35 (full 0):
 garbage-first heap   total 125952K, used 69454K [0x0000000080000000, 0x0000000100000000)
  region size 1024K, 5 young (5120K), 5 survivors (5120K)
 Metaspace       used 87809K, committed 88512K, reserved 1130496K
  class space    used 11998K, committed 12352K, reserved 1048576K
}
Event: 11.630 GC heap before
{Heap before GC invocations=35 (full 0):
 garbage-first heap   total 125952K, used 70478K [0x0000000080000000, 0x0000000100000000)
  region size 1024K, 6 young (6144K), 5 survivors (5120K)
 Metaspace       used 87809K, committed 88512K, reserved 1130496K
  class space    used 11998K, committed 12352K, reserved 1048576K
}

