# JRE version: OpenJDK Runtime Environment (17.0.6) (build 17.0.6+0-b2043.56-10027231)
# Java VM: OpenJDK 64-Bit Server VM (17.0.6+0-b2043.56-10027231, mixed mode, tiered, compressed oops, compressed class ptrs, g1 gc, windows-amd64)
GC Precious Log:
 CPUs: 12 total, 12 available
 Memory: 16016M
 Large Page Support: Disabled
 NUMA Support: Disabled
 Compressed Oops: Enabled (32-bit)
 Heap Region Size: 1M
 Heap Min Capacity: 8M
 Heap Initial Capacity: 252M
 Heap Max Capacity: 2G
 Pre-touch: Disabled
 Parallel Workers: 10
 Concurrent Workers: 3
 Concurrent Refinement Workers: 10
 Periodic GC: Disabled
Heap:
 garbage-first heap   total 125952K, used 87424K [0x0000000080000000, 0x0000000100000000)
  region size 1024K, 25 young (25600K), 6 survivors (6144K)
 Metaspace       used 87981K, committed 88640K, reserved 1130496K
  class space    used 12024K, committed 12352K, reserved 1048576K
GC Heap History (20 events):
Event: 7.739 GC heap before
{Heap before GC invocations=17 (full 0):
 garbage-first heap   total 95232K, used 66680K [0x0000000080000000, 0x0000000100000000)
  region size 1024K, 23 young (23552K), 1 survivors (1024K)
 Metaspace       used 63789K, committed 64320K, reserved 1105920K
  class space    used 8479K, committed 8704K, reserved 1048576K
}
Event: 7.742 GC heap after
{Heap after GC invocations=18 (full 0):
 garbage-first heap   total 95232K, used 48272K [0x0000000080000000, 0x0000000100000000)
  region size 1024K, 4 young (4096K), 4 survivors (4096K)
 Metaspace       used 63789K, committed 64320K, reserved 1105920K
  class space    used 8479K, committed 8704K, reserved 1048576K
}
Event: 7.774 GC heap before
{Heap before GC invocations=19 (full 0):
 garbage-first heap   total 101376K, used 60560K [0x0000000080000000, 0x0000000100000000)
  region size 1024K, 13 young (13312K), 4 survivors (4096K)
 Metaspace       used 63792K, committed 64320K, reserved 1105920K
  class space    used 8479K, committed 8704K, reserved 1048576K
}
Event: 7.777 GC heap after
{Heap after GC invocations=20 (full 0):
 garbage-first heap   total 101376K, used 54260K [0x0000000080000000, 0x0000000100000000)
  region size 1024K, 4 young (4096K), 4 survivors (4096K)
 Metaspace       used 63792K, committed 64320K, reserved 1105920K
  class space    used 8479K, committed 8704K, reserved 1048576K
}
Event: 7.996 GC heap before
{Heap before GC invocations=21 (full 0):
 garbage-first heap   total 104448K, used 75764K [0x0000000080000000, 0x0000000100000000)
  region size 1024K, 23 young (23552K), 4 survivors (4096K)
 Metaspace       used 65617K, committed 66176K, reserved 1114112K
  class space    used 8723K, committed 8960K, reserved 1048576K
}
Event: 7.999 GC heap after
{Heap after GC invocations=22 (full 0):
 garbage-first heap   total 104448K, used 51327K [0x0000000080000000, 0x0000000100000000)
  region size 1024K, 2 young (2048K), 2 survivors (2048K)
 Metaspace       used 65617K, committed 66176K, reserved 1114112K
  class space    used 8723K, committed 8960K, reserved 1048576K
}
Event: 8.043 GC heap before
{Heap before GC invocations=22 (full 0):
 garbage-first heap   total 104448K, used 54399K [0x0000000080000000, 0x0000000100000000)
  region size 1024K, 5 young (5120K), 2 survivors (2048K)
 Metaspace       used 65857K, committed 66432K, reserved 1114112K
  class space    used 8754K, committed 9024K, reserved 1048576K
}
Event: 8.045 GC heap after
{Heap after GC invocations=23 (full 0):
 garbage-first heap   total 125952K, used 51407K [0x0000000080000000, 0x0000000100000000)
  region size 1024K, 1 young (1024K), 1 survivors (1024K)
 Metaspace       used 65857K, committed 66432K, reserved 1114112K
  class space    used 8754K, committed 9024K, reserved 1048576K
}
Event: 8.442 GC heap before
{Heap before GC invocations=23 (full 0):
 garbage-first heap   total 125952K, used 88271K [0x0000000080000000, 0x0000000100000000)
  region size 1024K, 37 young (37888K), 1 survivors (1024K)
 Metaspace       used 70352K, committed 70848K, reserved 1114112K
  class space    used 9356K, committed 9600K, reserved 1048576K
}
Event: 8.445 GC heap after
{Heap after GC invocations=24 (full 0):
 garbage-first heap   total 125952K, used 53379K [0x0000000080000000, 0x0000000100000000)
  region size 1024K, 3 young (3072K), 3 survivors (3072K)
 Metaspace       used 70352K, committed 70848K, reserved 1114112K
  class space    used 9356K, committed 9600K, reserved 1048576K
}
Event: 8.823 GC heap before
{Heap before GC invocations=24 (full 0):
 garbage-first heap   total 125952K, used 90243K [0x0000000080000000, 0x0000000100000000)
  region size 1024K, 40 young (40960K), 3 survivors (3072K)
 Metaspace       used 73825K, committed 74368K, reserved 1114112K
  class space    used 9827K, committed 10048K, reserved 1048576K
}
Event: 8.828 GC heap after
{Heap after GC invocations=25 (full 0):
 garbage-first heap   total 125952K, used 55983K [0x0000000080000000, 0x0000000100000000)
  region size 1024K, 5 young (5120K), 5 survivors (5120K)
 Metaspace       used 73825K, committed 74368K, reserved 1114112K
  class space    used 9827K, committed 10048K, reserved 1048576K
}
Event: 9.412 GC heap before
{Heap before GC invocations=25 (full 0):
 garbage-first heap   total 125952K, used 94895K [0x0000000080000000, 0x0000000100000000)
  region size 1024K, 42 young (43008K), 5 survivors (5120K)
 Metaspace       used 78418K, committed 78976K, reserved 1122304K
  class space    used 10636K, committed 10880K, reserved 1048576K
}
Event: 9.417 GC heap after
{Heap after GC invocations=26 (full 0):
 garbage-first heap   total 125952K, used 58017K [0x0000000080000000, 0x0000000100000000)
  region size 1024K, 5 young (5120K), 5 survivors (5120K)
 Metaspace       used 78418K, committed 78976K, reserved 1122304K
  class space    used 10636K, committed 10880K, reserved 1048576K
}
Event: 9.896 GC heap before
{Heap before GC invocations=26 (full 0):
 garbage-first heap   total 125952K, used 95905K [0x0000000080000000, 0x0000000100000000)
  region size 1024K, 42 young (43008K), 5 survivors (5120K)
 Metaspace       used 81868K, committed 82432K, reserved 1122304K
  class space    used 11155K, committed 11392K, reserved 1048576K
}
Event: 9.903 GC heap after
{Heap after GC invocations=27 (full 0):
 garbage-first heap   total 125952K, used 60887K [0x0000000080000000, 0x0000000100000000)
  region size 1024K, 5 young (5120K), 5 survivors (5120K)
 Metaspace       used 81868K, committed 82432K, reserved 1122304K
  class space    used 11155K, committed 11392K, reserved 1048576K
}
Event: 10.400 GC heap before
{Heap before GC invocations=27 (full 0):
 garbage-first heap   total 125952K, used 98775K [0x0000000080000000, 0x0000000100000000)
  region size 1024K, 42 young (43008K), 5 survivors (5120K)
 Metaspace       used 86778K, committed 87424K, reserved 1130496K
  class space    used 11866K, committed 12224K, reserved 1048576K
}
Event: 10.405 GC heap after
{Heap after GC invocations=28 (full 0):
 garbage-first heap   total 125952K, used 64042K [0x0000000080000000, 0x0000000100000000)
  region size 1024K, 6 young (6144K), 6 survivors (6144K)
 Metaspace       used 86778K, committed 87424K, reserved 1130496K
  class space    used 11866K, committed 12224K, reserved 1048576K
}
Event: 10.686 GC heap before
{Heap before GC invocations=28 (full 0):
 garbage-first heap   total 125952K, used 99882K [0x0000000080000000, 0x0000000100000000)
  region size 1024K, 41 young (41984K), 6 survivors (6144K)
 Metaspace       used 87810K, committed 88448K, reserved 1130496K
  class space    used 11994K, committed 12288K, reserved 1048576K
}
Event: 10.692 GC heap after
{Heap after GC invocations=29 (full 0):
 garbage-first heap   total 125952K, used 68992K [0x0000000080000000, 0x0000000100000000)
  region size 1024K, 6 young (6144K), 6 survivors (6144K)
 Metaspace       used 87810K, committed 88448K, reserved 1130496K
  class space    used 11994K, committed 12288K, reserved 1048576K
}

