# JRE version: OpenJDK Runtime Environment (17.0.6) (build 17.0.6+0-b2043.56-10027231)
# Java VM: OpenJDK 64-Bit Server VM (17.0.6+0-b2043.56-10027231, mixed mode, tiered, compressed oops, compressed class ptrs, g1 gc, windows-amd64)
GC Precious Log:
 CPUs: 12 total, 12 available
 Memory: 16016M
 Large Page Support: Disabled
 NUMA Support: Disabled
 Compressed Oops: Enabled (32-bit)
 Heap Region Size: 1M
 Heap Min Capacity: 8M
 Heap Initial Capacity: 252M
 Heap Max Capacity: 2G
 Pre-touch: Disabled
 Parallel Workers: 10
 Concurrent Workers: 3
 Concurrent Refinement Workers: 10
 Periodic GC: Disabled
Heap:
 garbage-first heap   total 134144K, used 79812K [0x0000000080000000, 0x0000000100000000)
  region size 1024K, 3 young (3072K), 3 survivors (3072K)
 Metaspace       used 95627K, committed 96320K, reserved 1138688K
  class space    used 13130K, committed 13440K, reserved 1048576K
GC Heap History (20 events):
Event: 20.558 GC heap after
{Heap after GC invocations=22 (full 0):
 garbage-first heap   total 107520K, used 53595K [0x0000000080000000, 0x0000000100000000)
  region size 1024K, 1 young (1024K), 1 survivors (1024K)
 Metaspace       used 70727K, committed 71296K, reserved 1114112K
  class space    used 9385K, committed 9664K, reserved 1048576K
}
Event: 20.826 GC heap before
{Heap before GC invocations=22 (full 0):
 garbage-first heap   total 107520K, used 75099K [0x0000000080000000, 0x0000000100000000)
  region size 1024K, 23 young (23552K), 1 survivors (1024K)
 Metaspace       used 72680K, committed 73216K, reserved 1114112K
  class space    used 9632K, committed 9920K, reserved 1048576K
}
Event: 20.829 GC heap after
{Heap after GC invocations=23 (full 0):
 garbage-first heap   total 134144K, used 54916K [0x0000000080000000, 0x0000000100000000)
  region size 1024K, 2 young (2048K), 2 survivors (2048K)
 Metaspace       used 72680K, committed 73216K, reserved 1114112K
  class space    used 9632K, committed 9920K, reserved 1048576K
}
Event: 21.291 GC heap before
{Heap before GC invocations=24 (full 0):
 garbage-first heap   total 134144K, used 90756K [0x0000000080000000, 0x0000000100000000)
  region size 1024K, 37 young (37888K), 2 survivors (2048K)
 Metaspace       used 77533K, committed 78080K, reserved 1122304K
  class space    used 10300K, committed 10560K, reserved 1048576K
}
Event: 21.294 GC heap after
{Heap after GC invocations=25 (full 0):
 garbage-first heap   total 134144K, used 57057K [0x0000000080000000, 0x0000000100000000)
  region size 1024K, 4 young (4096K), 4 survivors (4096K)
 Metaspace       used 77533K, committed 78080K, reserved 1122304K
  class space    used 10300K, committed 10560K, reserved 1048576K
}
Event: 21.897 GC heap before
{Heap before GC invocations=25 (full 0):
 garbage-first heap   total 134144K, used 95969K [0x0000000080000000, 0x0000000100000000)
  region size 1024K, 41 young (41984K), 4 survivors (4096K)
 Metaspace       used 80828K, committed 81472K, reserved 1122304K
  class space    used 10786K, committed 11072K, reserved 1048576K
}
Event: 21.901 GC heap after
{Heap after GC invocations=26 (full 0):
 garbage-first heap   total 134144K, used 59083K [0x0000000080000000, 0x0000000100000000)
  region size 1024K, 5 young (5120K), 5 survivors (5120K)
 Metaspace       used 80828K, committed 81472K, reserved 1122304K
  class space    used 10786K, committed 11072K, reserved 1048576K
}
Event: 22.422 GC heap before
{Heap before GC invocations=26 (full 0):
 garbage-first heap   total 134144K, used 96971K [0x0000000080000000, 0x0000000100000000)
  region size 1024K, 42 young (43008K), 5 survivors (5120K)
 Metaspace       used 85365K, committed 85888K, reserved 1130496K
  class space    used 11578K, committed 11840K, reserved 1048576K
}
Event: 22.427 GC heap after
{Heap after GC invocations=27 (full 0):
 garbage-first heap   total 134144K, used 61754K [0x0000000080000000, 0x0000000100000000)
  region size 1024K, 5 young (5120K), 5 survivors (5120K)
 Metaspace       used 85365K, committed 85888K, reserved 1130496K
  class space    used 11578K, committed 11840K, reserved 1048576K
}
Event: 22.976 GC heap before
{Heap before GC invocations=27 (full 0):
 garbage-first heap   total 134144K, used 100666K [0x0000000080000000, 0x0000000100000000)
  region size 1024K, 43 young (44032K), 5 survivors (5120K)
 Metaspace       used 89547K, committed 90176K, reserved 1130496K
  class space    used 12239K, committed 12544K, reserved 1048576K
}
Event: 22.982 GC heap after
{Heap after GC invocations=28 (full 0):
 garbage-first heap   total 134144K, used 64401K [0x0000000080000000, 0x0000000100000000)
  region size 1024K, 6 young (6144K), 6 survivors (6144K)
 Metaspace       used 89547K, committed 90176K, reserved 1130496K
  class space    used 12239K, committed 12544K, reserved 1048576K
}
Event: 23.493 GC heap before
{Heap before GC invocations=28 (full 0):
 garbage-first heap   total 134144K, used 102289K [0x0000000080000000, 0x0000000100000000)
  region size 1024K, 43 young (44032K), 6 survivors (6144K)
 Metaspace       used 93181K, committed 93824K, reserved 1130496K
  class space    used 12702K, committed 12992K, reserved 1048576K
}
Event: 23.500 GC heap after
{Heap after GC invocations=29 (full 0):
 garbage-first heap   total 134144K, used 67763K [0x0000000080000000, 0x0000000100000000)
  region size 1024K, 6 young (6144K), 6 survivors (6144K)
 Metaspace       used 93181K, committed 93824K, reserved 1130496K
  class space    used 12702K, committed 12992K, reserved 1048576K
}
Event: 23.748 GC heap before
{Heap before GC invocations=29 (full 0):
 garbage-first heap   total 134144K, used 104627K [0x0000000080000000, 0x0000000100000000)
  region size 1024K, 42 young (43008K), 6 survivors (6144K)
 Metaspace       used 93395K, committed 94080K, reserved 1130496K
  class space    used 12717K, committed 13056K, reserved 1048576K
}
Event: 23.755 GC heap after
{Heap after GC invocations=30 (full 0):
 garbage-first heap   total 134144K, used 74230K [0x0000000080000000, 0x0000000100000000)
  region size 1024K, 6 young (6144K), 6 survivors (6144K)
 Metaspace       used 93395K, committed 94080K, reserved 1130496K
  class space    used 12717K, committed 13056K, reserved 1048576K
}
Event: 26.353 GC heap before
{Heap before GC invocations=31 (full 0):
 garbage-first heap   total 134144K, used 104950K [0x0000000080000000, 0x0000000100000000)
  region size 1024K, 37 young (37888K), 6 survivors (6144K)
 Metaspace       used 95407K, committed 96064K, reserved 1138688K
  class space    used 13123K, committed 13440K, reserved 1048576K
}
Event: 26.360 GC heap after
{Heap after GC invocations=32 (full 0):
 garbage-first heap   total 134144K, used 78416K [0x0000000080000000, 0x0000000100000000)
  region size 1024K, 4 young (4096K), 4 survivors (4096K)
 Metaspace       used 95407K, committed 96064K, reserved 1138688K
  class space    used 13123K, committed 13440K, reserved 1048576K
}
Event: 26.374 GC heap before
{Heap before GC invocations=32 (full 0):
 garbage-first heap   total 134144K, used 79440K [0x0000000080000000, 0x0000000100000000)
  region size 1024K, 6 young (6144K), 4 survivors (4096K)
 Metaspace       used 95414K, committed 96064K, reserved 1138688K
  class space    used 13124K, committed 13440K, reserved 1048576K
}
Event: 26.377 GC heap after
{Heap after GC invocations=33 (full 0):
 garbage-first heap   total 134144K, used 78485K [0x0000000080000000, 0x0000000100000000)
  region size 1024K, 1 young (1024K), 1 survivors (1024K)
 Metaspace       used 95414K, committed 96064K, reserved 1138688K
  class space    used 13124K, committed 13440K, reserved 1048576K
}
Event: 26.703 GC heap before
{Heap before GC invocations=33 (full 0):
 garbage-first heap   total 134144K, used 107157K [0x0000000080000000, 0x0000000100000000)
  region size 1024K, 30 young (30720K), 1 survivors (1024K)
 Metaspace       used 95627K, committed 96320K, reserved 1138688K
  class space    used 13130K, committed 13440K, reserved 1048576K
}

