# JRE version: OpenJDK Runtime Environment (17.0.6) (build 17.0.6+0-b2043.56-10027231)
# Java VM: OpenJDK 64-Bit Server VM (17.0.6+0-b2043.56-10027231, mixed mode, tiered, compressed oops, compressed class ptrs, g1 gc, windows-amd64)
GC Precious Log:
 CPUs: 12 total, 12 available
 Memory: 16016M
 Large Page Support: Disabled
 NUMA Support: Disabled
 Compressed Oops: Enabled (32-bit)
 Heap Region Size: 1M
 Heap Min Capacity: 8M
 Heap Initial Capacity: 252M
 Heap Max Capacity: 2G
 Pre-touch: Disabled
 Parallel Workers: 10
 Concurrent Workers: 3
 Concurrent Refinement Workers: 10
 Periodic GC: Disabled
Heap:
 garbage-first heap   total 101376K, used 64129K [0x0000000080000000, 0x0000000100000000)
  region size 1024K, 10 young (10240K), 1 survivors (1024K)
 Metaspace       used 76878K, committed 77440K, reserved 1122304K
  class space    used 10422K, committed 10688K, reserved 1048576K
GC Heap History (20 events):
Event: 7.695 GC heap before
{Heap before GC invocations=22 (full 0):
 garbage-first heap   total 82944K, used 60078K [0x0000000080000000, 0x0000000100000000)
  region size 1024K, 15 young (15360K), 1 survivors (1024K)
 Metaspace       used 61740K, committed 62272K, reserved 1105920K
  class space    used 8229K, committed 8448K, reserved 1048576K
}
Event: 7.698 GC heap after
{Heap after GC invocations=23 (full 0):
 garbage-first heap   total 82944K, used 46643K [0x0000000080000000, 0x0000000100000000)
  region size 1024K, 2 young (2048K), 2 survivors (2048K)
 Metaspace       used 61740K, committed 62272K, reserved 1105920K
  class space    used 8229K, committed 8448K, reserved 1048576K
}
Event: 7.914 GC heap before
{Heap before GC invocations=24 (full 0):
 garbage-first heap   total 82944K, used 56883K [0x0000000080000000, 0x0000000100000000)
  region size 1024K, 14 young (14336K), 2 survivors (2048K)
 Metaspace       used 63854K, committed 64512K, reserved 1105920K
  class space    used 8499K, committed 8832K, reserved 1048576K
}
Event: 7.916 GC heap after
{Heap after GC invocations=25 (full 0):
 garbage-first heap   total 100352K, used 48136K [0x0000000080000000, 0x0000000100000000)
  region size 1024K, 3 young (3072K), 3 survivors (3072K)
 Metaspace       used 63854K, committed 64512K, reserved 1105920K
  class space    used 8499K, committed 8832K, reserved 1048576K
}
Event: 7.945 GC heap before
{Heap before GC invocations=26 (full 0):
 garbage-first heap   total 100352K, used 60424K [0x0000000080000000, 0x0000000100000000)
  region size 1024K, 12 young (12288K), 3 survivors (3072K)
 Metaspace       used 63858K, committed 64512K, reserved 1105920K
  class space    used 8499K, committed 8832K, reserved 1048576K
}
Event: 7.948 GC heap after
{Heap after GC invocations=27 (full 0):
 garbage-first heap   total 100352K, used 53921K [0x0000000080000000, 0x0000000100000000)
  region size 1024K, 4 young (4096K), 4 survivors (4096K)
 Metaspace       used 63858K, committed 64512K, reserved 1105920K
  class space    used 8499K, committed 8832K, reserved 1048576K
}
Event: 8.286 GC heap before
{Heap before GC invocations=28 (full 0):
 garbage-first heap   total 101376K, used 74401K [0x0000000080000000, 0x0000000100000000)
  region size 1024K, 22 young (22528K), 4 survivors (4096K)
 Metaspace       used 65609K, committed 66176K, reserved 1114112K
  class space    used 8730K, committed 9024K, reserved 1048576K
}
Event: 8.288 GC heap after
{Heap after GC invocations=29 (full 0):
 garbage-first heap   total 101376K, used 51272K [0x0000000080000000, 0x0000000100000000)
  region size 1024K, 2 young (2048K), 2 survivors (2048K)
 Metaspace       used 65609K, committed 66176K, reserved 1114112K
  class space    used 8730K, committed 9024K, reserved 1048576K
}
Event: 8.590 GC heap before
{Heap before GC invocations=29 (full 0):
 garbage-first heap   total 101376K, used 73800K [0x0000000080000000, 0x0000000100000000)
  region size 1024K, 24 young (24576K), 2 survivors (2048K)
 Metaspace       used 67741K, committed 68288K, reserved 1114112K
  class space    used 9005K, committed 9280K, reserved 1048576K
}
Event: 8.592 GC heap after
{Heap after GC invocations=30 (full 0):
 garbage-first heap   total 101376K, used 52653K [0x0000000080000000, 0x0000000100000000)
  region size 1024K, 2 young (2048K), 2 survivors (2048K)
 Metaspace       used 67741K, committed 68288K, reserved 1114112K
  class space    used 9005K, committed 9280K, reserved 1048576K
}
Event: 8.914 GC heap before
{Heap before GC invocations=31 (full 0):
 garbage-first heap   total 101376K, used 76205K [0x0000000080000000, 0x0000000100000000)
  region size 1024K, 25 young (25600K), 2 survivors (2048K)
 Metaspace       used 71045K, committed 71616K, reserved 1114112K
  class space    used 9459K, committed 9728K, reserved 1048576K
}
Event: 8.917 GC heap after
{Heap after GC invocations=32 (full 0):
 garbage-first heap   total 101376K, used 53984K [0x0000000080000000, 0x0000000100000000)
  region size 1024K, 3 young (3072K), 3 survivors (3072K)
 Metaspace       used 71045K, committed 71616K, reserved 1114112K
  class space    used 9459K, committed 9728K, reserved 1048576K
}
Event: 8.926 GC heap before
{Heap before GC invocations=32 (full 0):
 garbage-first heap   total 101376K, used 55008K [0x0000000080000000, 0x0000000100000000)
  region size 1024K, 4 young (4096K), 3 survivors (3072K)
 Metaspace       used 71181K, committed 71744K, reserved 1114112K
  class space    used 9479K, committed 9792K, reserved 1048576K
}
Event: 8.929 GC heap after
{Heap after GC invocations=33 (full 0):
 garbage-first heap   total 101376K, used 53689K [0x0000000080000000, 0x0000000100000000)
  region size 1024K, 1 young (1024K), 1 survivors (1024K)
 Metaspace       used 71181K, committed 71744K, reserved 1114112K
  class space    used 9479K, committed 9792K, reserved 1048576K
}
Event: 9.229 GC heap before
{Heap before GC invocations=33 (full 0):
 garbage-first heap   total 101376K, used 77241K [0x0000000080000000, 0x0000000100000000)
  region size 1024K, 24 young (24576K), 1 survivors (1024K)
 Metaspace       used 73088K, committed 73664K, reserved 1114112K
  class space    used 9709K, committed 9984K, reserved 1048576K
}
Event: 9.232 GC heap after
{Heap after GC invocations=34 (full 0):
 garbage-first heap   total 101376K, used 55050K [0x0000000080000000, 0x0000000100000000)
  region size 1024K, 2 young (2048K), 2 survivors (2048K)
 Metaspace       used 73088K, committed 73664K, reserved 1114112K
  class space    used 9709K, committed 9984K, reserved 1048576K
}
Event: 9.594 GC heap before
{Heap before GC invocations=35 (full 0):
 garbage-first heap   total 101376K, used 79626K [0x0000000080000000, 0x0000000100000000)
  region size 1024K, 25 young (25600K), 2 survivors (2048K)
 Metaspace       used 75630K, committed 76224K, reserved 1122304K
  class space    used 10136K, committed 10432K, reserved 1048576K
}
Event: 9.596 GC heap after
{Heap after GC invocations=36 (full 0):
 garbage-first heap   total 101376K, used 55999K [0x0000000080000000, 0x0000000100000000)
  region size 1024K, 3 young (3072K), 3 survivors (3072K)
 Metaspace       used 75630K, committed 76224K, reserved 1122304K
  class space    used 10136K, committed 10432K, reserved 1048576K
}
Event: 9.608 GC heap before
{Heap before GC invocations=36 (full 0):
 garbage-first heap   total 101376K, used 57023K [0x0000000080000000, 0x0000000100000000)
  region size 1024K, 4 young (4096K), 3 survivors (3072K)
 Metaspace       used 75776K, committed 76288K, reserved 1122304K
  class space    used 10170K, committed 10432K, reserved 1048576K
}
Event: 9.611 GC heap after
{Heap after GC invocations=37 (full 0):
 garbage-first heap   total 101376K, used 55937K [0x0000000080000000, 0x0000000100000000)
  region size 1024K, 1 young (1024K), 1 survivors (1024K)
 Metaspace       used 75776K, committed 76288K, reserved 1122304K
  class space    used 10170K, committed 10432K, reserved 1048576K
}

