# JRE version: OpenJDK Runtime Environment (17.0.6) (build 17.0.6+0-b2043.56-10027231)
# Java VM: OpenJDK 64-Bit Server VM (17.0.6+0-b2043.56-10027231, mixed mode, tiered, compressed oops, compressed class ptrs, g1 gc, windows-amd64)
GC Precious Log:
 CPUs: 12 total, 12 available
 Memory: 16016M
 Large Page Support: Disabled
 NUMA Support: Disabled
 Compressed Oops: Enabled (32-bit)
 Heap Region Size: 1M
 Heap Min Capacity: 8M
 Heap Initial Capacity: 252M
 Heap Max Capacity: 2G
 Pre-touch: Disabled
 Parallel Workers: 10
 Concurrent Workers: 3
 Concurrent Refinement Workers: 10
 Periodic GC: Disabled
Heap:
 garbage-first heap   total 253952K, used 148145K [0x0000000080000000, 0x0000000100000000)
  region size 1024K, 52 young (53248K), 3 survivors (3072K)
 Metaspace       used 127082K, committed 127936K, reserved 1163264K
  class space    used 17944K, committed 18368K, reserved 1048576K
GC Heap History (20 events):
Event: 9.220 GC heap before
{Heap before GC invocations=27 (full 0):
 garbage-first heap   total 126976K, used 102300K [0x0000000080000000, 0x0000000100000000)
  region size 1024K, 43 young (44032K), 6 survivors (6144K)
 Metaspace       used 87863K, committed 88512K, reserved 1130496K
  class space    used 12012K, committed 12352K, reserved 1048576K
}
Event: 9.228 GC heap after
{Heap after GC invocations=28 (full 0):
 garbage-first heap   total 126976K, used 70081K [0x0000000080000000, 0x0000000100000000)
  region size 1024K, 6 young (6144K), 6 survivors (6144K)
 Metaspace       used 87863K, committed 88512K, reserved 1130496K
  class space    used 12012K, committed 12352K, reserved 1048576K
}
Event: 9.891 GC heap before
{Heap before GC invocations=29 (full 0):
 garbage-first heap   total 126976K, used 101825K [0x0000000080000000, 0x0000000100000000)
  region size 1024K, 37 young (37888K), 6 survivors (6144K)
 Metaspace       used 89717K, committed 90304K, reserved 1130496K
  class space    used 12371K, committed 12672K, reserved 1048576K
}
Event: 9.897 GC heap after
{Heap after GC invocations=30 (full 0):
 garbage-first heap   total 126976K, used 74801K [0x0000000080000000, 0x0000000100000000)
  region size 1024K, 5 young (5120K), 5 survivors (5120K)
 Metaspace       used 89717K, committed 90304K, reserved 1130496K
  class space    used 12371K, committed 12672K, reserved 1048576K
}
Event: 9.905 GC heap before
{Heap before GC invocations=30 (full 0):
 garbage-first heap   total 126976K, used 75825K [0x0000000080000000, 0x0000000100000000)
  region size 1024K, 6 young (6144K), 5 survivors (5120K)
 Metaspace       used 89831K, committed 90496K, reserved 1130496K
  class space    used 12412K, committed 12736K, reserved 1048576K
}
Event: 9.908 GC heap after
{Heap after GC invocations=31 (full 0):
 garbage-first heap   total 126976K, used 74911K [0x0000000080000000, 0x0000000100000000)
  region size 1024K, 1 young (1024K), 1 survivors (1024K)
 Metaspace       used 89831K, committed 90496K, reserved 1130496K
  class space    used 12412K, committed 12736K, reserved 1048576K
}
Event: 10.096 GC heap before
{Heap before GC invocations=31 (full 0):
 garbage-first heap   total 126976K, used 101535K [0x0000000080000000, 0x0000000100000000)
  region size 1024K, 28 young (28672K), 1 survivors (1024K)
 Metaspace       used 90102K, committed 90816K, reserved 1130496K
  class space    used 12468K, committed 12800K, reserved 1048576K
}
Event: 10.098 GC heap after
{Heap after GC invocations=32 (full 0):
 garbage-first heap   total 253952K, used 76125K [0x0000000080000000, 0x0000000100000000)
  region size 1024K, 3 young (3072K), 3 survivors (3072K)
 Metaspace       used 90102K, committed 90816K, reserved 1130496K
  class space    used 12468K, committed 12800K, reserved 1048576K
}
Event: 11.405 GC heap before
{Heap before GC invocations=33 (full 0):
 garbage-first heap   total 253952K, used 192861K [0x0000000080000000, 0x0000000100000000)
  region size 1024K, 117 young (119808K), 3 survivors (3072K)
 Metaspace       used 93229K, committed 93952K, reserved 1130496K
  class space    used 12761K, committed 13120K, reserved 1048576K
}
Event: 11.414 GC heap after
{Heap after GC invocations=34 (full 0):
 garbage-first heap   total 253952K, used 85491K [0x0000000080000000, 0x0000000100000000)
  region size 1024K, 12 young (12288K), 12 survivors (12288K)
 Metaspace       used 93229K, committed 93952K, reserved 1130496K
  class space    used 12761K, committed 13120K, reserved 1048576K
}
Event: 11.422 GC heap before
{Heap before GC invocations=34 (full 0):
 garbage-first heap   total 253952K, used 86515K [0x0000000080000000, 0x0000000100000000)
  region size 1024K, 13 young (13312K), 12 survivors (12288K)
 Metaspace       used 93242K, committed 93952K, reserved 1130496K
  class space    used 12763K, committed 13120K, reserved 1048576K
}
Event: 11.429 GC heap after
{Heap after GC invocations=35 (full 0):
 garbage-first heap   total 253952K, used 86775K [0x0000000080000000, 0x0000000100000000)
  region size 1024K, 2 young (2048K), 2 survivors (2048K)
 Metaspace       used 93242K, committed 93952K, reserved 1130496K
  class space    used 12763K, committed 13120K, reserved 1048576K
}
Event: 16.480 GC heap before
{Heap before GC invocations=35 (full 0):
 garbage-first heap   total 253952K, used 192247K [0x0000000080000000, 0x0000000100000000)
  region size 1024K, 106 young (108544K), 2 survivors (2048K)
 Metaspace       used 96135K, committed 96832K, reserved 1138688K
  class space    used 13124K, committed 13440K, reserved 1048576K
}
Event: 16.484 GC heap after
{Heap after GC invocations=36 (full 0):
 garbage-first heap   total 253952K, used 93007K [0x0000000080000000, 0x0000000100000000)
  region size 1024K, 8 young (8192K), 8 survivors (8192K)
 Metaspace       used 96135K, committed 96832K, reserved 1138688K
  class space    used 13124K, committed 13440K, reserved 1048576K
}
Event: 18.187 GC heap before
{Heap before GC invocations=36 (full 0):
 garbage-first heap   total 253952K, used 200527K [0x0000000080000000, 0x0000000100000000)
  region size 1024K, 110 young (112640K), 8 survivors (8192K)
 Metaspace       used 108278K, committed 109056K, reserved 1146880K
  class space    used 14765K, committed 15104K, reserved 1048576K
}
Event: 18.193 GC heap after
{Heap after GC invocations=37 (full 0):
 garbage-first heap   total 253952K, used 99149K [0x0000000080000000, 0x0000000100000000)
  region size 1024K, 5 young (5120K), 5 survivors (5120K)
 Metaspace       used 108278K, committed 109056K, reserved 1146880K
  class space    used 14765K, committed 15104K, reserved 1048576K
}
Event: 19.060 GC heap before
{Heap before GC invocations=37 (full 0):
 garbage-first heap   total 253952K, used 202573K [0x0000000080000000, 0x0000000100000000)
  region size 1024K, 107 young (109568K), 5 survivors (5120K)
 Metaspace       used 120065K, committed 120896K, reserved 1155072K
  class space    used 16799K, committed 17216K, reserved 1048576K
}
Event: 19.066 GC heap after
{Heap after GC invocations=38 (full 0):
 garbage-first heap   total 253952K, used 105263K [0x0000000080000000, 0x0000000100000000)
  region size 1024K, 13 young (13312K), 13 survivors (13312K)
 Metaspace       used 120065K, committed 120896K, reserved 1155072K
  class space    used 16799K, committed 17216K, reserved 1048576K
}
Event: 444.927 GC heap before
{Heap before GC invocations=38 (full 0):
 garbage-first heap   total 253952K, used 227119K [0x0000000080000000, 0x0000000100000000)
  region size 1024K, 108 young (110592K), 13 survivors (13312K)
 Metaspace       used 126392K, committed 127296K, reserved 1163264K
  class space    used 17926K, committed 18368K, reserved 1048576K
}
Event: 444.932 GC heap after
{Heap after GC invocations=39 (full 0):
 garbage-first heap   total 253952K, used 98993K [0x0000000080000000, 0x0000000100000000)
  region size 1024K, 3 young (3072K), 3 survivors (3072K)
 Metaspace       used 126392K, committed 127296K, reserved 1163264K
  class space    used 17926K, committed 18368K, reserved 1048576K
}

