# JRE version: OpenJDK Runtime Environment (17.0.6) (build 17.0.6+0-b2043.56-10027231)
# Java VM: OpenJDK 64-Bit Server VM (17.0.6+0-b2043.56-10027231, mixed mode, tiered, compressed oops, compressed class ptrs, g1 gc, windows-amd64)
GC Precious Log:
 CPUs: 12 total, 12 available
 Memory: 16016M
 Large Page Support: Disabled
 NUMA Support: Disabled
 Compressed Oops: Enabled (32-bit)
 Heap Region Size: 1M
 Heap Min Capacity: 8M
 Heap Initial Capacity: 252M
 Heap Max Capacity: 2G
 Pre-touch: Disabled
 Parallel Workers: 10
 Concurrent Workers: 3
 Concurrent Refinement Workers: 10
 Periodic GC: Disabled
Heap:
 garbage-first heap   total 129024K, used 90209K [0x0000000080000000, 0x0000000100000000)
  region size 1024K, 39 young (39936K), 4 survivors (4096K)
 Metaspace       used 74475K, committed 74944K, reserved 1114112K
  class space    used 9909K, committed 10112K, reserved 1048576K
GC Heap History (20 events):
Event: 6.977 GC heap before
{Heap before GC invocations=18 (full 0):
 garbage-first heap   total 82944K, used 39902K [0x0000000080000000, 0x0000000100000000)
  region size 1024K, 4 young (4096K), 2 survivors (2048K)
 Metaspace       used 53251K, committed 53760K, reserved 1097728K
  class space    used 7127K, committed 7360K, reserved 1048576K
}
Event: 6.980 GC heap after
{Heap after GC invocations=19 (full 0):
 garbage-first heap   total 82944K, used 39904K [0x0000000080000000, 0x0000000100000000)
  region size 1024K, 3 young (3072K), 3 survivors (3072K)
 Metaspace       used 53251K, committed 53760K, reserved 1097728K
  class space    used 7127K, committed 7360K, reserved 1048576K
}
Event: 7.118 GC heap before
{Heap before GC invocations=20 (full 0):
 garbage-first heap   total 82944K, used 42976K [0x0000000080000000, 0x0000000100000000)
  region size 1024K, 7 young (7168K), 3 survivors (3072K)
 Metaspace       used 53260K, committed 53760K, reserved 1097728K
  class space    used 7127K, committed 7360K, reserved 1048576K
}
Event: 7.121 GC heap after
{Heap after GC invocations=21 (full 0):
 garbage-first heap   total 82944K, used 43741K [0x0000000080000000, 0x0000000100000000)
  region size 1024K, 3 young (3072K), 3 survivors (3072K)
 Metaspace       used 53260K, committed 53760K, reserved 1097728K
  class space    used 7127K, committed 7360K, reserved 1048576K
}
Event: 7.400 GC heap before
{Heap before GC invocations=22 (full 0):
 garbage-first heap   total 82944K, used 59101K [0x0000000080000000, 0x0000000100000000)
  region size 1024K, 18 young (18432K), 3 survivors (3072K)
 Metaspace       used 55096K, committed 55488K, reserved 1097728K
  class space    used 7376K, committed 7552K, reserved 1048576K
}
Event: 7.403 GC heap after
{Heap after GC invocations=23 (full 0):
 garbage-first heap   total 82944K, used 45310K [0x0000000080000000, 0x0000000100000000)
  region size 1024K, 2 young (2048K), 2 survivors (2048K)
 Metaspace       used 55096K, committed 55488K, reserved 1097728K
  class space    used 7376K, committed 7552K, reserved 1048576K
}
Event: 7.627 GC heap before
{Heap before GC invocations=23 (full 0):
 garbage-first heap   total 82944K, used 59646K [0x0000000080000000, 0x0000000100000000)
  region size 1024K, 16 young (16384K), 2 survivors (2048K)
 Metaspace       used 57040K, committed 57536K, reserved 1105920K
  class space    used 7642K, committed 7872K, reserved 1048576K
}
Event: 7.629 GC heap after
{Heap after GC invocations=24 (full 0):
 garbage-first heap   total 103424K, used 46002K [0x0000000080000000, 0x0000000100000000)
  region size 1024K, 1 young (1024K), 1 survivors (1024K)
 Metaspace       used 57040K, committed 57536K, reserved 1105920K
  class space    used 7642K, committed 7872K, reserved 1048576K
}
Event: 8.039 GC heap before
{Heap before GC invocations=25 (full 0):
 garbage-first heap   total 103424K, used 71602K [0x0000000080000000, 0x0000000100000000)
  region size 1024K, 26 young (26624K), 1 survivors (1024K)
 Metaspace       used 61824K, committed 62336K, reserved 1105920K
  class space    used 8244K, committed 8448K, reserved 1048576K
}
Event: 8.041 GC heap after
{Heap after GC invocations=26 (full 0):
 garbage-first heap   total 103424K, used 47147K [0x0000000080000000, 0x0000000100000000)
  region size 1024K, 2 young (2048K), 2 survivors (2048K)
 Metaspace       used 61824K, committed 62336K, reserved 1105920K
  class space    used 8244K, committed 8448K, reserved 1048576K
}
Event: 8.189 GC heap before
{Heap before GC invocations=26 (full 0):
 garbage-first heap   total 103424K, used 56363K [0x0000000080000000, 0x0000000100000000)
  region size 1024K, 13 young (13312K), 2 survivors (2048K)
 Metaspace       used 63831K, committed 64384K, reserved 1105920K
  class space    used 8493K, committed 8704K, reserved 1048576K
}
Event: 8.191 GC heap after
{Heap after GC invocations=27 (full 0):
 garbage-first heap   total 103424K, used 48620K [0x0000000080000000, 0x0000000100000000)
  region size 1024K, 4 young (4096K), 4 survivors (4096K)
 Metaspace       used 63831K, committed 64384K, reserved 1105920K
  class space    used 8493K, committed 8704K, reserved 1048576K
}
Event: 8.197 GC heap before
{Heap before GC invocations=27 (full 0):
 garbage-first heap   total 103424K, used 52716K [0x0000000080000000, 0x0000000100000000)
  region size 1024K, 8 young (8192K), 4 survivors (4096K)
 Metaspace       used 63831K, committed 64384K, reserved 1105920K
  class space    used 8493K, committed 8704K, reserved 1048576K
}
Event: 8.199 GC heap after
{Heap after GC invocations=28 (full 0):
 garbage-first heap   total 103424K, used 51313K [0x0000000080000000, 0x0000000100000000)
  region size 1024K, 4 young (4096K), 4 survivors (4096K)
 Metaspace       used 63831K, committed 64384K, reserved 1105920K
  class space    used 8493K, committed 8704K, reserved 1048576K
}
Event: 8.401 GC heap before
{Heap before GC invocations=29 (full 0):
 garbage-first heap   total 107520K, used 76913K [0x0000000080000000, 0x0000000100000000)
  region size 1024K, 24 young (24576K), 4 survivors (4096K)
 Metaspace       used 65280K, committed 65792K, reserved 1114112K
  class space    used 8679K, committed 8896K, reserved 1048576K
}
Event: 8.403 GC heap after
{Heap after GC invocations=30 (full 0):
 garbage-first heap   total 107520K, used 51092K [0x0000000080000000, 0x0000000100000000)
  region size 1024K, 2 young (2048K), 2 survivors (2048K)
 Metaspace       used 65280K, committed 65792K, reserved 1114112K
  class space    used 8679K, committed 8896K, reserved 1048576K
}
Event: 8.648 GC heap before
{Heap before GC invocations=30 (full 0):
 garbage-first heap   total 107520K, used 76692K [0x0000000080000000, 0x0000000100000000)
  region size 1024K, 27 young (27648K), 2 survivors (2048K)
 Metaspace       used 67687K, committed 68224K, reserved 1114112K
  class space    used 8998K, committed 9216K, reserved 1048576K
}
Event: 8.650 GC heap after
{Heap after GC invocations=31 (full 0):
 garbage-first heap   total 107520K, used 52717K [0x0000000080000000, 0x0000000100000000)
  region size 1024K, 3 young (3072K), 3 survivors (3072K)
 Metaspace       used 67687K, committed 68224K, reserved 1114112K
  class space    used 8998K, committed 9216K, reserved 1048576K
}
Event: 8.970 GC heap before
{Heap before GC invocations=32 (full 0):
 garbage-first heap   total 107520K, used 79341K [0x0000000080000000, 0x0000000100000000)
  region size 1024K, 29 young (29696K), 3 survivors (3072K)
 Metaspace       used 71372K, committed 71872K, reserved 1114112K
  class space    used 9511K, committed 9728K, reserved 1048576K
}
Event: 8.973 GC heap after
{Heap after GC invocations=33 (full 0):
 garbage-first heap   total 129024K, used 54369K [0x0000000080000000, 0x0000000100000000)
  region size 1024K, 4 young (4096K), 4 survivors (4096K)
 Metaspace       used 71372K, committed 71872K, reserved 1114112K
  class space    used 9511K, committed 9728K, reserved 1048576K
}

