# JRE version: OpenJDK Runtime Environment (17.0.6) (build 17.0.6+0-b2043.56-10027231)
# Java VM: OpenJDK 64-Bit Server VM (17.0.6+0-b2043.56-10027231, mixed mode, tiered, compressed oops, compressed class ptrs, g1 gc, windows-amd64)
GC Precious Log:
 CPUs: 12 total, 12 available
 Memory: 16016M
 Large Page Support: Disabled
 NUMA Support: Disabled
 Compressed Oops: Enabled (32-bit)
 Heap Region Size: 1M
 Heap Min Capacity: 8M
 Heap Initial Capacity: 252M
 Heap Max Capacity: 2G
 Pre-touch: Disabled
 Parallel Workers: 10
 Concurrent Workers: 3
 Concurrent Refinement Workers: 10
 Periodic GC: Disabled
Heap:
 garbage-first heap   total 104448K, used 51372K [0x0000000080000000, 0x0000000100000000)
  region size 1024K, 2 young (2048K), 2 survivors (2048K)
 Metaspace       used 64090K, committed 64576K, reserved 1105920K
  class space    used 8555K, committed 8768K, reserved 1048576K
GC Heap History (20 events):
Event: 4.450 GC heap after
{Heap after GC invocations=7 (full 0):
 garbage-first heap   total 71680K, used 24557K [0x0000000080000000, 0x0000000100000000)
  region size 1024K, 4 young (4096K), 4 survivors (4096K)
 Metaspace       used 35624K, committed 35968K, reserved 1081344K
  class space    used 4877K, committed 5056K, reserved 1048576K
}
Event: 4.779 GC heap before
{Heap before GC invocations=8 (full 0):
 garbage-first heap   total 71680K, used 51181K [0x0000000080000000, 0x0000000100000000)
  region size 1024K, 31 young (31744K), 4 survivors (4096K)
 Metaspace       used 40390K, committed 40768K, reserved 1089536K
  class space    used 5363K, committed 5504K, reserved 1048576K
}
Event: 4.783 GC heap after
{Heap after GC invocations=9 (full 0):
 garbage-first heap   total 71680K, used 28501K [0x0000000080000000, 0x0000000100000000)
  region size 1024K, 4 young (4096K), 4 survivors (4096K)
 Metaspace       used 40390K, committed 40768K, reserved 1089536K
  class space    used 5363K, committed 5504K, reserved 1048576K
}
Event: 5.083 GC heap before
{Heap before GC invocations=9 (full 0):
 garbage-first heap   total 71680K, used 56149K [0x0000000080000000, 0x0000000100000000)
  region size 1024K, 28 young (28672K), 4 survivors (4096K)
 Metaspace       used 43145K, committed 43584K, reserved 1089536K
  class space    used 5675K, committed 5888K, reserved 1048576K
}
Event: 5.088 GC heap after
{Heap after GC invocations=10 (full 0):
 garbage-first heap   total 88064K, used 30885K [0x0000000080000000, 0x0000000100000000)
  region size 1024K, 3 young (3072K), 3 survivors (3072K)
 Metaspace       used 43145K, committed 43584K, reserved 1089536K
  class space    used 5675K, committed 5888K, reserved 1048576K
}
Event: 5.528 GC heap before
{Heap before GC invocations=10 (full 0):
 garbage-first heap   total 88064K, used 64677K [0x0000000080000000, 0x0000000100000000)
  region size 1024K, 36 young (36864K), 3 survivors (3072K)
 Metaspace       used 47058K, committed 47552K, reserved 1097728K
  class space    used 6203K, committed 6400K, reserved 1048576K
}
Event: 5.532 GC heap after
{Heap after GC invocations=11 (full 0):
 garbage-first heap   total 88064K, used 33185K [0x0000000080000000, 0x0000000100000000)
  region size 1024K, 5 young (5120K), 5 survivors (5120K)
 Metaspace       used 47058K, committed 47552K, reserved 1097728K
  class space    used 6203K, committed 6400K, reserved 1048576K
}
Event: 6.100 GC heap before
{Heap before GC invocations=11 (full 0):
 garbage-first heap   total 88064K, used 65953K [0x0000000080000000, 0x0000000100000000)
  region size 1024K, 37 young (37888K), 5 survivors (5120K)
 Metaspace       used 51660K, committed 52096K, reserved 1097728K
  class space    used 6926K, committed 7104K, reserved 1048576K
}
Event: 6.105 GC heap after
{Heap after GC invocations=12 (full 0):
 garbage-first heap   total 88064K, used 34832K [0x0000000080000000, 0x0000000100000000)
  region size 1024K, 4 young (4096K), 4 survivors (4096K)
 Metaspace       used 51660K, committed 52096K, reserved 1097728K
  class space    used 6926K, committed 7104K, reserved 1048576K
}
Event: 6.808 GC heap before
{Heap before GC invocations=12 (full 0):
 garbage-first heap   total 88064K, used 68624K [0x0000000080000000, 0x0000000100000000)
  region size 1024K, 37 young (37888K), 4 survivors (4096K)
 Metaspace       used 53137K, committed 53632K, reserved 1097728K
  class space    used 7118K, committed 7296K, reserved 1048576K
}
Event: 6.812 GC heap after
{Heap after GC invocations=13 (full 0):
 garbage-first heap   total 88064K, used 37279K [0x0000000080000000, 0x0000000100000000)
  region size 1024K, 4 young (4096K), 4 survivors (4096K)
 Metaspace       used 53137K, committed 53632K, reserved 1097728K
  class space    used 7118K, committed 7296K, reserved 1048576K
}
Event: 7.516 GC heap before
{Heap before GC invocations=13 (full 0):
 garbage-first heap   total 88064K, used 71071K [0x0000000080000000, 0x0000000100000000)
  region size 1024K, 34 young (34816K), 4 survivors (4096K)
 Metaspace       used 55813K, committed 56320K, reserved 1097728K
  class space    used 7472K, committed 7680K, reserved 1048576K
}
Event: 7.521 GC heap after
{Heap after GC invocations=14 (full 0):
 garbage-first heap   total 88064K, used 45823K [0x0000000080000000, 0x0000000100000000)
  region size 1024K, 5 young (5120K), 5 survivors (5120K)
 Metaspace       used 55813K, committed 56320K, reserved 1097728K
  class space    used 7472K, committed 7680K, reserved 1048576K
}
Event: 7.843 GC heap before
{Heap before GC invocations=14 (full 0):
 garbage-first heap   total 88064K, used 68351K [0x0000000080000000, 0x0000000100000000)
  region size 1024K, 27 young (27648K), 5 survivors (5120K)
 Metaspace       used 59534K, committed 60032K, reserved 1105920K
  class space    used 7902K, committed 8128K, reserved 1048576K
}
Event: 7.849 GC heap after
{Heap after GC invocations=15 (full 0):
 garbage-first heap   total 88064K, used 47534K [0x0000000080000000, 0x0000000100000000)
  region size 1024K, 2 young (2048K), 2 survivors (2048K)
 Metaspace       used 59534K, committed 60032K, reserved 1105920K
  class space    used 7902K, committed 8128K, reserved 1048576K
}
Event: 8.202 GC heap before
{Heap before GC invocations=16 (full 0):
 garbage-first heap   total 88064K, used 70062K [0x0000000080000000, 0x0000000100000000)
  region size 1024K, 24 young (24576K), 2 survivors (2048K)
 Metaspace       used 63824K, committed 64384K, reserved 1105920K
  class space    used 8493K, committed 8704K, reserved 1048576K
}
Event: 8.205 GC heap after
{Heap after GC invocations=17 (full 0):
 garbage-first heap   total 88064K, used 48927K [0x0000000080000000, 0x0000000100000000)
  region size 1024K, 3 young (3072K), 3 survivors (3072K)
 Metaspace       used 63824K, committed 64384K, reserved 1105920K
  class space    used 8493K, committed 8704K, reserved 1048576K
}
Event: 8.210 GC heap before
{Heap before GC invocations=17 (full 0):
 garbage-first heap   total 88064K, used 48927K [0x0000000080000000, 0x0000000100000000)
  region size 1024K, 4 young (4096K), 3 survivors (3072K)
 Metaspace       used 63830K, committed 64384K, reserved 1105920K
  class space    used 8494K, committed 8704K, reserved 1048576K
}
Event: 8.213 GC heap after
{Heap after GC invocations=18 (full 0):
 garbage-first heap   total 88064K, used 49639K [0x0000000080000000, 0x0000000100000000)
  region size 1024K, 1 young (1024K), 1 survivors (1024K)
 Metaspace       used 63830K, committed 64384K, reserved 1105920K
  class space    used 8494K, committed 8704K, reserved 1048576K
}
Event: 8.433 GC heap before
{Heap before GC invocations=19 (full 0):
 garbage-first heap   total 104448K, used 69095K [0x0000000080000000, 0x0000000100000000)
  region size 1024K, 15 young (15360K), 1 survivors (1024K)
 Metaspace       used 64090K, committed 64576K, reserved 1105920K
  class space    used 8555K, committed 8768K, reserved 1048576K
}

