# JRE version: OpenJDK Runtime Environment (17.0.6) (build 17.0.6+0-b2043.56-10027231)
# Java VM: OpenJDK 64-Bit Server VM (17.0.6+0-b2043.56-10027231, mixed mode, tiered, compressed oops, compressed class ptrs, g1 gc, windows-amd64)
GC Precious Log:
 CPUs: 12 total, 12 available
 Memory: 16016M
 Large Page Support: Disabled
 NUMA Support: Disabled
 Compressed Oops: Enabled (32-bit)
 Heap Region Size: 1M
 Heap Min Capacity: 8M
 Heap Initial Capacity: 252M
 Heap Max Capacity: 2G
 Pre-touch: Disabled
 Parallel Workers: 10
 Concurrent Workers: 3
 Concurrent Refinement Workers: 10
 Periodic GC: Disabled
Heap:
 garbage-first heap   total 125952K, used 74288K [0x0000000080000000, 0x0000000100000000)
  region size 1024K, 3 young (3072K), 3 survivors (3072K)
 Metaspace       used 89145K, committed 89856K, reserved 1130496K
  class space    used 12266K, committed 12608K, reserved 1048576K
GC Heap History (20 events):
Event: 10.541 GC heap after
{Heap after GC invocations=18 (full 0):
 garbage-first heap   total 100352K, used 46475K [0x0000000080000000, 0x0000000100000000)
  region size 1024K, 1 young (1024K), 1 survivors (1024K)
 Metaspace       used 58769K, committed 59264K, reserved 1105920K
  class space    used 7819K, committed 8064K, reserved 1048576K
}
Event: 11.266 GC heap before
{Heap before GC invocations=19 (full 0):
 garbage-first heap   total 100352K, used 74123K [0x0000000080000000, 0x0000000100000000)
  region size 1024K, 29 young (29696K), 1 survivors (1024K)
 Metaspace       used 63724K, committed 64256K, reserved 1105920K
  class space    used 8482K, committed 8704K, reserved 1048576K
}
Event: 11.271 GC heap after
{Heap after GC invocations=20 (full 0):
 garbage-first heap   total 100352K, used 48845K [0x0000000080000000, 0x0000000100000000)
  region size 1024K, 4 young (4096K), 4 survivors (4096K)
 Metaspace       used 63724K, committed 64256K, reserved 1105920K
  class space    used 8482K, committed 8704K, reserved 1048576K
}
Event: 11.623 GC heap before
{Heap before GC invocations=21 (full 0):
 garbage-first heap   total 104448K, used 81613K [0x0000000080000000, 0x0000000100000000)
  region size 1024K, 30 young (30720K), 4 survivors (4096K)
 Metaspace       used 65401K, committed 65984K, reserved 1114112K
  class space    used 8704K, committed 8960K, reserved 1048576K
}
Event: 11.631 GC heap after
{Heap after GC invocations=22 (full 0):
 garbage-first heap   total 104448K, used 51556K [0x0000000080000000, 0x0000000100000000)
  region size 1024K, 4 young (4096K), 4 survivors (4096K)
 Metaspace       used 65401K, committed 65984K, reserved 1114112K
  class space    used 8704K, committed 8960K, reserved 1048576K
}
Event: 12.281 GC heap before
{Heap before GC invocations=22 (full 0):
 garbage-first heap   total 104448K, used 77156K [0x0000000080000000, 0x0000000100000000)
  region size 1024K, 30 young (30720K), 4 survivors (4096K)
 Metaspace       used 68082K, committed 68608K, reserved 1114112K
  class space    used 9061K, committed 9280K, reserved 1048576K
}
Event: 12.286 GC heap after
{Heap after GC invocations=23 (full 0):
 garbage-first heap   total 104448K, used 53160K [0x0000000080000000, 0x0000000100000000)
  region size 1024K, 2 young (2048K), 2 survivors (2048K)
 Metaspace       used 68082K, committed 68608K, reserved 1114112K
  class space    used 9061K, committed 9280K, reserved 1048576K
}
Event: 12.642 GC heap before
{Heap before GC invocations=24 (full 0):
 garbage-first heap   total 104448K, used 80808K [0x0000000080000000, 0x0000000100000000)
  region size 1024K, 29 young (29696K), 2 survivors (2048K)
 Metaspace       used 71905K, committed 72384K, reserved 1114112K
  class space    used 9570K, committed 9792K, reserved 1048576K
}
Event: 12.647 GC heap after
{Heap after GC invocations=25 (full 0):
 garbage-first heap   total 125952K, used 54990K [0x0000000080000000, 0x0000000100000000)
  region size 1024K, 4 young (4096K), 4 survivors (4096K)
 Metaspace       used 71905K, committed 72384K, reserved 1114112K
  class space    used 9570K, committed 9792K, reserved 1048576K
}
Event: 13.496 GC heap before
{Heap before GC invocations=25 (full 0):
 garbage-first heap   total 125952K, used 94926K [0x0000000080000000, 0x0000000100000000)
  region size 1024K, 42 young (43008K), 4 survivors (4096K)
 Metaspace       used 75308K, committed 75968K, reserved 1122304K
  class space    used 10070K, committed 10368K, reserved 1048576K
}
Event: 13.503 GC heap after
{Heap after GC invocations=26 (full 0):
 garbage-first heap   total 125952K, used 56856K [0x0000000080000000, 0x0000000100000000)
  region size 1024K, 4 young (4096K), 4 survivors (4096K)
 Metaspace       used 75308K, committed 75968K, reserved 1122304K
  class space    used 10070K, committed 10368K, reserved 1048576K
}
Event: 14.371 GC heap before
{Heap before GC invocations=26 (full 0):
 garbage-first heap   total 125952K, used 96792K [0x0000000080000000, 0x0000000100000000)
  region size 1024K, 43 young (44032K), 4 survivors (4096K)
 Metaspace       used 79904K, committed 80448K, reserved 1122304K
  class space    used 10872K, committed 11136K, reserved 1048576K
}
Event: 14.379 GC heap after
{Heap after GC invocations=27 (full 0):
 garbage-first heap   total 125952K, used 59709K [0x0000000080000000, 0x0000000100000000)
  region size 1024K, 5 young (5120K), 5 survivors (5120K)
 Metaspace       used 79904K, committed 80448K, reserved 1122304K
  class space    used 10872K, committed 11136K, reserved 1048576K
}
Event: 15.151 GC heap before
{Heap before GC invocations=27 (full 0):
 garbage-first heap   total 125952K, used 98621K [0x0000000080000000, 0x0000000100000000)
  region size 1024K, 43 young (44032K), 5 survivors (5120K)
 Metaspace       used 84149K, committed 84736K, reserved 1122304K
  class space    used 11543K, committed 11840K, reserved 1048576K
}
Event: 15.161 GC heap after
{Heap after GC invocations=28 (full 0):
 garbage-first heap   total 125952K, used 62237K [0x0000000080000000, 0x0000000100000000)
  region size 1024K, 6 young (6144K), 6 survivors (6144K)
 Metaspace       used 84149K, committed 84736K, reserved 1122304K
  class space    used 11543K, committed 11840K, reserved 1048576K
}
Event: 16.007 GC heap before
{Heap before GC invocations=28 (full 0):
 garbage-first heap   total 125952K, used 99101K [0x0000000080000000, 0x0000000100000000)
  region size 1024K, 42 young (43008K), 6 survivors (6144K)
 Metaspace       used 87580K, committed 88192K, reserved 1130496K
  class space    used 11983K, committed 12288K, reserved 1048576K
}
Event: 16.019 GC heap after
{Heap after GC invocations=29 (full 0):
 garbage-first heap   total 125952K, used 66070K [0x0000000080000000, 0x0000000100000000)
  region size 1024K, 6 young (6144K), 6 survivors (6144K)
 Metaspace       used 87580K, committed 88192K, reserved 1130496K
  class space    used 11983K, committed 12288K, reserved 1048576K
}
Event: 16.424 GC heap before
{Heap before GC invocations=30 (full 0):
 garbage-first heap   total 125952K, used 100886K [0x0000000080000000, 0x0000000100000000)
  region size 1024K, 40 young (40960K), 6 survivors (6144K)
 Metaspace       used 87867K, committed 88512K, reserved 1130496K
  class space    used 12009K, committed 12288K, reserved 1048576K
}
Event: 16.434 GC heap after
{Heap after GC invocations=31 (full 0):
 garbage-first heap   total 125952K, used 71422K [0x0000000080000000, 0x0000000100000000)
  region size 1024K, 5 young (5120K), 5 survivors (5120K)
 Metaspace       used 87867K, committed 88512K, reserved 1130496K
  class space    used 12009K, committed 12288K, reserved 1048576K
}
Event: 16.793 GC heap before
{Heap before GC invocations=31 (full 0):
 garbage-first heap   total 125952K, used 84734K [0x0000000080000000, 0x0000000100000000)
  region size 1024K, 20 young (20480K), 5 survivors (5120K)
 Metaspace       used 89145K, committed 89856K, reserved 1130496K
  class space    used 12266K, committed 12608K, reserved 1048576K
}

