# JRE version: OpenJDK Runtime Environment (17.0.6) (build 17.0.6+0-b2043.56-10027231)
# Java VM: OpenJDK 64-Bit Server VM (17.0.6+0-b2043.56-10027231, mixed mode, tiered, compressed oops, compressed class ptrs, g1 gc, windows-amd64)
GC Precious Log:
 CPUs: 12 total, 12 available
 Memory: 16016M
 Large Page Support: Disabled
 NUMA Support: Disabled
 Compressed Oops: Enabled (32-bit)
 Heap Region Size: 1M
 Heap Min Capacity: 8M
 Heap Initial Capacity: 252M
 Heap Max Capacity: 2G
 Pre-touch: Disabled
 Parallel Workers: 10
 Concurrent Workers: 3
 Concurrent Refinement Workers: 10
 Periodic GC: Disabled
Heap:
 garbage-first heap   total 145408K, used 81095K [0x0000000080000000, 0x0000000100000000)
  region size 1024K, 1 young (1024K), 1 survivors (1024K)
 Metaspace       used 93459K, committed 94208K, reserved 1130496K
  class space    used 12823K, committed 13184K, reserved 1048576K
GC Heap History (20 events):
Event: 13.763 GC heap after
{Heap after GC invocations=20 (full 0):
 garbage-first heap   total 124928K, used 55802K [0x0000000080000000, 0x0000000100000000)
  region size 1024K, 6 young (6144K), 6 survivors (6144K)
 Metaspace       used 74877K, committed 75456K, reserved 1122304K
  class space    used 9986K, committed 10240K, reserved 1048576K
}
Event: 14.732 GC heap before
{Heap before GC invocations=20 (full 0):
 garbage-first heap   total 124928K, used 98810K [0x0000000080000000, 0x0000000100000000)
  region size 1024K, 48 young (49152K), 6 survivors (6144K)
 Metaspace       used 79933K, committed 80576K, reserved 1122304K
  class space    used 10887K, committed 11200K, reserved 1048576K
}
Event: 14.741 GC heap after
{Heap after GC invocations=21 (full 0):
 garbage-first heap   total 124928K, used 58922K [0x0000000080000000, 0x0000000100000000)
  region size 1024K, 6 young (6144K), 6 survivors (6144K)
 Metaspace       used 79933K, committed 80576K, reserved 1122304K
  class space    used 10887K, committed 11200K, reserved 1048576K
}
Event: 46.306 GC heap before
{Heap before GC invocations=21 (full 0):
 garbage-first heap   total 124928K, used 99882K [0x0000000080000000, 0x0000000100000000)
  region size 1024K, 46 young (47104K), 6 survivors (6144K)
 Metaspace       used 82548K, committed 83136K, reserved 1122304K
  class space    used 11329K, committed 11584K, reserved 1048576K
}
Event: 46.315 GC heap after
{Heap after GC invocations=22 (full 0):
 garbage-first heap   total 124928K, used 62373K [0x0000000080000000, 0x0000000100000000)
  region size 1024K, 6 young (6144K), 6 survivors (6144K)
 Metaspace       used 82548K, committed 83136K, reserved 1122304K
  class space    used 11329K, committed 11584K, reserved 1048576K
}
Event: 47.141 GC heap before
{Heap before GC invocations=22 (full 0):
 garbage-first heap   total 124928K, used 101285K [0x0000000080000000, 0x0000000100000000)
  region size 1024K, 44 young (45056K), 6 survivors (6144K)
 Metaspace       used 84031K, committed 84608K, reserved 1122304K
  class space    used 11494K, committed 11776K, reserved 1048576K
}
Event: 47.153 GC heap after
{Heap after GC invocations=23 (full 0):
 garbage-first heap   total 124928K, used 67135K [0x0000000080000000, 0x0000000100000000)
  region size 1024K, 5 young (5120K), 5 survivors (5120K)
 Metaspace       used 84031K, committed 84608K, reserved 1122304K
  class space    used 11494K, committed 11776K, reserved 1048576K
}
Event: 48.278 GC heap before
{Heap before GC invocations=24 (full 0):
 garbage-first heap   total 124928K, used 100927K [0x0000000080000000, 0x0000000100000000)
  region size 1024K, 38 young (38912K), 5 survivors (5120K)
 Metaspace       used 88622K, committed 89216K, reserved 1130496K
  class space    used 12177K, committed 12480K, reserved 1048576K
}
Event: 48.288 GC heap after
{Heap after GC invocations=25 (full 0):
 garbage-first heap   total 124928K, used 69800K [0x0000000080000000, 0x0000000100000000)
  region size 1024K, 3 young (3072K), 3 survivors (3072K)
 Metaspace       used 88622K, committed 89216K, reserved 1130496K
  class space    used 12177K, committed 12480K, reserved 1048576K
}
Event: 48.868 GC heap before
{Heap before GC invocations=25 (full 0):
 garbage-first heap   total 124928K, used 101544K [0x0000000080000000, 0x0000000100000000)
  region size 1024K, 34 young (34816K), 3 survivors (3072K)
 Metaspace       used 89987K, committed 90624K, reserved 1130496K
  class space    used 12356K, committed 12672K, reserved 1048576K
}
Event: 48.876 GC heap after
{Heap after GC invocations=26 (full 0):
 garbage-first heap   total 124928K, used 73307K [0x0000000080000000, 0x0000000100000000)
  region size 1024K, 5 young (5120K), 5 survivors (5120K)
 Metaspace       used 89987K, committed 90624K, reserved 1130496K
  class space    used 12356K, committed 12672K, reserved 1048576K
}
Event: 49.182 GC heap before
{Heap before GC invocations=27 (full 0):
 garbage-first heap   total 130048K, used 101979K [0x0000000080000000, 0x0000000100000000)
  region size 1024K, 33 young (33792K), 5 survivors (5120K)
 Metaspace       used 90103K, committed 90816K, reserved 1130496K
  class space    used 12367K, committed 12672K, reserved 1048576K
}
Event: 49.191 GC heap after
{Heap after GC invocations=28 (full 0):
 garbage-first heap   total 130048K, used 78336K [0x0000000080000000, 0x0000000100000000)
  region size 1024K, 5 young (5120K), 5 survivors (5120K)
 Metaspace       used 90103K, committed 90816K, reserved 1130496K
  class space    used 12367K, committed 12672K, reserved 1048576K
}
Event: 49.224 GC heap before
{Heap before GC invocations=28 (full 0):
 garbage-first heap   total 130048K, used 79360K [0x0000000080000000, 0x0000000100000000)
  region size 1024K, 6 young (6144K), 5 survivors (5120K)
 Metaspace       used 90152K, committed 90816K, reserved 1130496K
  class space    used 12373K, committed 12672K, reserved 1048576K
}
Event: 49.231 GC heap after
{Heap after GC invocations=29 (full 0):
 garbage-first heap   total 130048K, used 77694K [0x0000000080000000, 0x0000000100000000)
  region size 1024K, 1 young (1024K), 1 survivors (1024K)
 Metaspace       used 90152K, committed 90816K, reserved 1130496K
  class space    used 12373K, committed 12672K, reserved 1048576K
}
Event: 50.185 GC heap before
{Heap before GC invocations=29 (full 0):
 garbage-first heap   total 130048K, used 106366K [0x0000000080000000, 0x0000000100000000)
  region size 1024K, 29 young (29696K), 1 survivors (1024K)
 Metaspace       used 93220K, committed 93888K, reserved 1130496K
  class space    used 12808K, committed 13120K, reserved 1048576K
}
Event: 50.191 GC heap after
{Heap after GC invocations=30 (full 0):
 garbage-first heap   total 130048K, used 79701K [0x0000000080000000, 0x0000000100000000)
  region size 1024K, 3 young (3072K), 3 survivors (3072K)
 Metaspace       used 93220K, committed 93888K, reserved 1130496K
  class space    used 12808K, committed 13120K, reserved 1048576K
}
Event: 50.541 GC heap before
{Heap before GC invocations=31 (full 0):
 garbage-first heap   total 145408K, used 106325K [0x0000000080000000, 0x0000000100000000)
  region size 1024K, 30 young (30720K), 3 survivors (3072K)
 Metaspace       used 93336K, committed 94016K, reserved 1130496K
  class space    used 12809K, committed 13120K, reserved 1048576K
}
Event: 50.547 GC heap after
{Heap after GC invocations=32 (full 0):
 garbage-first heap   total 145408K, used 81331K [0x0000000080000000, 0x0000000100000000)
  region size 1024K, 2 young (2048K), 2 survivors (2048K)
 Metaspace       used 93336K, committed 94016K, reserved 1130496K
  class space    used 12809K, committed 13120K, reserved 1048576K
}
Event: 50.648 GC heap before
{Heap before GC invocations=32 (full 0):
 garbage-first heap   total 145408K, used 86451K [0x0000000080000000, 0x0000000100000000)
  region size 1024K, 7 young (7168K), 2 survivors (2048K)
 Metaspace       used 93459K, committed 94208K, reserved 1130496K
  class space    used 12823K, committed 13184K, reserved 1048576K
}

