# JRE version: OpenJDK Runtime Environment (17.0.6) (build 17.0.6+0-b2043.56-10027231)
# Java VM: OpenJDK 64-Bit Server VM (17.0.6+0-b2043.56-10027231, mixed mode, tiered, compressed oops, compressed class ptrs, g1 gc, windows-amd64)
GC Precious Log:
 CPUs: 12 total, 12 available
 Memory: 16016M
 Large Page Support: Disabled
 NUMA Support: Disabled
 Compressed Oops: Enabled (32-bit)
 Heap Region Size: 1M
 Heap Min Capacity: 8M
 Heap Initial Capacity: 252M
 Heap Max Capacity: 2G
 Pre-touch: Disabled
 Parallel Workers: 10
 Concurrent Workers: 3
 Concurrent Refinement Workers: 10
 Periodic GC: Disabled
Heap:
 garbage-first heap   total 133120K, used 80574K [0x0000000080000000, 0x0000000100000000)
  region size 1024K, 2 young (2048K), 2 survivors (2048K)
 Metaspace       used 93563K, committed 94272K, reserved 1130496K
  class space    used 12842K, committed 13184K, reserved 1048576K
GC Heap History (20 events):
Event: 15.389 GC heap after
{Heap after GC invocations=21 (full 0):
 garbage-first heap   total 108544K, used 55305K [0x0000000080000000, 0x0000000100000000)
  region size 1024K, 5 young (5120K), 5 survivors (5120K)
 Metaspace       used 74187K, committed 74752K, reserved 1114112K
  class space    used 9876K, committed 10112K, reserved 1048576K
}
Event: 16.321 GC heap before
{Heap before GC invocations=21 (full 0):
 garbage-first heap   total 108544K, used 87049K [0x0000000080000000, 0x0000000100000000)
  region size 1024K, 36 young (36864K), 5 survivors (5120K)
 Metaspace       used 78164K, committed 78656K, reserved 1122304K
  class space    used 10613K, committed 10816K, reserved 1048576K
}
Event: 16.330 GC heap after
{Heap after GC invocations=22 (full 0):
 garbage-first heap   total 108544K, used 56291K [0x0000000080000000, 0x0000000100000000)
  region size 1024K, 4 young (4096K), 4 survivors (4096K)
 Metaspace       used 78164K, committed 78656K, reserved 1122304K
  class space    used 10613K, committed 10816K, reserved 1048576K
}
Event: 17.252 GC heap before
{Heap before GC invocations=23 (full 0):
 garbage-first heap   total 108544K, used 88035K [0x0000000080000000, 0x0000000100000000)
  region size 1024K, 35 young (35840K), 4 survivors (4096K)
 Metaspace       used 81029K, committed 81664K, reserved 1122304K
  class space    used 11074K, committed 11392K, reserved 1048576K
}
Event: 17.260 GC heap after
{Heap after GC invocations=24 (full 0):
 garbage-first heap   total 108544K, used 59553K [0x0000000080000000, 0x0000000100000000)
  region size 1024K, 5 young (5120K), 5 survivors (5120K)
 Metaspace       used 81029K, committed 81664K, reserved 1122304K
  class space    used 11074K, committed 11392K, reserved 1048576K
}
Event: 53.466 GC heap before
{Heap before GC invocations=24 (full 0):
 garbage-first heap   total 108544K, used 88225K [0x0000000080000000, 0x0000000100000000)
  region size 1024K, 33 young (33792K), 5 survivors (5120K)
 Metaspace       used 82538K, committed 83200K, reserved 1122304K
  class space    used 11325K, committed 11648K, reserved 1048576K
}
Event: 53.473 GC heap after
{Heap after GC invocations=25 (full 0):
 garbage-first heap   total 108544K, used 61752K [0x0000000080000000, 0x0000000100000000)
  region size 1024K, 3 young (3072K), 3 survivors (3072K)
 Metaspace       used 82538K, committed 83200K, reserved 1122304K
  class space    used 11325K, committed 11648K, reserved 1048576K
}
Event: 54.102 GC heap before
{Heap before GC invocations=26 (full 0):
 garbage-first heap   total 108544K, used 88376K [0x0000000080000000, 0x0000000100000000)
  region size 1024K, 30 young (30720K), 3 survivors (3072K)
 Metaspace       used 83227K, committed 83840K, reserved 1122304K
  class space    used 11385K, committed 11712K, reserved 1048576K
}
Event: 54.113 GC heap after
{Heap after GC invocations=27 (full 0):
 garbage-first heap   total 131072K, used 64405K [0x0000000080000000, 0x0000000100000000)
  region size 1024K, 4 young (4096K), 4 survivors (4096K)
 Metaspace       used 83227K, committed 83840K, reserved 1122304K
  class space    used 11385K, committed 11712K, reserved 1048576K
}
Event: 55.397 GC heap before
{Heap before GC invocations=27 (full 0):
 garbage-first heap   total 131072K, used 107413K [0x0000000080000000, 0x0000000100000000)
  region size 1024K, 46 young (47104K), 4 survivors (4096K)
 Metaspace       used 88644K, committed 89280K, reserved 1130496K
  class space    used 12177K, committed 12480K, reserved 1048576K
}
Event: 55.406 GC heap after
{Heap after GC invocations=28 (full 0):
 garbage-first heap   total 131072K, used 67928K [0x0000000080000000, 0x0000000100000000)
  region size 1024K, 6 young (6144K), 6 survivors (6144K)
 Metaspace       used 88644K, committed 89280K, reserved 1130496K
  class space    used 12177K, committed 12480K, reserved 1048576K
}
Event: 56.253 GC heap before
{Heap before GC invocations=29 (full 0):
 garbage-first heap   total 131072K, used 106840K [0x0000000080000000, 0x0000000100000000)
  region size 1024K, 44 young (45056K), 6 survivors (6144K)
 Metaspace       used 89987K, committed 90688K, reserved 1130496K
  class space    used 12352K, committed 12672K, reserved 1048576K
}
Event: 56.264 GC heap after
{Heap after GC invocations=30 (full 0):
 garbage-first heap   total 131072K, used 72587K [0x0000000080000000, 0x0000000100000000)
  region size 1024K, 5 young (5120K), 5 survivors (5120K)
 Metaspace       used 89987K, committed 90688K, reserved 1130496K
  class space    used 12352K, committed 12672K, reserved 1048576K
}
Event: 56.610 GC heap before
{Heap before GC invocations=30 (full 0):
 garbage-first heap   total 131072K, used 95115K [0x0000000080000000, 0x0000000100000000)
  region size 1024K, 29 young (29696K), 5 survivors (5120K)
 Metaspace       used 90307K, committed 91008K, reserved 1130496K
  class space    used 12396K, committed 12736K, reserved 1048576K
}
Event: 56.617 GC heap after
{Heap after GC invocations=31 (full 0):
 garbage-first heap   total 131072K, used 77368K [0x0000000080000000, 0x0000000100000000)
  region size 1024K, 5 young (5120K), 5 survivors (5120K)
 Metaspace       used 90307K, committed 91008K, reserved 1130496K
  class space    used 12396K, committed 12736K, reserved 1048576K
}
Event: 57.646 GC heap before
{Heap before GC invocations=32 (full 0):
 garbage-first heap   total 133120K, used 106040K [0x0000000080000000, 0x0000000100000000)
  region size 1024K, 33 young (33792K), 5 survivors (5120K)
 Metaspace       used 93260K, committed 93888K, reserved 1130496K
  class space    used 12819K, committed 13120K, reserved 1048576K
}
Event: 57.654 GC heap after
{Heap after GC invocations=33 (full 0):
 garbage-first heap   total 133120K, used 79794K [0x0000000080000000, 0x0000000100000000)
  region size 1024K, 4 young (4096K), 4 survivors (4096K)
 Metaspace       used 93260K, committed 93888K, reserved 1130496K
  class space    used 12819K, committed 13120K, reserved 1048576K
}
Event: 57.672 GC heap before
{Heap before GC invocations=33 (full 0):
 garbage-first heap   total 133120K, used 81842K [0x0000000080000000, 0x0000000100000000)
  region size 1024K, 6 young (6144K), 4 survivors (4096K)
 Metaspace       used 93274K, committed 93888K, reserved 1130496K
  class space    used 12820K, committed 13120K, reserved 1048576K
}
Event: 57.677 GC heap after
{Heap after GC invocations=34 (full 0):
 garbage-first heap   total 133120K, used 79140K [0x0000000080000000, 0x0000000100000000)
  region size 1024K, 1 young (1024K), 1 survivors (1024K)
 Metaspace       used 93274K, committed 93888K, reserved 1130496K
  class space    used 12820K, committed 13120K, reserved 1048576K
}
Event: 58.058 GC heap before
{Heap before GC invocations=34 (full 0):
 garbage-first heap   total 133120K, used 107812K [0x0000000080000000, 0x0000000100000000)
  region size 1024K, 30 young (30720K), 1 survivors (1024K)
 Metaspace       used 93563K, committed 94272K, reserved 1130496K
  class space    used 12842K, committed 13184K, reserved 1048576K
}

