# JRE version: OpenJDK Runtime Environment (17.0.6) (build 17.0.6+0-b2043.56-10027231)
# Java VM: OpenJDK 64-Bit Server VM (17.0.6+0-b2043.56-10027231, mixed mode, tiered, compressed oops, compressed class ptrs, g1 gc, windows-amd64)
GC Precious Log:
 CPUs: 12 total, 12 available
 Memory: 16016M
 Large Page Support: Disabled
 NUMA Support: Disabled
 Compressed Oops: Enabled (32-bit)
 Heap Region Size: 1M
 Heap Min Capacity: 8M
 Heap Initial Capacity: 252M
 Heap Max Capacity: 2G
 Pre-touch: Disabled
 Parallel Workers: 10
 Concurrent Workers: 3
 Concurrent Refinement Workers: 10
 Periodic GC: Disabled
Heap:
 garbage-first heap   total 258048K, used 154978K [0x0000000080000000, 0x0000000100000000)
  region size 1024K, 4 young (4096K), 4 survivors (4096K)
 Metaspace       used 88222K, committed 88960K, reserved 1130496K
  class space    used 12072K, committed 12416K, reserved 1048576K
GC Heap History (20 events):
Event: 27.543 GC heap after
{Heap after GC invocations=58 (full 0):
 garbage-first heap   total 225280K, used 102761K [0x0000000080000000, 0x0000000100000000)
  region size 1024K, 8 young (8192K), 8 survivors (8192K)
 Metaspace       used 75436K, committed 76160K, reserved 1122304K
  class space    used 10049K, committed 10368K, reserved 1048576K
}
Event: 27.938 GC heap before
{Heap before GC invocations=58 (full 0):
 garbage-first heap   total 225280K, used 130409K [0x0000000080000000, 0x0000000100000000)
  region size 1024K, 35 young (35840K), 8 survivors (8192K)
 Metaspace       used 78359K, committed 79040K, reserved 1122304K
  class space    used 10476K, committed 10816K, reserved 1048576K
}
Event: 27.943 GC heap after
{Heap after GC invocations=59 (full 0):
 garbage-first heap   total 225280K, used 103938K [0x0000000080000000, 0x0000000100000000)
  region size 1024K, 2 young (2048K), 2 survivors (2048K)
 Metaspace       used 78359K, committed 79040K, reserved 1122304K
  class space    used 10476K, committed 10816K, reserved 1048576K
}
Event: 29.321 GC heap before
{Heap before GC invocations=60 (full 0):
 garbage-first heap   total 225280K, used 205314K [0x0000000080000000, 0x0000000100000000)
  region size 1024K, 82 young (83968K), 2 survivors (2048K)
 Metaspace       used 87017K, committed 87744K, reserved 1130496K
  class space    used 11901K, committed 12224K, reserved 1048576K
}
Event: 29.326 GC heap after
{Heap after GC invocations=61 (full 0):
 garbage-first heap   total 225280K, used 134014K [0x0000000080000000, 0x0000000100000000)
  region size 1024K, 11 young (11264K), 11 survivors (11264K)
 Metaspace       used 87017K, committed 87744K, reserved 1130496K
  class space    used 11901K, committed 12224K, reserved 1048576K
}
Event: 29.328 GC heap before
{Heap before GC invocations=61 (full 0):
 garbage-first heap   total 225280K, used 135038K [0x0000000080000000, 0x0000000100000000)
  region size 1024K, 12 young (12288K), 11 survivors (11264K)
 Metaspace       used 87025K, committed 87744K, reserved 1130496K
  class space    used 11901K, committed 12224K, reserved 1048576K
}
Event: 29.332 GC heap after
{Heap after GC invocations=62 (full 0):
 garbage-first heap   total 225280K, used 132085K [0x0000000080000000, 0x0000000100000000)
  region size 1024K, 1 young (1024K), 1 survivors (1024K)
 Metaspace       used 87025K, committed 87744K, reserved 1130496K
  class space    used 11901K, committed 12224K, reserved 1048576K
}
Event: 29.575 GC heap before
{Heap before GC invocations=62 (full 0):
 garbage-first heap   total 225280K, used 151541K [0x0000000080000000, 0x0000000100000000)
  region size 1024K, 22 young (22528K), 1 survivors (1024K)
 Metaspace       used 88168K, committed 88896K, reserved 1130496K
  class space    used 12066K, committed 12416K, reserved 1048576K
}
Event: 29.578 GC heap after
{Heap after GC invocations=63 (full 0):
 garbage-first heap   total 225280K, used 133460K [0x0000000080000000, 0x0000000100000000)
  region size 1024K, 2 young (2048K), 2 survivors (2048K)
 Metaspace       used 88168K, committed 88896K, reserved 1130496K
  class space    used 12066K, committed 12416K, reserved 1048576K
}
Event: 29.840 GC heap before
{Heap before GC invocations=64 (full 0):
 garbage-first heap   total 239616K, used 188756K [0x0000000080000000, 0x0000000100000000)
  region size 1024K, 53 young (54272K), 2 survivors (2048K)
 Metaspace       used 88187K, committed 88960K, reserved 1130496K
  class space    used 12067K, committed 12416K, reserved 1048576K
}
Event: 29.853 GC heap after
{Heap after GC invocations=65 (full 0):
 garbage-first heap   total 239616K, used 150781K [0x0000000080000000, 0x0000000100000000)
  region size 1024K, 7 young (7168K), 7 survivors (7168K)
 Metaspace       used 88187K, committed 88960K, reserved 1130496K
  class space    used 12067K, committed 12416K, reserved 1048576K
}
Event: 29.938 GC heap before
{Heap before GC invocations=65 (full 0):
 garbage-first heap   total 239616K, used 153853K [0x0000000080000000, 0x0000000100000000)
  region size 1024K, 11 young (11264K), 7 survivors (7168K)
 Metaspace       used 88187K, committed 88960K, reserved 1130496K
  class space    used 12067K, committed 12416K, reserved 1048576K
}
Event: 29.943 GC heap after
{Heap after GC invocations=66 (full 0):
 garbage-first heap   total 239616K, used 150436K [0x0000000080000000, 0x0000000100000000)
  region size 1024K, 1 young (1024K), 1 survivors (1024K)
 Metaspace       used 88187K, committed 88960K, reserved 1130496K
  class space    used 12067K, committed 12416K, reserved 1048576K
}
Event: 30.881 GC heap before
{Heap before GC invocations=66 (full 0):
 garbage-first heap   total 239616K, used 191396K [0x0000000080000000, 0x0000000100000000)
  region size 1024K, 41 young (41984K), 1 survivors (1024K)
 Metaspace       used 88206K, committed 88960K, reserved 1130496K
  class space    used 12068K, committed 12416K, reserved 1048576K
}
Event: 30.883 GC heap after
{Heap after GC invocations=67 (full 0):
 garbage-first heap   total 239616K, used 151459K [0x0000000080000000, 0x0000000100000000)
  region size 1024K, 2 young (2048K), 2 survivors (2048K)
 Metaspace       used 88206K, committed 88960K, reserved 1130496K
  class space    used 12068K, committed 12416K, reserved 1048576K
}
Event: 32.903 GC heap before
{Heap before GC invocations=68 (full 0):
 garbage-first heap   total 256000K, used 194467K [0x0000000080000000, 0x0000000100000000)
  region size 1024K, 44 young (45056K), 2 survivors (2048K)
 Metaspace       used 88222K, committed 88960K, reserved 1130496K
  class space    used 12072K, committed 12416K, reserved 1048576K
}
Event: 32.906 GC heap after
{Heap after GC invocations=69 (full 0):
 garbage-first heap   total 256000K, used 153209K [0x0000000080000000, 0x0000000100000000)
  region size 1024K, 4 young (4096K), 4 survivors (4096K)
 Metaspace       used 88222K, committed 88960K, reserved 1130496K
  class space    used 12072K, committed 12416K, reserved 1048576K
}
Event: 33.017 GC heap before
{Heap before GC invocations=69 (full 0):
 garbage-first heap   total 256000K, used 161401K [0x0000000080000000, 0x0000000100000000)
  region size 1024K, 12 young (12288K), 4 survivors (4096K)
 Metaspace       used 88222K, committed 88960K, reserved 1130496K
  class space    used 12072K, committed 12416K, reserved 1048576K
}
Event: 33.020 GC heap after
{Heap after GC invocations=70 (full 0):
 garbage-first heap   total 256000K, used 152401K [0x0000000080000000, 0x0000000100000000)
  region size 1024K, 1 young (1024K), 1 survivors (1024K)
 Metaspace       used 88222K, committed 88960K, reserved 1130496K
  class space    used 12072K, committed 12416K, reserved 1048576K
}
Event: 33.782 GC heap before
{Heap before GC invocations=70 (full 0):
 garbage-first heap   total 256000K, used 208721K [0x0000000080000000, 0x0000000100000000)
  region size 1024K, 56 young (57344K), 1 survivors (1024K)
 Metaspace       used 88222K, committed 88960K, reserved 1130496K
  class space    used 12072K, committed 12416K, reserved 1048576K
}

