# JRE version: OpenJDK Runtime Environment (17.0.6) (build 17.0.6+0-b2043.56-10027231)
# Java VM: OpenJDK 64-Bit Server VM (17.0.6+0-b2043.56-10027231, mixed mode, tiered, compressed oops, compressed class ptrs, g1 gc, windows-amd64)
GC Precious Log:
 CPUs: 12 total, 12 available
 Memory: 16016M
 Large Page Support: Disabled
 NUMA Support: Disabled
 Compressed Oops: Enabled (32-bit)
 Heap Region Size: 1M
 Heap Min Capacity: 8M
 Heap Initial Capacity: 252M
 Heap Max Capacity: 2G
 Pre-touch: Disabled
 Parallel Workers: 10
 Concurrent Workers: 3
 Concurrent Refinement Workers: 10
 Periodic GC: Disabled
Heap:
 garbage-first heap   total 211968K, used 124734K [0x0000000080000000, 0x0000000100000000)
  region size 1024K, 15 young (15360K), 2 survivors (2048K)
 Metaspace       used 139772K, committed 140608K, reserved 1171456K
  class space    used 19400K, committed 19840K, reserved 1048576K
GC Heap History (20 events):
Event: 3963.741 GC heap before
{Heap before GC invocations=44 (full 0):
 garbage-first heap   total 199680K, used 168136K [0x0000000080000000, 0x0000000100000000)
  region size 1024K, 61 young (62464K), 5 survivors (5120K)
 Metaspace       used 137813K, committed 138624K, reserved 1171456K
  class space    used 19309K, committed 19712K, reserved 1048576K
}
Event: 3963.764 GC heap after
{Heap after GC invocations=45 (full 0):
 garbage-first heap   total 199680K, used 117073K [0x0000000080000000, 0x0000000100000000)
  region size 1024K, 8 young (8192K), 8 survivors (8192K)
 Metaspace       used 137813K, committed 138624K, reserved 1171456K
  class space    used 19309K, committed 19712K, reserved 1048576K
}
Event: 3963.787 GC heap before
{Heap before GC invocations=45 (full 0):
 garbage-first heap   total 199680K, used 117073K [0x0000000080000000, 0x0000000100000000)
  region size 1024K, 9 young (9216K), 8 survivors (8192K)
 Metaspace       used 137837K, committed 138624K, reserved 1171456K
  class space    used 19312K, committed 19712K, reserved 1048576K
}
Event: 3963.820 GC heap after
{Heap after GC invocations=46 (full 0):
 garbage-first heap   total 199680K, used 109648K [0x0000000080000000, 0x0000000100000000)
  region size 1024K, 2 young (2048K), 2 survivors (2048K)
 Metaspace       used 137837K, committed 138624K, reserved 1171456K
  class space    used 19312K, committed 19712K, reserved 1048576K
}
Event: 3967.892 GC heap before
{Heap before GC invocations=46 (full 0):
 garbage-first heap   total 199680K, used 165968K [0x0000000080000000, 0x0000000100000000)
  region size 1024K, 56 young (57344K), 2 survivors (2048K)
 Metaspace       used 138158K, committed 138944K, reserved 1171456K
  class space    used 19317K, committed 19712K, reserved 1048576K
}
Event: 3967.906 GC heap after
{Heap after GC invocations=47 (full 0):
 garbage-first heap   total 199680K, used 123866K [0x0000000080000000, 0x0000000100000000)
  region size 1024K, 7 young (7168K), 7 survivors (7168K)
 Metaspace       used 138158K, committed 138944K, reserved 1171456K
  class space    used 19317K, committed 19712K, reserved 1048576K
}
Event: 3970.391 GC heap before
{Heap before GC invocations=48 (full 0):
 garbage-first heap   total 206848K, used 158682K [0x0000000080000000, 0x0000000100000000)
  region size 1024K, 43 young (44032K), 7 survivors (7168K)
 Metaspace       used 138861K, committed 139584K, reserved 1171456K
  class space    used 19339K, committed 19712K, reserved 1048576K
}
Event: 3970.401 GC heap after
{Heap after GC invocations=49 (full 0):
 garbage-first heap   total 206848K, used 123971K [0x0000000080000000, 0x0000000100000000)
  region size 1024K, 3 young (3072K), 3 survivors (3072K)
 Metaspace       used 138861K, committed 139584K, reserved 1171456K
  class space    used 19339K, committed 19712K, reserved 1048576K
}
Event: 4040.877 GC heap before
{Heap before GC invocations=49 (full 0):
 garbage-first heap   total 206848K, used 154691K [0x0000000080000000, 0x0000000100000000)
  region size 1024K, 10 young (10240K), 3 survivors (3072K)
 Metaspace       used 139042K, committed 139840K, reserved 1171456K
  class space    used 19367K, committed 19776K, reserved 1048576K
}
Event: 4040.891 GC heap after
{Heap after GC invocations=50 (full 0):
 garbage-first heap   total 206848K, used 110699K [0x0000000080000000, 0x0000000100000000)
  region size 1024K, 1 young (1024K), 1 survivors (1024K)
 Metaspace       used 139042K, committed 139840K, reserved 1171456K
  class space    used 19367K, committed 19776K, reserved 1048576K
}
Event: 4353.674 GC heap before
{Heap before GC invocations=50 (full 0):
 garbage-first heap   total 206848K, used 119915K [0x0000000080000000, 0x0000000100000000)
  region size 1024K, 10 young (10240K), 1 survivors (1024K)
 Metaspace       used 139045K, committed 139840K, reserved 1171456K
  class space    used 19367K, committed 19776K, reserved 1048576K
}
Event: 4353.681 GC heap after
{Heap after GC invocations=51 (full 0):
 garbage-first heap   total 206848K, used 109413K [0x0000000080000000, 0x0000000100000000)
  region size 1024K, 1 young (1024K), 1 survivors (1024K)
 Metaspace       used 139045K, committed 139840K, reserved 1171456K
  class space    used 19367K, committed 19776K, reserved 1048576K
}
Event: 5820.123 GC heap before
{Heap before GC invocations=51 (full 0):
 garbage-first heap   total 206848K, used 165733K [0x0000000080000000, 0x0000000100000000)
  region size 1024K, 56 young (57344K), 1 survivors (1024K)
 Metaspace       used 139140K, committed 139904K, reserved 1171456K
  class space    used 19380K, committed 19776K, reserved 1048576K
}
Event: 5820.127 GC heap after
{Heap after GC invocations=52 (full 0):
 garbage-first heap   total 206848K, used 110542K [0x0000000080000000, 0x0000000100000000)
  region size 1024K, 2 young (2048K), 2 survivors (2048K)
 Metaspace       used 139140K, committed 139904K, reserved 1171456K
  class space    used 19380K, committed 19776K, reserved 1048576K
}
Event: 5822.368 GC heap before
{Heap before GC invocations=52 (full 0):
 garbage-first heap   total 206848K, used 163790K [0x0000000080000000, 0x0000000100000000)
  region size 1024K, 56 young (57344K), 2 survivors (2048K)
 Metaspace       used 139396K, committed 140224K, reserved 1171456K
  class space    used 19387K, committed 19840K, reserved 1048576K
}
Event: 5822.380 GC heap after
{Heap after GC invocations=53 (full 0):
 garbage-first heap   total 206848K, used 118580K [0x0000000080000000, 0x0000000100000000)
  region size 1024K, 8 young (8192K), 8 survivors (8192K)
 Metaspace       used 139396K, committed 140224K, reserved 1171456K
  class space    used 19387K, committed 19840K, reserved 1048576K
}
Event: 5824.463 GC heap before
{Heap before GC invocations=54 (full 0):
 garbage-first heap   total 211968K, used 166708K [0x0000000080000000, 0x0000000100000000)
  region size 1024K, 56 young (57344K), 8 survivors (8192K)
 Metaspace       used 139580K, committed 140416K, reserved 1171456K
  class space    used 19388K, committed 19840K, reserved 1048576K
}
Event: 5824.477 GC heap after
{Heap after GC invocations=55 (full 0):
 garbage-first heap   total 211968K, used 124361K [0x0000000080000000, 0x0000000100000000)
  region size 1024K, 7 young (7168K), 7 survivors (7168K)
 Metaspace       used 139580K, committed 140416K, reserved 1171456K
  class space    used 19388K, committed 19840K, reserved 1048576K
}
Event: 5824.532 GC heap before
{Heap before GC invocations=55 (full 0):
 garbage-first heap   total 211968K, used 127433K [0x0000000080000000, 0x0000000100000000)
  region size 1024K, 10 young (10240K), 7 survivors (7168K)
 Metaspace       used 139622K, committed 140416K, reserved 1171456K
  class space    used 19397K, committed 19840K, reserved 1048576K
}
Event: 5824.546 GC heap after
{Heap after GC invocations=56 (full 0):
 garbage-first heap   total 211968K, used 112446K [0x0000000080000000, 0x0000000100000000)
  region size 1024K, 2 young (2048K), 2 survivors (2048K)
 Metaspace       used 139622K, committed 140416K, reserved 1171456K
  class space    used 19397K, committed 19840K, reserved 1048576K
}

