# JRE version: OpenJDK Runtime Environment (17.0.6) (build 17.0.6+0-b2043.56-10027231)
# Java VM: OpenJDK 64-Bit Server VM (17.0.6+0-b2043.56-10027231, mixed mode, tiered, compressed oops, compressed class ptrs, g1 gc, windows-amd64)
GC Precious Log:
 CPUs: 12 total, 12 available
 Memory: 16016M
 Large Page Support: Disabled
 NUMA Support: Disabled
 Compressed Oops: Enabled (32-bit)
 Heap Region Size: 1M
 Heap Min Capacity: 8M
 Heap Initial Capacity: 252M
 Heap Max Capacity: 2G
 Pre-touch: Disabled
 Parallel Workers: 10
 Concurrent Workers: 3
 Concurrent Refinement Workers: 10
 Periodic GC: Disabled
Heap:
 garbage-first heap   total 265216K, used 106956K [0x0000000080000000, 0x0000000100000000)
  region size 1024K, 8 young (8192K), 8 survivors (8192K)
 Metaspace       used 138573K, committed 139776K, reserved 1171456K
  class space    used 18927K, committed 19456K, reserved 1048576K
GC Heap History (20 events):
Event: 8163.768 GC heap after
{Heap after GC invocations=76 (full 0):
 garbage-first heap   total 229376K, used 112553K [0x0000000080000000, 0x0000000100000000)
  region size 1024K, 2 young (2048K), 2 survivors (2048K)
 Metaspace       used 137199K, committed 138176K, reserved 1171456K
  class space    used 18803K, committed 19264K, reserved 1048576K
}
Event: 8164.257 GC heap before
{Heap before GC invocations=76 (full 0):
 garbage-first heap   total 229376K, used 144297K [0x0000000080000000, 0x0000000100000000)
  region size 1024K, 35 young (35840K), 2 survivors (2048K)
 Metaspace       used 137232K, committed 138176K, reserved 1171456K
  class space    used 18803K, committed 19264K, reserved 1048576K
}
Event: 8164.269 GC heap after
{Heap after GC invocations=77 (full 0):
 garbage-first heap   total 229376K, used 130196K [0x0000000080000000, 0x0000000100000000)
  region size 1024K, 9 young (9216K), 9 survivors (9216K)
 Metaspace       used 137232K, committed 138176K, reserved 1171456K
  class space    used 18803K, committed 19264K, reserved 1048576K
}
Event: 8170.153 GC heap before
{Heap before GC invocations=78 (full 0):
 garbage-first heap   total 230400K, used 183444K [0x0000000080000000, 0x0000000100000000)
  region size 1024K, 47 young (48128K), 9 survivors (9216K)
 Metaspace       used 137562K, committed 138688K, reserved 1171456K
  class space    used 18882K, committed 19392K, reserved 1048576K
}
Event: 8170.167 GC heap after
{Heap after GC invocations=79 (full 0):
 garbage-first heap   total 230400K, used 134862K [0x0000000080000000, 0x0000000100000000)
  region size 1024K, 6 young (6144K), 6 survivors (6144K)
 Metaspace       used 137562K, committed 138688K, reserved 1171456K
  class space    used 18882K, committed 19392K, reserved 1048576K
}
Event: 8170.190 GC heap before
{Heap before GC invocations=79 (full 0):
 garbage-first heap   total 230400K, used 139982K [0x0000000080000000, 0x0000000100000000)
  region size 1024K, 11 young (11264K), 6 survivors (6144K)
 Metaspace       used 137563K, committed 138688K, reserved 1171456K
  class space    used 18882K, committed 19392K, reserved 1048576K
}
Event: 8170.204 GC heap after
{Heap after GC invocations=80 (full 0):
 garbage-first heap   total 230400K, used 126756K [0x0000000080000000, 0x0000000100000000)
  region size 1024K, 2 young (2048K), 2 survivors (2048K)
 Metaspace       used 137563K, committed 138688K, reserved 1171456K
  class space    used 18882K, committed 19392K, reserved 1048576K
}
Event: 8171.692 GC heap before
{Heap before GC invocations=80 (full 0):
 garbage-first heap   total 230400K, used 161572K [0x0000000080000000, 0x0000000100000000)
  region size 1024K, 38 young (38912K), 2 survivors (2048K)
 Metaspace       used 137718K, committed 138944K, reserved 1171456K
  class space    used 18893K, committed 19456K, reserved 1048576K
}
Event: 8171.697 GC heap after
{Heap after GC invocations=81 (full 0):
 garbage-first heap   total 230400K, used 128914K [0x0000000080000000, 0x0000000100000000)
  region size 1024K, 5 young (5120K), 5 survivors (5120K)
 Metaspace       used 137718K, committed 138944K, reserved 1171456K
  class space    used 18893K, committed 19456K, reserved 1048576K
}
Event: 8173.203 GC heap before
{Heap before GC invocations=82 (full 0):
 garbage-first heap   total 230400K, used 158610K [0x0000000080000000, 0x0000000100000000)
  region size 1024K, 50 young (51200K), 5 survivors (5120K)
 Metaspace       used 137866K, committed 139072K, reserved 1171456K
  class space    used 18902K, committed 19456K, reserved 1048576K
}
Event: 8173.206 GC heap after
{Heap after GC invocations=83 (full 0):
 garbage-first heap   total 230400K, used 110895K [0x0000000080000000, 0x0000000100000000)
  region size 1024K, 2 young (2048K), 2 survivors (2048K)
 Metaspace       used 137866K, committed 139072K, reserved 1171456K
  class space    used 18902K, committed 19456K, reserved 1048576K
}
Event: 8173.316 GC heap before
{Heap before GC invocations=83 (full 0):
 garbage-first heap   total 230400K, used 121135K [0x0000000080000000, 0x0000000100000000)
  region size 1024K, 11 young (11264K), 2 survivors (2048K)
 Metaspace       used 137895K, committed 139072K, reserved 1171456K
  class space    used 18904K, committed 19456K, reserved 1048576K
}
Event: 8173.326 GC heap after
{Heap after GC invocations=84 (full 0):
 garbage-first heap   total 230400K, used 100856K [0x0000000080000000, 0x0000000100000000)
  region size 1024K, 2 young (2048K), 2 survivors (2048K)
 Metaspace       used 137895K, committed 139072K, reserved 1171456K
  class space    used 18904K, committed 19456K, reserved 1048576K
}
Event: 8173.836 GC heap before
{Heap before GC invocations=84 (full 0):
 garbage-first heap   total 230400K, used 159224K [0x0000000080000000, 0x0000000100000000)
  region size 1024K, 61 young (62464K), 2 survivors (2048K)
 Metaspace       used 138261K, committed 139456K, reserved 1171456K
  class space    used 18904K, committed 19456K, reserved 1048576K
}
Event: 8173.843 GC heap after
{Heap after GC invocations=85 (full 0):
 garbage-first heap   total 230400K, used 104631K [0x0000000080000000, 0x0000000100000000)
  region size 1024K, 6 young (6144K), 6 survivors (6144K)
 Metaspace       used 138261K, committed 139456K, reserved 1171456K
  class space    used 18904K, committed 19456K, reserved 1048576K
}
Event: 8452.366 GC heap before
{Heap before GC invocations=86 (full 0):
 garbage-first heap   total 230400K, used 199863K [0x0000000080000000, 0x0000000100000000)
  region size 1024K, 74 young (75776K), 6 survivors (6144K)
 Metaspace       used 138464K, committed 139712K, reserved 1171456K
  class space    used 18927K, committed 19456K, reserved 1048576K
}
Event: 8452.371 GC heap after
{Heap after GC invocations=87 (full 0):
 garbage-first heap   total 230400K, used 101651K [0x0000000080000000, 0x0000000100000000)
  region size 1024K, 3 young (3072K), 3 survivors (3072K)
 Metaspace       used 138464K, committed 139712K, reserved 1171456K
  class space    used 18927K, committed 19456K, reserved 1048576K
}
Event: 8452.495 GC heap before
{Heap before GC invocations=87 (full 0):
 garbage-first heap   total 230400K, used 108819K [0x0000000080000000, 0x0000000100000000)
  region size 1024K, 11 young (11264K), 3 survivors (3072K)
 Metaspace       used 138470K, committed 139712K, reserved 1171456K
  class space    used 18927K, committed 19456K, reserved 1048576K
}
Event: 8452.504 GC heap after
{Heap after GC invocations=88 (full 0):
 garbage-first heap   total 230400K, used 99810K [0x0000000080000000, 0x0000000100000000)
  region size 1024K, 1 young (1024K), 1 survivors (1024K)
 Metaspace       used 138470K, committed 139712K, reserved 1171456K
  class space    used 18927K, committed 19456K, reserved 1048576K
}
Event: 8454.255 GC heap before
{Heap before GC invocations=88 (full 0):
 garbage-first heap   total 230400K, used 136674K [0x0000000080000000, 0x0000000100000000)
  region size 1024K, 39 young (39936K), 1 survivors (1024K)
 Metaspace       used 138573K, committed 139776K, reserved 1171456K
  class space    used 18927K, committed 19456K, reserved 1048576K
}

