# JRE version: OpenJDK Runtime Environment (17.0.6) (build 17.0.6+0-b2043.56-10027231)
# Java VM: OpenJDK 64-Bit Server VM (17.0.6+0-b2043.56-10027231, mixed mode, tiered, compressed oops, compressed class ptrs, g1 gc, windows-amd64)
GC Precious Log:
 CPUs: 12 total, 12 available
 Memory: 16016M
 Large Page Support: Disabled
 NUMA Support: Disabled
 Compressed Oops: Enabled (32-bit)
 Heap Region Size: 1M
 Heap Min Capacity: 8M
 Heap Initial Capacity: 252M
 Heap Max Capacity: 2G
 Pre-touch: Disabled
 Parallel Workers: 10
 Concurrent Workers: 3
 Concurrent Refinement Workers: 10
 Periodic GC: Disabled
Heap:
 garbage-first heap   total 140288K, used 77005K [0x0000000080000000, 0x0000000100000000)
  region size 1024K, 2 young (2048K), 2 survivors (2048K)
 Metaspace       used 90038K, committed 90752K, reserved 1130496K
  class space    used 12422K, committed 12736K, reserved 1048576K
GC Heap History (20 events):
Event: 6.365 GC heap after
{Heap after GC invocations=23 (full 0):
 garbage-first heap   total 104448K, used 54733K [0x0000000080000000, 0x0000000100000000)
  region size 1024K, 5 young (5120K), 5 survivors (5120K)
 Metaspace       used 63806K, committed 64384K, reserved 1105920K
  class space    used 8484K, committed 8704K, reserved 1048576K
}
Event: 6.572 GC heap before
{Heap before GC invocations=24 (full 0):
 garbage-first heap   total 104448K, used 77261K [0x0000000080000000, 0x0000000100000000)
  region size 1024K, 25 young (25600K), 5 survivors (5120K)
 Metaspace       used 65690K, committed 66240K, reserved 1114112K
  class space    used 8735K, committed 8960K, reserved 1048576K
}
Event: 6.577 GC heap after
{Heap after GC invocations=25 (full 0):
 garbage-first heap   total 104448K, used 52775K [0x0000000080000000, 0x0000000100000000)
  region size 1024K, 2 young (2048K), 2 survivors (2048K)
 Metaspace       used 65690K, committed 66240K, reserved 1114112K
  class space    used 8735K, committed 8960K, reserved 1048576K
}
Event: 6.780 GC heap before
{Heap before GC invocations=25 (full 0):
 garbage-first heap   total 104448K, used 76327K [0x0000000080000000, 0x0000000100000000)
  region size 1024K, 25 young (25600K), 2 survivors (2048K)
 Metaspace       used 68070K, committed 68608K, reserved 1114112K
  class space    used 9047K, committed 9280K, reserved 1048576K
}
Event: 6.784 GC heap after
{Heap after GC invocations=26 (full 0):
 garbage-first heap   total 104448K, used 53981K [0x0000000080000000, 0x0000000100000000)
  region size 1024K, 4 young (4096K), 4 survivors (4096K)
 Metaspace       used 68070K, committed 68608K, reserved 1114112K
  class space    used 9047K, committed 9280K, reserved 1048576K
}
Event: 6.943 GC heap before
{Heap before GC invocations=27 (full 0):
 garbage-first heap   total 104448K, used 76509K [0x0000000080000000, 0x0000000100000000)
  region size 1024K, 27 young (27648K), 4 survivors (4096K)
 Metaspace       used 71317K, committed 71808K, reserved 1114112K
  class space    used 9494K, committed 9728K, reserved 1048576K
}
Event: 6.948 GC heap after
{Heap after GC invocations=28 (full 0):
 garbage-first heap   total 125952K, used 54288K [0x0000000080000000, 0x0000000100000000)
  region size 1024K, 3 young (3072K), 3 survivors (3072K)
 Metaspace       used 71317K, committed 71808K, reserved 1114112K
  class space    used 9494K, committed 9728K, reserved 1048576K
}
Event: 7.415 GC heap before
{Heap before GC invocations=28 (full 0):
 garbage-first heap   total 125952K, used 94224K [0x0000000080000000, 0x0000000100000000)
  region size 1024K, 42 young (43008K), 3 survivors (3072K)
 Metaspace       used 74895K, committed 75456K, reserved 1122304K
  class space    used 9967K, committed 10176K, reserved 1048576K
}
Event: 7.419 GC heap after
{Heap after GC invocations=29 (full 0):
 garbage-first heap   total 125952K, used 56709K [0x0000000080000000, 0x0000000100000000)
  region size 1024K, 6 young (6144K), 6 survivors (6144K)
 Metaspace       used 74895K, committed 75456K, reserved 1122304K
  class space    used 9967K, committed 10176K, reserved 1048576K
}
Event: 7.815 GC heap before
{Heap before GC invocations=29 (full 0):
 garbage-first heap   total 125952K, used 95621K [0x0000000080000000, 0x0000000100000000)
  region size 1024K, 44 young (45056K), 6 survivors (6144K)
 Metaspace       used 79649K, committed 80192K, reserved 1122304K
  class space    used 10841K, committed 11072K, reserved 1048576K
}
Event: 7.822 GC heap after
{Heap after GC invocations=30 (full 0):
 garbage-first heap   total 125952K, used 58726K [0x0000000080000000, 0x0000000100000000)
  region size 1024K, 5 young (5120K), 5 survivors (5120K)
 Metaspace       used 79649K, committed 80192K, reserved 1122304K
  class space    used 10841K, committed 11072K, reserved 1048576K
}
Event: 8.297 GC heap before
{Heap before GC invocations=30 (full 0):
 garbage-first heap   total 125952K, used 97638K [0x0000000080000000, 0x0000000100000000)
  region size 1024K, 43 young (44032K), 5 survivors (5120K)
 Metaspace       used 83800K, committed 84416K, reserved 1122304K
  class space    used 11480K, committed 11776K, reserved 1048576K
}
Event: 8.302 GC heap after
{Heap after GC invocations=31 (full 0):
 garbage-first heap   total 125952K, used 61542K [0x0000000080000000, 0x0000000100000000)
  region size 1024K, 5 young (5120K), 5 survivors (5120K)
 Metaspace       used 83800K, committed 84416K, reserved 1122304K
  class space    used 11480K, committed 11776K, reserved 1048576K
}
Event: 8.725 GC heap before
{Heap before GC invocations=31 (full 0):
 garbage-first heap   total 125952K, used 100454K [0x0000000080000000, 0x0000000100000000)
  region size 1024K, 43 young (44032K), 5 survivors (5120K)
 Metaspace       used 87655K, committed 88320K, reserved 1130496K
  class space    used 11983K, committed 12288K, reserved 1048576K
}
Event: 8.730 GC heap after
{Heap after GC invocations=32 (full 0):
 garbage-first heap   total 125952K, used 65151K [0x0000000080000000, 0x0000000100000000)
  region size 1024K, 6 young (6144K), 6 survivors (6144K)
 Metaspace       used 87655K, committed 88320K, reserved 1130496K
  class space    used 11983K, committed 12288K, reserved 1048576K
}
Event: 8.952 GC heap before
{Heap before GC invocations=33 (full 0):
 garbage-first heap   total 125952K, used 99967K [0x0000000080000000, 0x0000000100000000)
  region size 1024K, 40 young (40960K), 6 survivors (6144K)
 Metaspace       used 87834K, committed 88512K, reserved 1130496K
  class space    used 11997K, committed 12352K, reserved 1048576K
}
Event: 8.957 GC heap after
{Heap after GC invocations=34 (full 0):
 garbage-first heap   total 125952K, used 71125K [0x0000000080000000, 0x0000000100000000)
  region size 1024K, 5 young (5120K), 5 survivors (5120K)
 Metaspace       used 87834K, committed 88512K, reserved 1130496K
  class space    used 11997K, committed 12352K, reserved 1048576K
}
Event: 9.567 GC heap before
{Heap before GC invocations=34 (full 0):
 garbage-first heap   total 125952K, used 100821K [0x0000000080000000, 0x0000000100000000)
  region size 1024K, 34 young (34816K), 5 survivors (5120K)
 Metaspace       used 89910K, committed 90560K, reserved 1130496K
  class space    used 12416K, committed 12736K, reserved 1048576K
}
Event: 9.572 GC heap after
{Heap after GC invocations=35 (full 0):
 garbage-first heap   total 125952K, used 75828K [0x0000000080000000, 0x0000000100000000)
  region size 1024K, 4 young (4096K), 4 survivors (4096K)
 Metaspace       used 89910K, committed 90560K, reserved 1130496K
  class space    used 12416K, committed 12736K, reserved 1048576K
}
Event: 9.733 GC heap before
{Heap before GC invocations=36 (full 0):
 garbage-first heap   total 140288K, used 101428K [0x0000000080000000, 0x0000000100000000)
  region size 1024K, 30 young (30720K), 4 survivors (4096K)
 Metaspace       used 90038K, committed 90752K, reserved 1130496K
  class space    used 12422K, committed 12736K, reserved 1048576K
}

