# JRE version: OpenJDK Runtime Environment (17.0.6) (build 17.0.6+0-b2043.56-10027231)
# Java VM: OpenJDK 64-Bit Server VM (17.0.6+0-b2043.56-10027231, mixed mode, tiered, compressed oops, compressed class ptrs, g1 gc, windows-amd64)
GC Precious Log:
 CPUs: 12 total, 12 available
 Memory: 16016M
 Large Page Support: Disabled
 NUMA Support: Disabled
 Compressed Oops: Enabled (32-bit)
 Heap Region Size: 1M
 Heap Min Capacity: 8M
 Heap Initial Capacity: 252M
 Heap Max Capacity: 2G
 Pre-touch: Disabled
 Parallel Workers: 10
 Concurrent Workers: 3
 Concurrent Refinement Workers: 10
 Periodic GC: Disabled
Heap:
 garbage-first heap   total 153600K, used 96704K [0x0000000080000000, 0x0000000100000000)
  region size 1024K, 18 young (18432K), 3 survivors (3072K)
 Metaspace       used 91363K, committed 92032K, reserved 1130496K
  class space    used 12554K, committed 12864K, reserved 1048576K
GC Heap History (20 events):
Event: 8.796 GC heap before
{Heap before GC invocations=26 (full 0):
 garbage-first heap   total 106496K, used 69231K [0x0000000080000000, 0x0000000100000000)
  region size 1024K, 19 young (19456K), 4 survivors (4096K)
 Metaspace       used 74155K, committed 74752K, reserved 1114112K
  class space    used 9879K, committed 10176K, reserved 1048576K
}
Event: 8.799 GC heap after
{Heap after GC invocations=27 (full 0):
 garbage-first heap   total 128000K, used 56065K [0x0000000080000000, 0x0000000100000000)
  region size 1024K, 4 young (4096K), 4 survivors (4096K)
 Metaspace       used 74155K, committed 74752K, reserved 1114112K
  class space    used 9879K, committed 10176K, reserved 1048576K
}
Event: 9.333 GC heap before
{Heap before GC invocations=27 (full 0):
 garbage-first heap   total 128000K, used 100097K [0x0000000080000000, 0x0000000100000000)
  region size 1024K, 46 young (47104K), 4 survivors (4096K)
 Metaspace       used 79094K, committed 79680K, reserved 1122304K
  class space    used 10756K, committed 11072K, reserved 1048576K
}
Event: 9.336 GC heap after
{Heap after GC invocations=28 (full 0):
 garbage-first heap   total 128000K, used 58238K [0x0000000080000000, 0x0000000100000000)
  region size 1024K, 4 young (4096K), 4 survivors (4096K)
 Metaspace       used 79094K, committed 79680K, reserved 1122304K
  class space    used 10756K, committed 11072K, reserved 1048576K
}
Event: 9.940 GC heap before
{Heap before GC invocations=28 (full 0):
 garbage-first heap   total 128000K, used 101246K [0x0000000080000000, 0x0000000100000000)
  region size 1024K, 46 young (47104K), 4 survivors (4096K)
 Metaspace       used 83838K, committed 84416K, reserved 1122304K
  class space    used 11495K, committed 11776K, reserved 1048576K
}
Event: 9.945 GC heap after
{Heap after GC invocations=29 (full 0):
 garbage-first heap   total 128000K, used 61125K [0x0000000080000000, 0x0000000100000000)
  region size 1024K, 6 young (6144K), 6 survivors (6144K)
 Metaspace       used 83838K, committed 84416K, reserved 1122304K
  class space    used 11495K, committed 11776K, reserved 1048576K
}
Event: 10.435 GC heap before
{Heap before GC invocations=29 (full 0):
 garbage-first heap   total 128000K, used 103109K [0x0000000080000000, 0x0000000100000000)
  region size 1024K, 47 young (48128K), 6 survivors (6144K)
 Metaspace       used 87781K, committed 88384K, reserved 1130496K
  class space    used 12013K, committed 12288K, reserved 1048576K
}
Event: 10.443 GC heap after
{Heap after GC invocations=30 (full 0):
 garbage-first heap   total 128000K, used 65020K [0x0000000080000000, 0x0000000100000000)
  region size 1024K, 6 young (6144K), 6 survivors (6144K)
 Metaspace       used 87781K, committed 88384K, reserved 1130496K
  class space    used 12013K, committed 12288K, reserved 1048576K
}
Event: 10.680 GC heap before
{Heap before GC invocations=30 (full 0):
 garbage-first heap   total 128000K, used 102908K [0x0000000080000000, 0x0000000100000000)
  region size 1024K, 43 young (44032K), 6 survivors (6144K)
 Metaspace       used 88068K, committed 88704K, reserved 1130496K
  class space    used 12046K, committed 12352K, reserved 1048576K
}
Event: 10.687 GC heap after
{Heap after GC invocations=31 (full 0):
 garbage-first heap   total 128000K, used 71414K [0x0000000080000000, 0x0000000100000000)
  region size 1024K, 6 young (6144K), 6 survivors (6144K)
 Metaspace       used 88068K, committed 88704K, reserved 1130496K
  class space    used 12046K, committed 12352K, reserved 1048576K
}
Event: 11.292 GC heap before
{Heap before GC invocations=32 (full 0):
 garbage-first heap   total 128000K, used 102134K [0x0000000080000000, 0x0000000100000000)
  region size 1024K, 37 young (37888K), 6 survivors (6144K)
 Metaspace       used 90066K, committed 90752K, reserved 1130496K
  class space    used 12464K, committed 12800K, reserved 1048576K
}
Event: 11.298 GC heap after
{Heap after GC invocations=33 (full 0):
 garbage-first heap   total 128000K, used 75454K [0x0000000080000000, 0x0000000100000000)
  region size 1024K, 4 young (4096K), 4 survivors (4096K)
 Metaspace       used 90066K, committed 90752K, reserved 1130496K
  class space    used 12464K, committed 12800K, reserved 1048576K
}
Event: 11.492 GC heap before
{Heap before GC invocations=33 (full 0):
 garbage-first heap   total 128000K, used 103102K [0x0000000080000000, 0x0000000100000000)
  region size 1024K, 32 young (32768K), 4 survivors (4096K)
 Metaspace       used 90230K, committed 90944K, reserved 1130496K
  class space    used 12469K, committed 12800K, reserved 1048576K
}
Event: 11.587 GC heap after
{Heap after GC invocations=34 (full 0):
 garbage-first heap   total 153600K, used 77524K [0x0000000080000000, 0x0000000100000000)
  region size 1024K, 3 young (3072K), 3 survivors (3072K)
 Metaspace       used 90230K, committed 90944K, reserved 1130496K
  class space    used 12469K, committed 12800K, reserved 1048576K
}
Event: 12.263 GC heap before
{Heap before GC invocations=35 (full 0):
 garbage-first heap   total 153600K, used 122580K [0x0000000080000000, 0x0000000100000000)
  region size 1024K, 48 young (49152K), 3 survivors (3072K)
 Metaspace       used 90849K, committed 91456K, reserved 1130496K
  class space    used 12518K, committed 12800K, reserved 1048576K
}
Event: 12.268 GC heap after
{Heap after GC invocations=36 (full 0):
 garbage-first heap   total 153600K, used 80609K [0x0000000080000000, 0x0000000100000000)
  region size 1024K, 6 young (6144K), 6 survivors (6144K)
 Metaspace       used 90849K, committed 91456K, reserved 1130496K
  class space    used 12518K, committed 12800K, reserved 1048576K
}
Event: 12.291 GC heap before
{Heap before GC invocations=36 (full 0):
 garbage-first heap   total 153600K, used 81633K [0x0000000080000000, 0x0000000100000000)
  region size 1024K, 7 young (7168K), 6 survivors (6144K)
 Metaspace       used 90862K, committed 91456K, reserved 1130496K
  class space    used 12518K, committed 12800K, reserved 1048576K
}
Event: 12.294 GC heap after
{Heap after GC invocations=37 (full 0):
 garbage-first heap   total 153600K, used 81211K [0x0000000080000000, 0x0000000100000000)
  region size 1024K, 1 young (1024K), 1 survivors (1024K)
 Metaspace       used 90862K, committed 91456K, reserved 1130496K
  class space    used 12518K, committed 12800K, reserved 1048576K
}
Event: 13.077 GC heap before
{Heap before GC invocations=37 (full 0):
 garbage-first heap   total 153600K, used 124219K [0x0000000080000000, 0x0000000100000000)
  region size 1024K, 44 young (45056K), 1 survivors (1024K)
 Metaspace       used 91347K, committed 92032K, reserved 1130496K
  class space    used 12557K, committed 12864K, reserved 1048576K
}
Event: 13.080 GC heap after
{Heap after GC invocations=38 (full 0):
 garbage-first heap   total 153600K, used 83392K [0x0000000080000000, 0x0000000100000000)
  region size 1024K, 3 young (3072K), 3 survivors (3072K)
 Metaspace       used 91347K, committed 92032K, reserved 1130496K
  class space    used 12557K, committed 12864K, reserved 1048576K
}

