# JRE version: OpenJDK Runtime Environment (17.0.6) (build 17.0.6+0-b2043.56-10027231)
# Java VM: OpenJDK 64-Bit Server VM (17.0.6+0-b2043.56-10027231, mixed mode, tiered, compressed oops, compressed class ptrs, g1 gc, windows-amd64)
GC Precious Log:
 CPUs: 12 total, 12 available
 Memory: 16016M
 Large Page Support: Disabled
 NUMA Support: Disabled
 Compressed Oops: Enabled (32-bit)
 Heap Region Size: 1M
 Heap Min Capacity: 8M
 Heap Initial Capacity: 252M
 Heap Max Capacity: 2G
 Pre-touch: Disabled
 Parallel Workers: 10
 Concurrent Workers: 3
 Concurrent Refinement Workers: 10
 Periodic GC: Disabled
Heap:
 garbage-first heap   total 122880K, used 78170K [0x0000000080000000, 0x0000000100000000)
  region size 1024K, 27 young (27648K), 4 survivors (4096K)
 Metaspace       used 77000K, committed 77568K, reserved 1122304K
  class space    used 10446K, committed 10688K, reserved 1048576K
GC Heap History (20 events):
Event: 9.117 GC heap before
{Heap before GC invocations=12 (full 0):
 garbage-first heap   total 102400K, used 76636K [0x0000000080000000, 0x0000000100000000)
  region size 1024K, 49 young (50176K), 4 survivors (4096K)
 Metaspace       used 52236K, committed 52672K, reserved 1097728K
  class space    used 7024K, committed 7232K, reserved 1048576K
}
Event: 9.124 GC heap after
{Heap after GC invocations=13 (full 0):
 garbage-first heap   total 102400K, used 33129K [0x0000000080000000, 0x0000000100000000)
  region size 1024K, 3 young (3072K), 3 survivors (3072K)
 Metaspace       used 52236K, committed 52672K, reserved 1097728K
  class space    used 7024K, committed 7232K, reserved 1048576K
}
Event: 10.484 GC heap before
{Heap before GC invocations=13 (full 0):
 garbage-first heap   total 102400K, used 82281K [0x0000000080000000, 0x0000000100000000)
  region size 1024K, 48 young (49152K), 3 survivors (3072K)
 Metaspace       used 53848K, committed 54336K, reserved 1097728K
  class space    used 7207K, committed 7424K, reserved 1048576K
}
Event: 10.491 GC heap after
{Heap after GC invocations=14 (full 0):
 garbage-first heap   total 102400K, used 42989K [0x0000000080000000, 0x0000000100000000)
  region size 1024K, 6 young (6144K), 6 survivors (6144K)
 Metaspace       used 53848K, committed 54336K, reserved 1097728K
  class space    used 7207K, committed 7424K, reserved 1048576K
}
Event: 11.089 GC heap before
{Heap before GC invocations=14 (full 0):
 garbage-first heap   total 102400K, used 79853K [0x0000000080000000, 0x0000000100000000)
  region size 1024K, 42 young (43008K), 6 survivors (6144K)
 Metaspace       used 59480K, committed 60032K, reserved 1105920K
  class space    used 7903K, committed 8192K, reserved 1048576K
}
Event: 11.094 GC heap after
{Heap after GC invocations=15 (full 0):
 garbage-first heap   total 102400K, used 44596K [0x0000000080000000, 0x0000000100000000)
  region size 1024K, 2 young (2048K), 2 survivors (2048K)
 Metaspace       used 59480K, committed 60032K, reserved 1105920K
  class space    used 7903K, committed 8192K, reserved 1048576K
}
Event: 11.113 GC heap before
{Heap before GC invocations=15 (full 0):
 garbage-first heap   total 102400K, used 45620K [0x0000000080000000, 0x0000000100000000)
  region size 1024K, 4 young (4096K), 2 survivors (2048K)
 Metaspace       used 59564K, committed 60096K, reserved 1105920K
  class space    used 7914K, committed 8192K, reserved 1048576K
}
Event: 11.116 GC heap after
{Heap after GC invocations=16 (full 0):
 garbage-first heap   total 102400K, used 44554K [0x0000000080000000, 0x0000000100000000)
  region size 1024K, 2 young (2048K), 2 survivors (2048K)
 Metaspace       used 59564K, committed 60096K, reserved 1105920K
  class space    used 7914K, committed 8192K, reserved 1048576K
}
Event: 11.825 GC heap before
{Heap before GC invocations=17 (full 0):
 garbage-first heap   total 102400K, used 71178K [0x0000000080000000, 0x0000000100000000)
  region size 1024K, 27 young (27648K), 2 survivors (2048K)
 Metaspace       used 63786K, committed 64320K, reserved 1105920K
  class space    used 8494K, committed 8704K, reserved 1048576K
}
Event: 11.831 GC heap after
{Heap after GC invocations=18 (full 0):
 garbage-first heap   total 102400K, used 49742K [0x0000000080000000, 0x0000000100000000)
  region size 1024K, 5 young (5120K), 5 survivors (5120K)
 Metaspace       used 63786K, committed 64320K, reserved 1105920K
  class space    used 8494K, committed 8704K, reserved 1048576K
}
Event: 11.833 GC heap before
{Heap before GC invocations=18 (full 0):
 garbage-first heap   total 102400K, used 50766K [0x0000000080000000, 0x0000000100000000)
  region size 1024K, 6 young (6144K), 5 survivors (5120K)
 Metaspace       used 63786K, committed 64320K, reserved 1105920K
  class space    used 8494K, committed 8704K, reserved 1048576K
}
Event: 11.838 GC heap after
{Heap after GC invocations=19 (full 0):
 garbage-first heap   total 102400K, used 51008K [0x0000000080000000, 0x0000000100000000)
  region size 1024K, 1 young (1024K), 1 survivors (1024K)
 Metaspace       used 63786K, committed 64320K, reserved 1105920K
  class space    used 8494K, committed 8704K, reserved 1048576K
}
Event: 12.392 GC heap before
{Heap before GC invocations=20 (full 0):
 garbage-first heap   total 102400K, used 85824K [0x0000000080000000, 0x0000000100000000)
  region size 1024K, 32 young (32768K), 1 survivors (1024K)
 Metaspace       used 66141K, committed 66624K, reserved 1114112K
  class space    used 8804K, committed 9024K, reserved 1048576K
}
Event: 12.396 GC heap after
{Heap after GC invocations=21 (full 0):
 garbage-first heap   total 102400K, used 52837K [0x0000000080000000, 0x0000000100000000)
  region size 1024K, 2 young (2048K), 2 survivors (2048K)
 Metaspace       used 66141K, committed 66624K, reserved 1114112K
  class space    used 8804K, committed 9024K, reserved 1048576K
}
Event: 13.027 GC heap before
{Heap before GC invocations=21 (full 0):
 garbage-first heap   total 102400K, used 84581K [0x0000000080000000, 0x0000000100000000)
  region size 1024K, 33 young (33792K), 2 survivors (2048K)
 Metaspace       used 70183K, committed 70720K, reserved 1114112K
  class space    used 9356K, committed 9600K, reserved 1048576K
}
Event: 13.033 GC heap after
{Heap after GC invocations=22 (full 0):
 garbage-first heap   total 102400K, used 54493K [0x0000000080000000, 0x0000000100000000)
  region size 1024K, 4 young (4096K), 4 survivors (4096K)
 Metaspace       used 70183K, committed 70720K, reserved 1114112K
  class space    used 9356K, committed 9600K, reserved 1048576K
}
Event: 13.505 GC heap before
{Heap before GC invocations=23 (full 0):
 garbage-first heap   total 102400K, used 83165K [0x0000000080000000, 0x0000000100000000)
  region size 1024K, 33 young (33792K), 4 survivors (4096K)
 Metaspace       used 72875K, committed 73408K, reserved 1114112K
  class space    used 9694K, committed 9920K, reserved 1048576K
}
Event: 13.512 GC heap after
{Heap after GC invocations=24 (full 0):
 garbage-first heap   total 102400K, used 53886K [0x0000000080000000, 0x0000000100000000)
  region size 1024K, 5 young (5120K), 5 survivors (5120K)
 Metaspace       used 72875K, committed 73408K, reserved 1114112K
  class space    used 9694K, committed 9920K, reserved 1048576K
}
Event: 13.642 GC heap before
{Heap before GC invocations=24 (full 0):
 garbage-first heap   total 102400K, used 65150K [0x0000000080000000, 0x0000000100000000)
  region size 1024K, 17 young (17408K), 5 survivors (5120K)
 Metaspace       used 74083K, committed 74624K, reserved 1114112K
  class space    used 9870K, committed 10112K, reserved 1048576K
}
Event: 13.647 GC heap after
{Heap after GC invocations=25 (full 0):
 garbage-first heap   total 122880K, used 54618K [0x0000000080000000, 0x0000000100000000)
  region size 1024K, 4 young (4096K), 4 survivors (4096K)
 Metaspace       used 74083K, committed 74624K, reserved 1114112K
  class space    used 9870K, committed 10112K, reserved 1048576K
}

