# JRE version: OpenJDK Runtime Environment (17.0.6) (build 17.0.6+0-b2043.56-10027231)
# Java VM: OpenJDK 64-Bit Server VM (17.0.6+0-b2043.56-10027231, mixed mode, tiered, compressed oops, compressed class ptrs, g1 gc, windows-amd64)
GC Precious Log:
 CPUs: 12 total, 12 available
 Memory: 16016M
 Large Page Support: Disabled
 NUMA Support: Disabled
 Compressed Oops: Enabled (32-bit)
 Heap Region Size: 1M
 Heap Min Capacity: 8M
 Heap Initial Capacity: 252M
 Heap Max Capacity: 2G
 Pre-touch: Disabled
 Parallel Workers: 10
 Concurrent Workers: 3
 Concurrent Refinement Workers: 10
 Periodic GC: Disabled
Heap:
 garbage-first heap   total 371712K, used 219038K [0x0000000080000000, 0x0000000100000000)
  region size 1024K, 11 young (11264K), 11 survivors (11264K)
 Metaspace       used 143369K, committed 144384K, reserved 1179648K
  class space    used 19147K, committed 19648K, reserved 1048576K
GC Heap History (20 events):
Event: 525.743 GC heap after
{Heap after GC invocations=80 (full 0):
 garbage-first heap   total 363520K, used 117098K [0x0000000080000000, 0x0000000100000000)
  region size 1024K, 2 young (2048K), 2 survivors (2048K)
 Metaspace       used 142248K, committed 143168K, reserved 1179648K
  class space    used 19099K, committed 19584K, reserved 1048576K
}
Event: 531.139 GC heap before
{Heap before GC invocations=80 (full 0):
 garbage-first heap   total 363520K, used 181610K [0x0000000080000000, 0x0000000100000000)
  region size 1024K, 67 young (68608K), 2 survivors (2048K)
 Metaspace       used 142435K, committed 143424K, reserved 1179648K
  class space    used 19111K, committed 19584K, reserved 1048576K
}
Event: 531.144 GC heap after
{Heap after GC invocations=81 (full 0):
 garbage-first heap   total 363520K, used 119991K [0x0000000080000000, 0x0000000100000000)
  region size 1024K, 5 young (5120K), 5 survivors (5120K)
 Metaspace       used 142435K, committed 143424K, reserved 1179648K
  class space    used 19111K, committed 19584K, reserved 1048576K
}
Event: 551.151 GC heap before
{Heap before GC invocations=82 (full 0):
 garbage-first heap   total 363520K, used 320695K [0x0000000080000000, 0x0000000100000000)
  region size 1024K, 171 young (175104K), 5 survivors (5120K)
 Metaspace       used 142872K, committed 143872K, reserved 1179648K
  class space    used 19134K, committed 19648K, reserved 1048576K
}
Event: 551.165 GC heap after
{Heap after GC invocations=83 (full 0):
 garbage-first heap   total 363520K, used 148136K [0x0000000080000000, 0x0000000100000000)
  region size 1024K, 22 young (22528K), 22 survivors (22528K)
 Metaspace       used 142872K, committed 143872K, reserved 1179648K
  class space    used 19134K, committed 19648K, reserved 1048576K
}
Event: 551.189 GC heap before
{Heap before GC invocations=83 (full 0):
 garbage-first heap   total 363520K, used 149160K [0x0000000080000000, 0x0000000100000000)
  region size 1024K, 23 young (23552K), 22 survivors (22528K)
 Metaspace       used 142890K, committed 143872K, reserved 1179648K
  class space    used 19135K, committed 19648K, reserved 1048576K
}
Event: 551.203 GC heap after
{Heap after GC invocations=84 (full 0):
 garbage-first heap   total 363520K, used 148440K [0x0000000080000000, 0x0000000100000000)
  region size 1024K, 3 young (3072K), 3 survivors (3072K)
 Metaspace       used 142890K, committed 143872K, reserved 1179648K
  class space    used 19135K, committed 19648K, reserved 1048576K
}
Event: 551.362 GC heap before
{Heap before GC invocations=84 (full 0):
 garbage-first heap   total 363520K, used 159704K [0x0000000080000000, 0x0000000100000000)
  region size 1024K, 15 young (15360K), 3 survivors (3072K)
 Metaspace       used 142895K, committed 143936K, reserved 1179648K
  class space    used 19135K, committed 19648K, reserved 1048576K
}
Event: 551.365 GC heap after
{Heap after GC invocations=85 (full 0):
 garbage-first heap   total 363520K, used 147507K [0x0000000080000000, 0x0000000100000000)
  region size 1024K, 3 young (3072K), 3 survivors (3072K)
 Metaspace       used 142895K, committed 143936K, reserved 1179648K
  class space    used 19135K, committed 19648K, reserved 1048576K
}
Event: 555.392 GC heap before
{Heap before GC invocations=86 (full 0):
 garbage-first heap   total 363520K, used 306227K [0x0000000080000000, 0x0000000100000000)
  region size 1024K, 135 young (138240K), 3 survivors (3072K)
 Metaspace       used 143077K, committed 144128K, reserved 1179648K
  class space    used 19145K, committed 19648K, reserved 1048576K
}
Event: 555.401 GC heap after
{Heap after GC invocations=87 (full 0):
 garbage-first heap   total 363520K, used 160542K [0x0000000080000000, 0x0000000100000000)
  region size 1024K, 16 young (16384K), 16 survivors (16384K)
 Metaspace       used 143077K, committed 144128K, reserved 1179648K
  class space    used 19145K, committed 19648K, reserved 1048576K
}
Event: 555.404 GC heap before
{Heap before GC invocations=87 (full 0):
 garbage-first heap   total 363520K, used 161566K [0x0000000080000000, 0x0000000100000000)
  region size 1024K, 17 young (17408K), 16 survivors (16384K)
 Metaspace       used 143077K, committed 144128K, reserved 1179648K
  class space    used 19145K, committed 19648K, reserved 1048576K
}
Event: 555.412 GC heap after
{Heap after GC invocations=88 (full 0):
 garbage-first heap   total 363520K, used 153066K [0x0000000080000000, 0x0000000100000000)
  region size 1024K, 2 young (2048K), 2 survivors (2048K)
 Metaspace       used 143077K, committed 144128K, reserved 1179648K
  class space    used 19145K, committed 19648K, reserved 1048576K
}
Event: 556.513 GC heap before
{Heap before GC invocations=88 (full 0):
 garbage-first heap   total 363520K, used 233962K [0x0000000080000000, 0x0000000100000000)
  region size 1024K, 83 young (84992K), 2 survivors (2048K)
 Metaspace       used 143295K, committed 144320K, reserved 1179648K
  class space    used 19147K, committed 19648K, reserved 1048576K
}
Event: 556.517 GC heap after
{Heap after GC invocations=89 (full 0):
 garbage-first heap   total 363520K, used 155712K [0x0000000080000000, 0x0000000100000000)
  region size 1024K, 5 young (5120K), 5 survivors (5120K)
 Metaspace       used 143295K, committed 144320K, reserved 1179648K
  class space    used 19147K, committed 19648K, reserved 1048576K
}
Event: 557.081 GC heap before
{Heap before GC invocations=90 (full 0):
 garbage-first heap   total 363520K, used 316480K [0x0000000080000000, 0x0000000100000000)
  region size 1024K, 134 young (137216K), 5 survivors (5120K)
 Metaspace       used 143340K, committed 144384K, reserved 1179648K
  class space    used 19147K, committed 19648K, reserved 1048576K
}
Event: 557.111 GC heap after
{Heap after GC invocations=91 (full 0):
 garbage-first heap   total 371712K, used 216671K [0x0000000080000000, 0x0000000100000000)
  region size 1024K, 17 young (17408K), 17 survivors (17408K)
 Metaspace       used 143340K, committed 144384K, reserved 1179648K
  class space    used 19147K, committed 19648K, reserved 1048576K
}
Event: 557.112 GC heap before
{Heap before GC invocations=91 (full 0):
 garbage-first heap   total 371712K, used 217695K [0x0000000080000000, 0x0000000100000000)
  region size 1024K, 18 young (18432K), 17 survivors (17408K)
 Metaspace       used 143340K, committed 144384K, reserved 1179648K
  class space    used 19147K, committed 19648K, reserved 1048576K
}
Event: 557.129 GC heap after
{Heap after GC invocations=92 (full 0):
 garbage-first heap   total 371712K, used 195409K [0x0000000080000000, 0x0000000100000000)
  region size 1024K, 2 young (2048K), 2 survivors (2048K)
 Metaspace       used 143340K, committed 144384K, reserved 1179648K
  class space    used 19147K, committed 19648K, reserved 1048576K
}
Event: 557.214 GC heap before
{Heap before GC invocations=92 (full 0):
 garbage-first heap   total 371712K, used 262993K [0x0000000080000000, 0x0000000100000000)
  region size 1024K, 70 young (71680K), 2 survivors (2048K)
 Metaspace       used 143369K, committed 144384K, reserved 1179648K
  class space    used 19147K, committed 19648K, reserved 1048576K
}

