# JRE version: OpenJDK Runtime Environment (17.0.6) (build 17.0.6+0-b2043.56-10027231)
# Java VM: OpenJDK 64-Bit Server VM (17.0.6+0-b2043.56-10027231, mixed mode, tiered, compressed oops, compressed class ptrs, g1 gc, windows-amd64)
GC Precious Log:
 CPUs: 12 total, 12 available
 Memory: 16016M
 Large Page Support: Disabled
 NUMA Support: Disabled
 Compressed Oops: Enabled (32-bit)
 Heap Region Size: 1M
 Heap Min Capacity: 8M
 Heap Initial Capacity: 252M
 Heap Max Capacity: 2G
 Pre-touch: Disabled
 Parallel Workers: 10
 Concurrent Workers: 3
 Concurrent Refinement Workers: 10
 Periodic GC: Disabled
Heap:
 garbage-first heap   total 301056K, used 211768K [0x0000000080000000, 0x0000000100000000)
  region size 1024K, 6 young (6144K), 6 survivors (6144K)
 Metaspace       used 117310K, committed 118144K, reserved 1155072K
  class space    used 15859K, committed 16256K, reserved 1048576K
GC Heap History (20 events):
Event: 24.980 GC heap after
{Heap after GC invocations=48 (full 0):
 garbage-first heap   total 301056K, used 115045K [0x0000000080000000, 0x0000000100000000)
  region size 1024K, 4 young (4096K), 4 survivors (4096K)
 Metaspace       used 97496K, committed 98240K, reserved 1138688K
  class space    used 13247K, committed 13632K, reserved 1048576K
}
Event: 25.113 GC heap before
{Heap before GC invocations=48 (full 0):
 garbage-first heap   total 301056K, used 141669K [0x0000000080000000, 0x0000000100000000)
  region size 1024K, 14 young (14336K), 4 survivors (4096K)
 Metaspace       used 97809K, committed 98560K, reserved 1138688K
  class space    used 13272K, committed 13632K, reserved 1048576K
}
Event: 25.119 GC heap after
{Heap after GC invocations=49 (full 0):
 garbage-first heap   total 301056K, used 117249K [0x0000000080000000, 0x0000000100000000)
  region size 1024K, 2 young (2048K), 2 survivors (2048K)
 Metaspace       used 97809K, committed 98560K, reserved 1138688K
  class space    used 13272K, committed 13632K, reserved 1048576K
}
Event: 25.511 GC heap before
{Heap before GC invocations=49 (full 0):
 garbage-first heap   total 301056K, used 193025K [0x0000000080000000, 0x0000000100000000)
  region size 1024K, 77 young (78848K), 2 survivors (2048K)
 Metaspace       used 101135K, committed 101888K, reserved 1138688K
  class space    used 13558K, committed 13888K, reserved 1048576K
}
Event: 25.518 GC heap after
{Heap after GC invocations=50 (full 0):
 garbage-first heap   total 301056K, used 127298K [0x0000000080000000, 0x0000000100000000)
  region size 1024K, 10 young (10240K), 10 survivors (10240K)
 Metaspace       used 101135K, committed 101888K, reserved 1138688K
  class space    used 13558K, committed 13888K, reserved 1048576K
}
Event: 25.910 GC heap before
{Heap before GC invocations=50 (full 0):
 garbage-first heap   total 301056K, used 207170K [0x0000000080000000, 0x0000000100000000)
  region size 1024K, 88 young (90112K), 10 survivors (10240K)
 Metaspace       used 102434K, committed 103232K, reserved 1138688K
  class space    used 13652K, committed 14016K, reserved 1048576K
}
Event: 25.912 GC heap after
{Heap after GC invocations=51 (full 0):
 garbage-first heap   total 301056K, used 123332K [0x0000000080000000, 0x0000000100000000)
  region size 1024K, 2 young (2048K), 2 survivors (2048K)
 Metaspace       used 102434K, committed 103232K, reserved 1138688K
  class space    used 13652K, committed 14016K, reserved 1048576K
}
Event: 29.336 GC heap before
{Heap before GC invocations=51 (full 0):
 garbage-first heap   total 301056K, used 221636K [0x0000000080000000, 0x0000000100000000)
  region size 1024K, 99 young (101376K), 2 survivors (2048K)
 Metaspace       used 106017K, committed 106816K, reserved 1146880K
  class space    used 14101K, committed 14528K, reserved 1048576K
}
Event: 29.342 GC heap after
{Heap after GC invocations=52 (full 0):
 garbage-first heap   total 301056K, used 128691K [0x0000000080000000, 0x0000000100000000)
  region size 1024K, 7 young (7168K), 7 survivors (7168K)
 Metaspace       used 106017K, committed 106816K, reserved 1146880K
  class space    used 14101K, committed 14528K, reserved 1048576K
}
Event: 30.062 GC heap before
{Heap before GC invocations=52 (full 0):
 garbage-first heap   total 301056K, used 232115K [0x0000000080000000, 0x0000000100000000)
  region size 1024K, 107 young (109568K), 7 survivors (7168K)
 Metaspace       used 107681K, committed 108480K, reserved 1146880K
  class space    used 14286K, committed 14656K, reserved 1048576K
}
Event: 30.071 GC heap after
{Heap after GC invocations=53 (full 0):
 garbage-first heap   total 301056K, used 140375K [0x0000000080000000, 0x0000000100000000)
  region size 1024K, 14 young (14336K), 14 survivors (14336K)
 Metaspace       used 107681K, committed 108480K, reserved 1146880K
  class space    used 14286K, committed 14656K, reserved 1048576K
}
Event: 31.261 GC heap before
{Heap before GC invocations=53 (full 0):
 garbage-first heap   total 301056K, used 204887K [0x0000000080000000, 0x0000000100000000)
  region size 1024K, 60 young (61440K), 14 survivors (14336K)
 Metaspace       used 111324K, committed 112192K, reserved 1146880K
  class space    used 14811K, committed 15232K, reserved 1048576K
}
Event: 31.268 GC heap after
{Heap after GC invocations=54 (full 0):
 garbage-first heap   total 301056K, used 157572K [0x0000000080000000, 0x0000000100000000)
  region size 1024K, 6 young (6144K), 6 survivors (6144K)
 Metaspace       used 111324K, committed 112192K, reserved 1146880K
  class space    used 14811K, committed 15232K, reserved 1048576K
}
Event: 31.789 GC heap before
{Heap before GC invocations=55 (full 0):
 garbage-first heap   total 301056K, used 247684K [0x0000000080000000, 0x0000000100000000)
  region size 1024K, 88 young (90112K), 6 survivors (6144K)
 Metaspace       used 114290K, committed 115072K, reserved 1155072K
  class space    used 15448K, committed 15808K, reserved 1048576K
}
Event: 31.805 GC heap after
{Heap after GC invocations=56 (full 0):
 garbage-first heap   total 301056K, used 179387K [0x0000000080000000, 0x0000000100000000)
  region size 1024K, 11 young (11264K), 11 survivors (11264K)
 Metaspace       used 114290K, committed 115072K, reserved 1155072K
  class space    used 15448K, committed 15808K, reserved 1048576K
}
Event: 31.812 GC heap before
{Heap before GC invocations=56 (full 0):
 garbage-first heap   total 301056K, used 182459K [0x0000000080000000, 0x0000000100000000)
  region size 1024K, 14 young (14336K), 11 survivors (11264K)
 Metaspace       used 114308K, committed 115136K, reserved 1155072K
  class space    used 15448K, committed 15808K, reserved 1048576K
}
Event: 31.820 GC heap after
{Heap after GC invocations=57 (full 0):
 garbage-first heap   total 301056K, used 168417K [0x0000000080000000, 0x0000000100000000)
  region size 1024K, 2 young (2048K), 2 survivors (2048K)
 Metaspace       used 114308K, committed 115136K, reserved 1155072K
  class space    used 15448K, committed 15808K, reserved 1048576K
}
Event: 31.929 GC heap before
{Heap before GC invocations=57 (full 0):
 garbage-first heap   total 301056K, used 231905K [0x0000000080000000, 0x0000000100000000)
  region size 1024K, 64 young (65536K), 2 survivors (2048K)
 Metaspace       used 114432K, committed 115200K, reserved 1155072K
  class space    used 15448K, committed 15808K, reserved 1048576K
}
Event: 31.946 GC heap after
{Heap after GC invocations=58 (full 0):
 garbage-first heap   total 301056K, used 199897K [0x0000000080000000, 0x0000000100000000)
  region size 1024K, 8 young (8192K), 8 survivors (8192K)
 Metaspace       used 114432K, committed 115200K, reserved 1155072K
  class space    used 15448K, committed 15808K, reserved 1048576K
}
Event: 32.290 GC heap before
{Heap before GC invocations=58 (full 0):
 garbage-first heap   total 301056K, used 235737K [0x0000000080000000, 0x0000000100000000)
  region size 1024K, 44 young (45056K), 8 survivors (8192K)
 Metaspace       used 117310K, committed 118144K, reserved 1155072K
  class space    used 15859K, committed 16256K, reserved 1048576K
}

