# JRE version: OpenJDK Runtime Environment (17.0.6) (build 17.0.6+0-b2043.56-10027231)
# Java VM: OpenJDK 64-Bit Server VM (17.0.6+0-b2043.56-10027231, mixed mode, tiered, compressed oops, compressed class ptrs, g1 gc, windows-amd64)
GC Precious Log:
 CPUs: 12 total, 12 available
 Memory: 16016M
 Large Page Support: Disabled
 NUMA Support: Disabled
 Compressed Oops: Enabled (32-bit)
 Heap Region Size: 1M
 Heap Min Capacity: 8M
 Heap Initial Capacity: 252M
 Heap Max Capacity: 2G
 Pre-touch: Disabled
 Parallel Workers: 10
 Concurrent Workers: 3
 Concurrent Refinement Workers: 10
 Periodic GC: Disabled
Heap:
 garbage-first heap   total 121856K, used 60895K [0x0000000080000000, 0x0000000100000000)
  region size 1024K, 7 young (7168K), 3 survivors (3072K)
 Metaspace       used 74362K, committed 74880K, reserved 1114112K
  class space    used 9886K, committed 10112K, reserved 1048576K
GC Heap History (20 events):
Event: 7.092 GC heap before
{Heap before GC invocations=14 (full 0):
 garbage-first heap   total 87040K, used 69538K [0x0000000080000000, 0x0000000100000000)
  region size 1024K, 36 young (36864K), 4 survivors (4096K)
 Metaspace       used 53313K, committed 53696K, reserved 1097728K
  class space    used 7116K, committed 7296K, reserved 1048576K
}
Event: 7.099 GC heap after
{Heap after GC invocations=15 (full 0):
 garbage-first heap   total 87040K, used 41426K [0x0000000080000000, 0x0000000100000000)
  region size 1024K, 5 young (5120K), 5 survivors (5120K)
 Metaspace       used 53313K, committed 53696K, reserved 1097728K
  class space    used 7116K, committed 7296K, reserved 1048576K
}
Event: 7.732 GC heap before
{Heap before GC invocations=15 (full 0):
 garbage-first heap   total 87040K, used 68050K [0x0000000080000000, 0x0000000100000000)
  region size 1024K, 31 young (31744K), 5 survivors (5120K)
 Metaspace       used 56443K, committed 56960K, reserved 1105920K
  class space    used 7538K, committed 7744K, reserved 1048576K
}
Event: 7.738 GC heap after
{Heap after GC invocations=16 (full 0):
 garbage-first heap   total 87040K, used 45489K [0x0000000080000000, 0x0000000100000000)
  region size 1024K, 4 young (4096K), 4 survivors (4096K)
 Metaspace       used 56443K, committed 56960K, reserved 1105920K
  class space    used 7538K, committed 7744K, reserved 1048576K
}
Event: 8.034 GC heap before
{Heap before GC invocations=16 (full 0):
 garbage-first heap   total 87040K, used 65969K [0x0000000080000000, 0x0000000100000000)
  region size 1024K, 25 young (25600K), 4 survivors (4096K)
 Metaspace       used 59638K, committed 60096K, reserved 1105920K
  class space    used 7905K, committed 8128K, reserved 1048576K
}
Event: 8.037 GC heap after
{Heap after GC invocations=17 (full 0):
 garbage-first heap   total 87040K, used 46144K [0x0000000080000000, 0x0000000100000000)
  region size 1024K, 1 young (1024K), 1 survivors (1024K)
 Metaspace       used 59638K, committed 60096K, reserved 1105920K
  class space    used 7905K, committed 8128K, reserved 1048576K
}
Event: 8.384 GC heap before
{Heap before GC invocations=18 (full 0):
 garbage-first heap   total 87040K, used 65600K [0x0000000080000000, 0x0000000100000000)
  region size 1024K, 21 young (21504K), 1 survivors (1024K)
 Metaspace       used 63776K, committed 64320K, reserved 1105920K
  class space    used 8480K, committed 8704K, reserved 1048576K
}
Event: 8.387 GC heap after
{Heap after GC invocations=19 (full 0):
 garbage-first heap   total 87040K, used 48258K [0x0000000080000000, 0x0000000100000000)
  region size 1024K, 3 young (3072K), 3 survivors (3072K)
 Metaspace       used 63776K, committed 64320K, reserved 1105920K
  class space    used 8480K, committed 8704K, reserved 1048576K
}
Event: 8.416 GC heap before
{Heap before GC invocations=20 (full 0):
 garbage-first heap   total 101376K, used 60546K [0x0000000080000000, 0x0000000100000000)
  region size 1024K, 12 young (12288K), 3 survivors (3072K)
 Metaspace       used 63780K, committed 64320K, reserved 1105920K
  class space    used 8480K, committed 8704K, reserved 1048576K
}
Event: 8.419 GC heap after
{Heap after GC invocations=21 (full 0):
 garbage-first heap   total 101376K, used 54097K [0x0000000080000000, 0x0000000100000000)
  region size 1024K, 3 young (3072K), 3 survivors (3072K)
 Metaspace       used 63780K, committed 64320K, reserved 1105920K
  class space    used 8480K, committed 8704K, reserved 1048576K
}
Event: 8.653 GC heap before
{Heap before GC invocations=22 (full 0):
 garbage-first heap   total 101376K, used 76625K [0x0000000080000000, 0x0000000100000000)
  region size 1024K, 23 young (23552K), 3 survivors (3072K)
 Metaspace       used 65709K, committed 66240K, reserved 1114112K
  class space    used 8736K, committed 8960K, reserved 1048576K
}
Event: 8.655 GC heap after
{Heap after GC invocations=23 (full 0):
 garbage-first heap   total 101376K, used 51336K [0x0000000080000000, 0x0000000100000000)
  region size 1024K, 2 young (2048K), 2 survivors (2048K)
 Metaspace       used 65709K, committed 66240K, reserved 1114112K
  class space    used 8736K, committed 8960K, reserved 1048576K
}
Event: 8.962 GC heap before
{Heap before GC invocations=23 (full 0):
 garbage-first heap   total 101376K, used 72840K [0x0000000080000000, 0x0000000100000000)
  region size 1024K, 24 young (24576K), 2 survivors (2048K)
 Metaspace       used 67944K, committed 68480K, reserved 1114112K
  class space    used 9035K, committed 9280K, reserved 1048576K
}
Event: 8.965 GC heap after
{Heap after GC invocations=24 (full 0):
 garbage-first heap   total 101376K, used 52773K [0x0000000080000000, 0x0000000100000000)
  region size 1024K, 2 young (2048K), 2 survivors (2048K)
 Metaspace       used 67944K, committed 68480K, reserved 1114112K
  class space    used 9035K, committed 9280K, reserved 1048576K
}
Event: 9.229 GC heap before
{Heap before GC invocations=25 (full 0):
 garbage-first heap   total 101376K, used 76325K [0x0000000080000000, 0x0000000100000000)
  region size 1024K, 25 young (25600K), 2 survivors (2048K)
 Metaspace       used 71202K, committed 71744K, reserved 1114112K
  class space    used 9479K, committed 9728K, reserved 1048576K
}
Event: 9.232 GC heap after
{Heap after GC invocations=26 (full 0):
 garbage-first heap   total 101376K, used 54139K [0x0000000080000000, 0x0000000100000000)
  region size 1024K, 3 young (3072K), 3 survivors (3072K)
 Metaspace       used 71202K, committed 71744K, reserved 1114112K
  class space    used 9479K, committed 9728K, reserved 1048576K
}
Event: 9.504 GC heap before
{Heap before GC invocations=26 (full 0):
 garbage-first heap   total 101376K, used 77691K [0x0000000080000000, 0x0000000100000000)
  region size 1024K, 27 young (27648K), 3 survivors (3072K)
 Metaspace       used 73254K, committed 73792K, reserved 1114112K
  class space    used 9737K, committed 9984K, reserved 1048576K
}
Event: 9.508 GC heap after
{Heap after GC invocations=27 (full 0):
 garbage-first heap   total 101376K, used 56065K [0x0000000080000000, 0x0000000100000000)
  region size 1024K, 4 young (4096K), 4 survivors (4096K)
 Metaspace       used 73254K, committed 73792K, reserved 1114112K
  class space    used 9737K, committed 9984K, reserved 1048576K
}
Event: 9.617 GC heap before
{Heap before GC invocations=28 (full 0):
 garbage-first heap   total 101376K, used 63233K [0x0000000080000000, 0x0000000100000000)
  region size 1024K, 13 young (13312K), 4 survivors (4096K)
 Metaspace       used 74055K, committed 74624K, reserved 1114112K
  class space    used 9854K, committed 10112K, reserved 1048576K
}
Event: 9.621 GC heap after
{Heap after GC invocations=29 (full 0):
 garbage-first heap   total 121856K, used 56799K [0x0000000080000000, 0x0000000100000000)
  region size 1024K, 3 young (3072K), 3 survivors (3072K)
 Metaspace       used 74055K, committed 74624K, reserved 1114112K
  class space    used 9854K, committed 10112K, reserved 1048576K
}

