# JRE version: OpenJDK Runtime Environment (17.0.6) (build 17.0.6+0-b2043.56-10027231)
# Java VM: OpenJDK 64-Bit Server VM (17.0.6+0-b2043.56-10027231, mixed mode, tiered, compressed oops, compressed class ptrs, g1 gc, windows-amd64)
GC Precious Log:
 CPUs: 12 total, 12 available
 Memory: 16016M
 Large Page Support: Disabled
 NUMA Support: Disabled
 Compressed Oops: Enabled (32-bit)
 Heap Region Size: 1M
 Heap Min Capacity: 8M
 Heap Initial Capacity: 252M
 Heap Max Capacity: 2G
 Pre-touch: Disabled
 Parallel Workers: 10
 Concurrent Workers: 3
 Concurrent Refinement Workers: 10
 Periodic GC: Disabled
Heap:
 garbage-first heap   total 258048K, used 131184K [0x0000000080000000, 0x0000000100000000)
  region size 1024K, 2 young (2048K), 2 survivors (2048K)
 Metaspace       used 98455K, committed 99136K, reserved 1138688K
  class space    used 13506K, committed 13824K, reserved 1048576K
GC Heap History (20 events):
Event: 14.303 GC heap after
{Heap after GC invocations=41 (full 0):
 garbage-first heap   total 132096K, used 76000K [0x0000000080000000, 0x0000000100000000)
  region size 1024K, 1 young (1024K), 1 survivors (1024K)
 Metaspace       used 90065K, committed 90752K, reserved 1130496K
  class space    used 12473K, committed 12800K, reserved 1048576K
}
Event: 14.562 GC heap before
{Heap before GC invocations=41 (full 0):
 garbage-first heap   total 132096K, used 105696K [0x0000000080000000, 0x0000000100000000)
  region size 1024K, 31 young (31744K), 1 survivors (1024K)
 Metaspace       used 90229K, committed 90880K, reserved 1130496K
  class space    used 12479K, committed 12800K, reserved 1048576K
}
Event: 14.565 GC heap after
{Heap after GC invocations=42 (full 0):
 garbage-first heap   total 132096K, used 77302K [0x0000000080000000, 0x0000000100000000)
  region size 1024K, 3 young (3072K), 3 survivors (3072K)
 Metaspace       used 90229K, committed 90880K, reserved 1130496K
  class space    used 12479K, committed 12800K, reserved 1048576K
}
Event: 14.992 GC heap before
{Heap before GC invocations=43 (full 0):
 garbage-first heap   total 138240K, used 105974K [0x0000000080000000, 0x0000000100000000)
  region size 1024K, 32 young (32768K), 3 survivors (3072K)
 Metaspace       used 90615K, committed 91200K, reserved 1130496K
  class space    used 12511K, committed 12800K, reserved 1048576K
}
Event: 14.995 GC heap after
{Heap after GC invocations=44 (full 0):
 garbage-first heap   total 138240K, used 79596K [0x0000000080000000, 0x0000000100000000)
  region size 1024K, 4 young (4096K), 4 survivors (4096K)
 Metaspace       used 90615K, committed 91200K, reserved 1130496K
  class space    used 12511K, committed 12800K, reserved 1048576K
}
Event: 15.008 GC heap before
{Heap before GC invocations=44 (full 0):
 garbage-first heap   total 138240K, used 81644K [0x0000000080000000, 0x0000000100000000)
  region size 1024K, 6 young (6144K), 4 survivors (4096K)
 Metaspace       used 90625K, committed 91200K, reserved 1130496K
  class space    used 12511K, committed 12800K, reserved 1048576K
}
Event: 15.012 GC heap after
{Heap after GC invocations=45 (full 0):
 garbage-first heap   total 165888K, used 79697K [0x0000000080000000, 0x0000000100000000)
  region size 1024K, 1 young (1024K), 1 survivors (1024K)
 Metaspace       used 90625K, committed 91200K, reserved 1130496K
  class space    used 12511K, committed 12800K, reserved 1048576K
}
Event: 15.620 GC heap before
{Heap before GC invocations=45 (full 0):
 garbage-first heap   total 165888K, used 131921K [0x0000000080000000, 0x0000000100000000)
  region size 1024K, 52 young (53248K), 1 survivors (1024K)
 Metaspace       used 92533K, committed 93248K, reserved 1130496K
  class space    used 12704K, committed 13056K, reserved 1048576K
}
Event: 15.626 GC heap after
{Heap after GC invocations=46 (full 0):
 garbage-first heap   total 165888K, used 83849K [0x0000000080000000, 0x0000000100000000)
  region size 1024K, 5 young (5120K), 5 survivors (5120K)
 Metaspace       used 92533K, committed 93248K, reserved 1130496K
  class space    used 12704K, committed 13056K, reserved 1048576K
}
Event: 16.129 GC heap before
{Heap before GC invocations=47 (full 0):
 garbage-first heap   total 165888K, used 130953K [0x0000000080000000, 0x0000000100000000)
  region size 1024K, 52 young (53248K), 5 survivors (5120K)
 Metaspace       used 94245K, committed 94912K, reserved 1138688K
  class space    used 12909K, committed 13248K, reserved 1048576K
}
Event: 16.135 GC heap after
{Heap after GC invocations=48 (full 0):
 garbage-first heap   total 165888K, used 87481K [0x0000000080000000, 0x0000000100000000)
  region size 1024K, 4 young (4096K), 4 survivors (4096K)
 Metaspace       used 94245K, committed 94912K, reserved 1138688K
  class space    used 12909K, committed 13248K, reserved 1048576K
}
Event: 16.166 GC heap before
{Heap before GC invocations=48 (full 0):
 garbage-first heap   total 165888K, used 91577K [0x0000000080000000, 0x0000000100000000)
  region size 1024K, 8 young (8192K), 4 survivors (4096K)
 Metaspace       used 94306K, committed 94976K, reserved 1138688K
  class space    used 12915K, committed 13248K, reserved 1048576K
}
Event: 16.169 GC heap after
{Heap after GC invocations=49 (full 0):
 garbage-first heap   total 165888K, used 88000K [0x0000000080000000, 0x0000000100000000)
  region size 1024K, 1 young (1024K), 1 survivors (1024K)
 Metaspace       used 94306K, committed 94976K, reserved 1138688K
  class space    used 12915K, committed 13248K, reserved 1048576K
}
Event: 16.675 GC heap before
{Heap before GC invocations=49 (full 0):
 garbage-first heap   total 165888K, used 145344K [0x0000000080000000, 0x0000000100000000)
  region size 1024K, 47 young (48128K), 1 survivors (1024K)
 Metaspace       used 96766K, committed 97408K, reserved 1138688K
  class space    used 13263K, committed 13568K, reserved 1048576K
}
Event: 16.680 GC heap after
{Heap after GC invocations=50 (full 0):
 garbage-first heap   total 165888K, used 106802K [0x0000000080000000, 0x0000000100000000)
  region size 1024K, 6 young (6144K), 6 survivors (6144K)
 Metaspace       used 96766K, committed 97408K, reserved 1138688K
  class space    used 13263K, committed 13568K, reserved 1048576K
}
Event: 16.777 GC heap before
{Heap before GC invocations=50 (full 0):
 garbage-first heap   total 165888K, used 132402K [0x0000000080000000, 0x0000000100000000)
  region size 1024K, 24 young (24576K), 6 survivors (6144K)
 Metaspace       used 97702K, committed 98368K, reserved 1138688K
  class space    used 13389K, committed 13696K, reserved 1048576K
}
Event: 16.782 GC heap after
{Heap after GC invocations=51 (full 0):
 garbage-first heap   total 165888K, used 116312K [0x0000000080000000, 0x0000000100000000)
  region size 1024K, 5 young (5120K), 5 survivors (5120K)
 Metaspace       used 97702K, committed 98368K, reserved 1138688K
  class space    used 13389K, committed 13696K, reserved 1048576K
}
Event: 16.931 GC heap before
{Heap before GC invocations=52 (full 0):
 garbage-first heap   total 247808K, used 156248K [0x0000000080000000, 0x0000000100000000)
  region size 1024K, 26 young (26624K), 5 survivors (5120K)
 Metaspace       used 98280K, committed 98944K, reserved 1138688K
  class space    used 13484K, committed 13824K, reserved 1048576K
}
Event: 16.936 GC heap after
{Heap after GC invocations=53 (full 0):
 garbage-first heap   total 247808K, used 128331K [0x0000000080000000, 0x0000000100000000)
  region size 1024K, 4 young (4096K), 4 survivors (4096K)
 Metaspace       used 98280K, committed 98944K, reserved 1138688K
  class space    used 13484K, committed 13824K, reserved 1048576K
}
Event: 16.966 GC heap before
{Heap before GC invocations=53 (full 0):
 garbage-first heap   total 247808K, used 136523K [0x0000000080000000, 0x0000000100000000)
  region size 1024K, 12 young (12288K), 4 survivors (4096K)
 Metaspace       used 98455K, committed 99136K, reserved 1138688K
  class space    used 13506K, committed 13824K, reserved 1048576K
}

