# JRE version: OpenJDK Runtime Environment (17.0.6) (build 17.0.6+0-b2043.56-10027231)
# Java VM: OpenJDK 64-Bit Server VM (17.0.6+0-b2043.56-10027231, mixed mode, tiered, compressed oops, compressed class ptrs, g1 gc, windows-amd64)
GC Precious Log:
 CPUs: 12 total, 12 available
 Memory: 16016M
 Large Page Support: Disabled
 NUMA Support: Disabled
 Compressed Oops: Enabled (32-bit)
 Heap Region Size: 1M
 Heap Min Capacity: 8M
 Heap Initial Capacity: 252M
 Heap Max Capacity: 2G
 Pre-touch: Disabled
 Parallel Workers: 10
 Concurrent Workers: 3
 Concurrent Refinement Workers: 10
 Periodic GC: Disabled
Heap:
 garbage-first heap   total 150528K, used 83368K [0x0000000080000000, 0x0000000100000000)
  region size 1024K, 1 young (1024K), 1 survivors (1024K)
 Metaspace       used 91246K, committed 91968K, reserved 1130496K
  class space    used 12508K, committed 12864K, reserved 1048576K
GC Heap History (20 events):
Event: 8.285 GC heap after
{Heap after GC invocations=30 (full 0):
 garbage-first heap   total 124928K, used 57326K [0x0000000080000000, 0x0000000100000000)
  region size 1024K, 5 young (5120K), 5 survivors (5120K)
 Metaspace       used 78596K, committed 79168K, reserved 1122304K
  class space    used 10661K, committed 10880K, reserved 1048576K
}
Event: 8.772 GC heap before
{Heap before GC invocations=30 (full 0):
 garbage-first heap   total 124928K, used 97262K [0x0000000080000000, 0x0000000100000000)
  region size 1024K, 44 young (45056K), 5 survivors (5120K)
 Metaspace       used 82505K, committed 83136K, reserved 1122304K
  class space    used 11251K, committed 11584K, reserved 1048576K
}
Event: 8.776 GC heap after
{Heap after GC invocations=31 (full 0):
 garbage-first heap   total 124928K, used 60515K [0x0000000080000000, 0x0000000100000000)
  region size 1024K, 6 young (6144K), 6 survivors (6144K)
 Metaspace       used 82505K, committed 83136K, reserved 1122304K
  class space    used 11251K, committed 11584K, reserved 1048576K
}
Event: 9.190 GC heap before
{Heap before GC invocations=31 (full 0):
 garbage-first heap   total 124928K, used 97379K [0x0000000080000000, 0x0000000100000000)
  region size 1024K, 42 young (43008K), 6 survivors (6144K)
 Metaspace       used 87007K, committed 87680K, reserved 1130496K
  class space    used 11900K, committed 12224K, reserved 1048576K
}
Event: 9.196 GC heap after
{Heap after GC invocations=32 (full 0):
 garbage-first heap   total 124928K, used 63592K [0x0000000080000000, 0x0000000100000000)
  region size 1024K, 6 young (6144K), 6 survivors (6144K)
 Metaspace       used 87007K, committed 87680K, reserved 1130496K
  class space    used 11900K, committed 12224K, reserved 1048576K
}
Event: 9.461 GC heap before
{Heap before GC invocations=33 (full 0):
 garbage-first heap   total 124928K, used 99432K [0x0000000080000000, 0x0000000100000000)
  region size 1024K, 41 young (41984K), 6 survivors (6144K)
 Metaspace       used 87813K, committed 88448K, reserved 1130496K
  class space    used 11994K, committed 12352K, reserved 1048576K
}
Event: 9.468 GC heap after
{Heap after GC invocations=34 (full 0):
 garbage-first heap   total 124928K, used 68767K [0x0000000080000000, 0x0000000100000000)
  region size 1024K, 6 young (6144K), 6 survivors (6144K)
 Metaspace       used 87813K, committed 88448K, reserved 1130496K
  class space    used 11994K, committed 12352K, reserved 1048576K
}
Event: 9.471 GC heap before
{Heap before GC invocations=34 (full 0):
 garbage-first heap   total 124928K, used 69791K [0x0000000080000000, 0x0000000100000000)
  region size 1024K, 7 young (7168K), 6 survivors (6144K)
 Metaspace       used 87817K, committed 88448K, reserved 1130496K
  class space    used 11995K, committed 12352K, reserved 1048576K
}
Event: 9.475 GC heap after
{Heap after GC invocations=35 (full 0):
 garbage-first heap   total 150528K, used 69667K [0x0000000080000000, 0x0000000100000000)
  region size 1024K, 1 young (1024K), 1 survivors (1024K)
 Metaspace       used 87817K, committed 88448K, reserved 1130496K
  class space    used 11995K, committed 12352K, reserved 1048576K
}
Event: 10.143 GC heap before
{Heap before GC invocations=35 (full 0):
 garbage-first heap   total 150528K, used 117795K [0x0000000080000000, 0x0000000100000000)
  region size 1024K, 49 young (50176K), 1 survivors (1024K)
 Metaspace       used 89991K, committed 90752K, reserved 1130496K
  class space    used 12425K, committed 12800K, reserved 1048576K
}
Event: 10.149 GC heap after
{Heap after GC invocations=36 (full 0):
 garbage-first heap   total 150528K, used 74598K [0x0000000080000000, 0x0000000100000000)
  region size 1024K, 6 young (6144K), 6 survivors (6144K)
 Metaspace       used 89991K, committed 90752K, reserved 1130496K
  class space    used 12425K, committed 12800K, reserved 1048576K
}
Event: 10.447 GC heap before
{Heap before GC invocations=37 (full 0):
 garbage-first heap   total 150528K, used 116582K [0x0000000080000000, 0x0000000100000000)
  region size 1024K, 48 young (49152K), 6 survivors (6144K)
 Metaspace       used 90398K, committed 91072K, reserved 1130496K
  class space    used 12461K, committed 12800K, reserved 1048576K
}
Event: 10.451 GC heap after
{Heap after GC invocations=38 (full 0):
 garbage-first heap   total 150528K, used 77444K [0x0000000080000000, 0x0000000100000000)
  region size 1024K, 3 young (3072K), 3 survivors (3072K)
 Metaspace       used 90398K, committed 91072K, reserved 1130496K
  class space    used 12461K, committed 12800K, reserved 1048576K
}
Event: 10.474 GC heap before
{Heap before GC invocations=38 (full 0):
 garbage-first heap   total 150528K, used 81540K [0x0000000080000000, 0x0000000100000000)
  region size 1024K, 7 young (7168K), 3 survivors (3072K)
 Metaspace       used 90415K, committed 91072K, reserved 1130496K
  class space    used 12461K, committed 12800K, reserved 1048576K
}
Event: 10.476 GC heap after
{Heap after GC invocations=39 (full 0):
 garbage-first heap   total 150528K, used 77651K [0x0000000080000000, 0x0000000100000000)
  region size 1024K, 1 young (1024K), 1 survivors (1024K)
 Metaspace       used 90415K, committed 91072K, reserved 1130496K
  class space    used 12461K, committed 12800K, reserved 1048576K
}
Event: 10.811 GC heap before
{Heap before GC invocations=39 (full 0):
 garbage-first heap   total 150528K, used 119635K [0x0000000080000000, 0x0000000100000000)
  region size 1024K, 43 young (44032K), 1 survivors (1024K)
 Metaspace       used 90964K, committed 91648K, reserved 1130496K
  class space    used 12509K, committed 12864K, reserved 1048576K
}
Event: 10.815 GC heap after
{Heap after GC invocations=40 (full 0):
 garbage-first heap   total 150528K, used 80446K [0x0000000080000000, 0x0000000100000000)
  region size 1024K, 4 young (4096K), 4 survivors (4096K)
 Metaspace       used 90964K, committed 91648K, reserved 1130496K
  class space    used 12509K, committed 12864K, reserved 1048576K
}
Event: 11.125 GC heap before
{Heap before GC invocations=41 (full 0):
 garbage-first heap   total 150528K, used 121406K [0x0000000080000000, 0x0000000100000000)
  region size 1024K, 45 young (46080K), 4 survivors (4096K)
 Metaspace       used 91220K, committed 91904K, reserved 1130496K
  class space    used 12508K, committed 12864K, reserved 1048576K
}
Event: 11.128 GC heap after
{Heap after GC invocations=42 (full 0):
 garbage-first heap   total 150528K, used 82850K [0x0000000080000000, 0x0000000100000000)
  region size 1024K, 3 young (3072K), 3 survivors (3072K)
 Metaspace       used 91220K, committed 91904K, reserved 1130496K
  class space    used 12508K, committed 12864K, reserved 1048576K
}
Event: 11.175 GC heap before
{Heap before GC invocations=42 (full 0):
 garbage-first heap   total 150528K, used 85922K [0x0000000080000000, 0x0000000100000000)
  region size 1024K, 7 young (7168K), 3 survivors (3072K)
 Metaspace       used 91246K, committed 91968K, reserved 1130496K
  class space    used 12508K, committed 12864K, reserved 1048576K
}

