# JRE version: OpenJDK Runtime Environment (17.0.6) (build 17.0.6+0-b2043.56-10027231)
# Java VM: OpenJDK 64-Bit Server VM (17.0.6+0-b2043.56-10027231, mixed mode, tiered, compressed oops, compressed class ptrs, g1 gc, windows-amd64)
GC Precious Log:
 CPUs: 12 total, 12 available
 Memory: 16016M
 Large Page Support: Disabled
 NUMA Support: Disabled
 Compressed Oops: Enabled (32-bit)
 Heap Region Size: 1M
 Heap Min Capacity: 8M
 Heap Initial Capacity: 252M
 Heap Max Capacity: 2G
 Pre-touch: Disabled
 Parallel Workers: 10
 Concurrent Workers: 3
 Concurrent Refinement Workers: 10
 Periodic GC: Disabled
Heap:
 garbage-first heap   total 258048K, used 88199K [0x0000000080000000, 0x0000000100000000)
  region size 1024K, 6 young (6144K), 6 survivors (6144K)
 Metaspace       used 69721K, committed 70336K, reserved 1114112K
  class space    used 9314K, committed 9600K, reserved 1048576K
GC Heap History (20 events):
Event: 11.264 GC heap after
{Heap after GC invocations=16 (full 0):
 garbage-first heap   total 122880K, used 68547K [0x0000000080000000, 0x0000000100000000)
  region size 1024K, 4 young (4096K), 4 survivors (4096K)
 Metaspace       used 49746K, committed 50304K, reserved 1097728K
  class space    used 6517K, committed 6720K, reserved 1048576K
}
Event: 11.331 GC heap before
{Heap before GC invocations=16 (full 0):
 garbage-first heap   total 122880K, used 70595K [0x0000000080000000, 0x0000000100000000)
  region size 1024K, 6 young (6144K), 4 survivors (4096K)
 Metaspace       used 49898K, committed 50432K, reserved 1097728K
  class space    used 6540K, committed 6784K, reserved 1048576K
}
Event: 11.337 GC heap after
{Heap after GC invocations=17 (full 0):
 garbage-first heap   total 122880K, used 68831K [0x0000000080000000, 0x0000000100000000)
  region size 1024K, 1 young (1024K), 1 survivors (1024K)
 Metaspace       used 49898K, committed 50432K, reserved 1097728K
  class space    used 6540K, committed 6784K, reserved 1048576K
}
Event: 12.188 GC heap before
{Heap before GC invocations=17 (full 0):
 garbage-first heap   total 122880K, used 98527K [0x0000000080000000, 0x0000000100000000)
  region size 1024K, 31 young (31744K), 1 survivors (1024K)
 Metaspace       used 53588K, committed 54208K, reserved 1097728K
  class space    used 7203K, committed 7488K, reserved 1048576K
}
Event: 12.192 GC heap after
{Heap after GC invocations=18 (full 0):
 garbage-first heap   total 122880K, used 70641K [0x0000000080000000, 0x0000000100000000)
  region size 1024K, 3 young (3072K), 3 survivors (3072K)
 Metaspace       used 53588K, committed 54208K, reserved 1097728K
  class space    used 7203K, committed 7488K, reserved 1048576K
}
Event: 13.284 GC heap before
{Heap before GC invocations=19 (full 0):
 garbage-first heap   total 122880K, used 100337K [0x0000000080000000, 0x0000000100000000)
  region size 1024K, 32 young (32768K), 3 survivors (3072K)
 Metaspace       used 55993K, committed 56640K, reserved 1105920K
  class space    used 7540K, committed 7808K, reserved 1048576K
}
Event: 13.291 GC heap after
{Heap after GC invocations=20 (full 0):
 garbage-first heap   total 161792K, used 72852K [0x0000000080000000, 0x0000000100000000)
  region size 1024K, 4 young (4096K), 4 survivors (4096K)
 Metaspace       used 55993K, committed 56640K, reserved 1105920K
  class space    used 7540K, committed 7808K, reserved 1048576K
}
Event: 13.341 GC heap before
{Heap before GC invocations=20 (full 0):
 garbage-first heap   total 161792K, used 74900K [0x0000000080000000, 0x0000000100000000)
  region size 1024K, 7 young (7168K), 4 survivors (4096K)
 Metaspace       used 56023K, committed 56640K, reserved 1105920K
  class space    used 7540K, committed 7808K, reserved 1048576K
}
Event: 13.350 GC heap after
{Heap after GC invocations=21 (full 0):
 garbage-first heap   total 161792K, used 72939K [0x0000000080000000, 0x0000000100000000)
  region size 1024K, 1 young (1024K), 1 survivors (1024K)
 Metaspace       used 56023K, committed 56640K, reserved 1105920K
  class space    used 7540K, committed 7808K, reserved 1048576K
}
Event: 13.858 GC heap before
{Heap before GC invocations=21 (full 0):
 garbage-first heap   total 161792K, used 84203K [0x0000000080000000, 0x0000000100000000)
  region size 1024K, 14 young (14336K), 1 survivors (1024K)
 Metaspace       used 56307K, committed 57024K, reserved 1105920K
  class space    used 7563K, committed 7872K, reserved 1048576K
}
Event: 13.861 GC heap after
{Heap after GC invocations=22 (full 0):
 garbage-first heap   total 161792K, used 73338K [0x0000000080000000, 0x0000000100000000)
  region size 1024K, 2 young (2048K), 2 survivors (2048K)
 Metaspace       used 56307K, committed 57024K, reserved 1105920K
  class space    used 7563K, committed 7872K, reserved 1048576K
}
Event: 13.903 GC heap before
{Heap before GC invocations=22 (full 0):
 garbage-first heap   total 161792K, used 74362K [0x0000000080000000, 0x0000000100000000)
  region size 1024K, 3 young (3072K), 2 survivors (2048K)
 Metaspace       used 56311K, committed 57024K, reserved 1105920K
  class space    used 7564K, committed 7872K, reserved 1048576K
}
Event: 13.906 GC heap after
{Heap after GC invocations=23 (full 0):
 garbage-first heap   total 161792K, used 74571K [0x0000000080000000, 0x0000000100000000)
  region size 1024K, 2 young (2048K), 2 survivors (2048K)
 Metaspace       used 56311K, committed 57024K, reserved 1105920K
  class space    used 7564K, committed 7872K, reserved 1048576K
}
Event: 15.428 GC heap before
{Heap before GC invocations=24 (full 0):
 garbage-first heap   total 161792K, used 126795K [0x0000000080000000, 0x0000000100000000)
  region size 1024K, 51 young (52224K), 2 survivors (2048K)
 Metaspace       used 62508K, committed 63232K, reserved 1105920K
  class space    used 8339K, committed 8640K, reserved 1048576K
}
Event: 15.433 GC heap after
{Heap after GC invocations=25 (full 0):
 garbage-first heap   total 161792K, used 82514K [0x0000000080000000, 0x0000000100000000)
  region size 1024K, 7 young (7168K), 7 survivors (7168K)
 Metaspace       used 62508K, committed 63232K, reserved 1105920K
  class space    used 8339K, committed 8640K, reserved 1048576K
}
Event: 15.462 GC heap before
{Heap before GC invocations=25 (full 0):
 garbage-first heap   total 161792K, used 83538K [0x0000000080000000, 0x0000000100000000)
  region size 1024K, 8 young (8192K), 7 survivors (7168K)
 Metaspace       used 62673K, committed 63360K, reserved 1105920K
  class space    used 8364K, committed 8640K, reserved 1048576K
}
Event: 15.470 GC heap after
{Heap after GC invocations=26 (full 0):
 garbage-first heap   total 161792K, used 82945K [0x0000000080000000, 0x0000000100000000)
  region size 1024K, 1 young (1024K), 1 survivors (1024K)
 Metaspace       used 62673K, committed 63360K, reserved 1105920K
  class space    used 8364K, committed 8640K, reserved 1048576K
}
Event: 16.188 GC heap before
{Heap before GC invocations=26 (full 0):
 garbage-first heap   total 161792K, used 101377K [0x0000000080000000, 0x0000000100000000)
  region size 1024K, 20 young (20480K), 1 survivors (1024K)
 Metaspace       used 66570K, committed 67328K, reserved 1114112K
  class space    used 8891K, committed 9216K, reserved 1048576K
}
Event: 16.192 GC heap after
{Heap after GC invocations=27 (full 0):
 garbage-first heap   total 161792K, used 84702K [0x0000000080000000, 0x0000000100000000)
  region size 1024K, 3 young (3072K), 3 survivors (3072K)
 Metaspace       used 66570K, committed 67328K, reserved 1114112K
  class space    used 8891K, committed 9216K, reserved 1048576K
}
Event: 17.085 GC heap before
{Heap before GC invocations=28 (full 0):
 garbage-first heap   total 165888K, used 134878K [0x0000000080000000, 0x0000000100000000)
  region size 1024K, 46 young (47104K), 3 survivors (3072K)
 Metaspace       used 69721K, committed 70336K, reserved 1114112K
  class space    used 9314K, committed 9600K, reserved 1048576K
}

