# JRE version: OpenJDK Runtime Environment (17.0.6) (build 17.0.6+0-b2043.56-10027231)
# Java VM: OpenJDK 64-Bit Server VM (17.0.6+0-b2043.56-10027231, mixed mode, tiered, compressed oops, compressed class ptrs, g1 gc, windows-amd64)
GC Precious Log:
 CPUs: 12 total, 12 available
 Memory: 16016M
 Large Page Support: Disabled
 NUMA Support: Disabled
 Compressed Oops: Enabled (32-bit)
 Heap Region Size: 1M
 Heap Min Capacity: 8M
 Heap Initial Capacity: 252M
 Heap Max Capacity: 2G
 Pre-touch: Disabled
 Parallel Workers: 10
 Concurrent Workers: 3
 Concurrent Refinement Workers: 10
 Periodic GC: Disabled
Heap:
 garbage-first heap   total 151552K, used 115888K [0x0000000080000000, 0x0000000100000000)
  region size 1024K, 34 young (34816K), 1 survivors (1024K)
 Metaspace       used 92216K, committed 92928K, reserved 1130496K
  class space    used 12616K, committed 12928K, reserved 1048576K
GC Heap History (20 events):
Event: 7.984 GC heap before
{Heap before GC invocations=24 (full 0):
 garbage-first heap   total 125952K, used 90994K [0x0000000080000000, 0x0000000100000000)
  region size 1024K, 43 young (44032K), 5 survivors (5120K)
 Metaspace       used 72666K, committed 73216K, reserved 1114112K
  class space    used 9650K, committed 9856K, reserved 1048576K
}
Event: 7.989 GC heap after
{Heap after GC invocations=25 (full 0):
 garbage-first heap   total 125952K, used 54688K [0x0000000080000000, 0x0000000100000000)
  region size 1024K, 5 young (5120K), 5 survivors (5120K)
 Metaspace       used 72666K, committed 73216K, reserved 1114112K
  class space    used 9650K, committed 9856K, reserved 1048576K
}
Event: 8.467 GC heap before
{Heap before GC invocations=25 (full 0):
 garbage-first heap   total 125952K, used 95648K [0x0000000080000000, 0x0000000100000000)
  region size 1024K, 44 young (45056K), 5 survivors (5120K)
 Metaspace       used 77458K, committed 78080K, reserved 1122304K
  class space    used 10504K, committed 10816K, reserved 1048576K
}
Event: 8.471 GC heap after
{Heap after GC invocations=26 (full 0):
 garbage-first heap   total 125952K, used 57018K [0x0000000080000000, 0x0000000100000000)
  region size 1024K, 5 young (5120K), 5 survivors (5120K)
 Metaspace       used 77458K, committed 78080K, reserved 1122304K
  class space    used 10504K, committed 10816K, reserved 1048576K
}
Event: 9.000 GC heap before
{Heap before GC invocations=26 (full 0):
 garbage-first heap   total 125952K, used 96954K [0x0000000080000000, 0x0000000100000000)
  region size 1024K, 44 young (45056K), 5 survivors (5120K)
 Metaspace       used 81530K, committed 82176K, reserved 1122304K
  class space    used 11093K, committed 11392K, reserved 1048576K
}
Event: 9.006 GC heap after
{Heap after GC invocations=27 (full 0):
 garbage-first heap   total 125952K, used 60155K [0x0000000080000000, 0x0000000100000000)
  region size 1024K, 6 young (6144K), 6 survivors (6144K)
 Metaspace       used 81530K, committed 82176K, reserved 1122304K
  class space    used 11093K, committed 11392K, reserved 1048576K
}
Event: 9.425 GC heap before
{Heap before GC invocations=27 (full 0):
 garbage-first heap   total 125952K, used 97019K [0x0000000080000000, 0x0000000100000000)
  region size 1024K, 42 young (43008K), 6 survivors (6144K)
 Metaspace       used 86441K, committed 87040K, reserved 1130496K
  class space    used 11812K, committed 12096K, reserved 1048576K
}
Event: 9.430 GC heap after
{Heap after GC invocations=28 (full 0):
 garbage-first heap   total 125952K, used 62663K [0x0000000080000000, 0x0000000100000000)
  region size 1024K, 6 young (6144K), 6 survivors (6144K)
 Metaspace       used 86441K, committed 87040K, reserved 1130496K
  class space    used 11812K, committed 12096K, reserved 1048576K
}
Event: 9.756 GC heap before
{Heap before GC invocations=28 (full 0):
 garbage-first heap   total 125952K, used 99527K [0x0000000080000000, 0x0000000100000000)
  region size 1024K, 42 young (43008K), 6 survivors (6144K)
 Metaspace       used 87895K, committed 88576K, reserved 1130496K
  class space    used 12003K, committed 12352K, reserved 1048576K
}
Event: 9.762 GC heap after
{Heap after GC invocations=29 (full 0):
 garbage-first heap   total 151552K, used 67088K [0x0000000080000000, 0x0000000100000000)
  region size 1024K, 6 young (6144K), 6 survivors (6144K)
 Metaspace       used 87895K, committed 88576K, reserved 1130496K
  class space    used 12003K, committed 12352K, reserved 1048576K
}
Event: 10.499 GC heap before
{Heap before GC invocations=30 (full 0):
 garbage-first heap   total 151552K, used 120336K [0x0000000080000000, 0x0000000100000000)
  region size 1024K, 58 young (59392K), 6 survivors (6144K)
 Metaspace       used 89914K, committed 90624K, reserved 1130496K
  class space    used 12389K, committed 12736K, reserved 1048576K
}
Event: 10.507 GC heap after
{Heap after GC invocations=31 (full 0):
 garbage-first heap   total 151552K, used 74406K [0x0000000080000000, 0x0000000100000000)
  region size 1024K, 8 young (8192K), 8 survivors (8192K)
 Metaspace       used 89914K, committed 90624K, reserved 1130496K
  class space    used 12389K, committed 12736K, reserved 1048576K
}
Event: 10.864 GC heap before
{Heap before GC invocations=31 (full 0):
 garbage-first heap   total 151552K, used 117414K [0x0000000080000000, 0x0000000100000000)
  region size 1024K, 51 young (52224K), 8 survivors (8192K)
 Metaspace       used 90326K, committed 90944K, reserved 1130496K
  class space    used 12423K, committed 12736K, reserved 1048576K
}
Event: 10.870 GC heap after
{Heap after GC invocations=32 (full 0):
 garbage-first heap   total 151552K, used 77295K [0x0000000080000000, 0x0000000100000000)
  region size 1024K, 3 young (3072K), 3 survivors (3072K)
 Metaspace       used 90326K, committed 90944K, reserved 1130496K
  class space    used 12423K, committed 12736K, reserved 1048576K
}
Event: 11.286 GC heap before
{Heap before GC invocations=32 (full 0):
 garbage-first heap   total 151552K, used 119279K [0x0000000080000000, 0x0000000100000000)
  region size 1024K, 45 young (46080K), 3 survivors (3072K)
 Metaspace       used 90941K, committed 91648K, reserved 1130496K
  class space    used 12473K, committed 12800K, reserved 1048576K
}
Event: 11.291 GC heap after
{Heap after GC invocations=33 (full 0):
 garbage-first heap   total 151552K, used 80943K [0x0000000080000000, 0x0000000100000000)
  region size 1024K, 6 young (6144K), 6 survivors (6144K)
 Metaspace       used 90941K, committed 91648K, reserved 1130496K
  class space    used 12473K, committed 12800K, reserved 1048576K
}
Event: 11.675 GC heap before
{Heap before GC invocations=34 (full 0):
 garbage-first heap   total 151552K, used 121903K [0x0000000080000000, 0x0000000100000000)
  region size 1024K, 47 young (48128K), 6 survivors (6144K)
 Metaspace       used 91176K, committed 91840K, reserved 1130496K
  class space    used 12476K, committed 12800K, reserved 1048576K
}
Event: 11.679 GC heap after
{Heap after GC invocations=35 (full 0):
 garbage-first heap   total 151552K, used 83624K [0x0000000080000000, 0x0000000100000000)
  region size 1024K, 3 young (3072K), 3 survivors (3072K)
 Metaspace       used 91176K, committed 91840K, reserved 1130496K
  class space    used 12476K, committed 12800K, reserved 1048576K
}
Event: 11.708 GC heap before
{Heap before GC invocations=35 (full 0):
 garbage-first heap   total 151552K, used 86696K [0x0000000080000000, 0x0000000100000000)
  region size 1024K, 7 young (7168K), 3 survivors (3072K)
 Metaspace       used 91182K, committed 91840K, reserved 1130496K
  class space    used 12476K, committed 12800K, reserved 1048576K
}
Event: 11.710 GC heap after
{Heap after GC invocations=36 (full 0):
 garbage-first heap   total 151552K, used 84144K [0x0000000080000000, 0x0000000100000000)
  region size 1024K, 1 young (1024K), 1 survivors (1024K)
 Metaspace       used 91182K, committed 91840K, reserved 1130496K
  class space    used 12476K, committed 12800K, reserved 1048576K
}

